{"/Users/vadim/Projects/pivot/build/common/models/colors/colors.mocha.js":{"path":"/Users/vadim/Projects/pivot/build/common/models/colors/colors.mocha.js","s":{"1":1,"2":1,"3":1,"4":1,"5":1,"6":1,"7":1,"8":1,"9":1,"10":1,"11":1,"12":1,"13":1,"14":1,"15":1,"16":1,"17":1,"18":1,"19":1,"20":1,"21":1,"22":1,"23":1,"24":1,"25":1,"26":1,"27":1,"28":1,"29":1,"30":1,"31":1,"32":1,"33":1,"34":1},"b":{},"f":{"1":1,"2":1,"3":1,"4":1,"5":1,"6":1,"7":1,"8":1,"9":1,"10":1},"fnMap":{"1":{"name":"(anonymous_1)","line":5,"loc":{"start":{"line":5,"column":19},"end":{"line":5,"column":31}}},"2":{"name":"(anonymous_2)","line":6,"loc":{"start":{"line":6,"column":32},"end":{"line":6,"column":44}}},"3":{"name":"(anonymous_3)","line":40,"loc":{"start":{"line":40,"column":24},"end":{"line":40,"column":36}}},"4":{"name":"(anonymous_4)","line":41,"loc":{"start":{"line":41,"column":31},"end":{"line":41,"column":43}}},"5":{"name":"(anonymous_5)","line":42,"loc":{"start":{"line":42,"column":38},"end":{"line":42,"column":50}}},"6":{"name":"(anonymous_6)","line":50,"loc":{"start":{"line":50,"column":32},"end":{"line":50,"column":44}}},"7":{"name":"(anonymous_7)","line":51,"loc":{"start":{"line":51,"column":38},"end":{"line":51,"column":50}}},"8":{"name":"(anonymous_8)","line":107,"loc":{"start":{"line":107,"column":27},"end":{"line":107,"column":39}}},"9":{"name":"(anonymous_9)","line":108,"loc":{"start":{"line":108,"column":46},"end":{"line":108,"column":58}}},"10":{"name":"(anonymous_10)","line":112,"loc":{"start":{"line":112,"column":44},"end":{"line":112,"column":56}}}},"statementMap":{"1":{"start":{"line":2,"column":0},"end":{"line":2,"column":29}},"2":{"start":{"line":3,"column":0},"end":{"line":3,"column":55}},"3":{"start":{"line":4,"column":0},"end":{"line":4,"column":35}},"4":{"start":{"line":5,"column":0},"end":{"line":117,"column":3}},"5":{"start":{"line":6,"column":4},"end":{"line":39,"column":7}},"6":{"start":{"line":7,"column":8},"end":{"line":38,"column":11}},"7":{"start":{"line":40,"column":4},"end":{"line":106,"column":7}},"8":{"start":{"line":41,"column":8},"end":{"line":49,"column":11}},"9":{"start":{"line":42,"column":12},"end":{"line":48,"column":15}},"10":{"start":{"line":43,"column":16},"end":{"line":43,"column":69}},"11":{"start":{"line":44,"column":16},"end":{"line":47,"column":19}},"12":{"start":{"line":50,"column":8},"end":{"line":105,"column":11}},"13":{"start":{"line":51,"column":12},"end":{"line":104,"column":15}},"14":{"start":{"line":52,"column":16},"end":{"line":52,"column":114}},"15":{"start":{"line":53,"column":16},"end":{"line":62,"column":19}},"16":{"start":{"line":63,"column":16},"end":{"line":63,"column":75}},"17":{"start":{"line":64,"column":16},"end":{"line":64,"column":83}},"18":{"start":{"line":65,"column":16},"end":{"line":65,"column":52}},"19":{"start":{"line":66,"column":16},"end":{"line":66,"column":73}},"20":{"start":{"line":67,"column":16},"end":{"line":77,"column":19}},"21":{"start":{"line":78,"column":16},"end":{"line":78,"column":45}},"22":{"start":{"line":79,"column":16},"end":{"line":88,"column":19}},"23":{"start":{"line":89,"column":16},"end":{"line":89,"column":49}},"24":{"start":{"line":90,"column":16},"end":{"line":100,"column":19}},"25":{"start":{"line":101,"column":16},"end":{"line":101,"column":63}},"26":{"start":{"line":102,"column":16},"end":{"line":102,"column":76}},"27":{"start":{"line":103,"column":16},"end":{"line":103,"column":76}},"28":{"start":{"line":107,"column":4},"end":{"line":116,"column":7}},"29":{"start":{"line":108,"column":8},"end":{"line":111,"column":11}},"30":{"start":{"line":109,"column":12},"end":{"line":109,"column":110}},"31":{"start":{"line":110,"column":12},"end":{"line":110,"column":109}},"32":{"start":{"line":112,"column":8},"end":{"line":115,"column":11}},"33":{"start":{"line":113,"column":12},"end":{"line":113,"column":119}},"34":{"start":{"line":114,"column":12},"end":{"line":114,"column":104}}},"branchMap":{}},"/Users/vadim/Projects/pivot/build/common/models/colors/colors.js":{"path":"/Users/vadim/Projects/pivot/build/common/models/colors/colors.js","s":{"1":1,"2":1,"3":1,"4":1,"5":1,"6":1,"7":40,"8":40,"9":400,"10":286,"11":114,"12":40,"13":1,"14":181,"15":145,"16":36,"17":5,"18":31,"19":0,"20":31,"21":0,"22":31,"23":1,"24":44,"25":6,"26":38,"27":9,"28":29,"29":0,"30":29,"31":0,"32":29,"33":155,"34":155,"35":155,"36":16,"37":139,"38":1,"39":12,"40":1,"41":4,"42":4,"43":40,"44":22,"45":18,"46":4,"47":1,"48":1,"49":1,"50":65,"51":65,"52":0,"53":65,"54":65,"55":65,"56":65,"57":0,"58":1,"59":82,"60":1,"61":1,"62":1,"63":3,"64":3,"65":3,"66":3,"67":3,"68":3,"69":15,"70":15,"71":2,"72":13,"73":13,"74":15,"75":3,"76":1,"77":50,"78":50,"79":50,"80":45,"81":45,"82":45,"83":450,"84":328,"85":122,"86":122,"87":0,"88":122,"89":45,"90":45,"91":50,"92":1,"93":11,"94":1,"95":47,"96":47,"97":40,"98":47,"99":16,"100":47,"101":7,"102":47,"103":1,"104":7,"105":1,"106":7,"107":1,"108":72,"109":1,"110":0,"111":0,"112":0,"113":0,"114":1,"115":0,"116":0,"117":0,"118":0,"119":0,"120":0,"121":0,"122":0,"123":0,"124":0,"125":0,"126":1,"127":0,"128":0,"129":0,"130":1,"131":0,"132":0,"133":0,"134":0,"135":0,"136":0,"137":1,"138":0,"139":1,"140":0,"141":1,"142":13,"143":13,"144":0,"145":13,"146":76,"147":34,"148":42,"149":7,"150":6,"151":1,"152":2,"153":2,"154":0,"155":2,"156":7,"157":5,"158":2,"159":0,"160":1,"161":7,"162":1,"163":6,"164":1,"165":2,"166":0,"167":2,"168":2,"169":0,"170":2,"171":2,"172":0,"173":2,"174":2,"175":2,"176":2,"177":1,"178":2,"179":0,"180":2,"181":2,"182":0,"183":2,"184":2,"185":0,"186":2,"187":2,"188":2,"189":2,"190":1,"191":2,"192":2,"193":2,"194":2,"195":6,"196":1,"197":5,"198":5,"199":0,"200":0,"201":0,"202":0,"203":0,"204":0,"205":0,"206":0,"207":0,"208":0,"209":0,"210":1,"211":1,"212":1},"b":{"1":[286,114],"2":[145,36],"3":[5,31],"4":[0,31],"5":[31,0],"6":[0,31],"7":[6,38],"8":[9,29],"9":[0,29],"10":[0,29],"11":[16,139],"12":[1,138],"13":[22,18],"14":[0,65],"15":[0,65],"16":[65,7],"17":[2,13],"18":[45,5],"19":[328,122],"20":[0,122],"21":[40,7],"22":[16,31],"23":[7,40],"24":[72,44,21,21],"25":[0,0],"26":[0,0],"27":[0,0],"28":[0,0],"29":[0,0],"30":[0,0],"31":[0,0],"32":[0,0],"33":[0,13],"34":[34,42],"35":[7,35],"36":[0,2],"37":[5,2],"38":[1,6],"39":[0,2],"40":[0,2],"41":[0,2],"42":[2,0],"43":[0,2],"44":[0,2],"45":[0,2],"46":[2,0],"47":[1,5],"48":[6,2],"49":[3,2],"50":[0,0],"51":[0,0]},"f":{"1":40,"2":181,"3":44,"4":4,"5":1,"6":65,"7":82,"8":1,"9":3,"10":50,"11":11,"12":47,"13":7,"14":7,"15":72,"16":0,"17":0,"18":0,"19":0,"20":0,"21":0,"22":13,"23":2,"24":7,"25":2,"26":2,"27":2,"28":6},"fnMap":{"1":{"name":"valuesToJS","line":19,"loc":{"start":{"line":19,"column":0},"end":{"line":19,"column":28}}},"2":{"name":"valueEquals","line":28,"loc":{"start":{"line":28,"column":0},"end":{"line":28,"column":29}}},"3":{"name":"valuesEqual","line":39,"loc":{"start":{"line":39,"column":0},"end":{"line":39,"column":39}}},"4":{"name":"cloneValues","line":58,"loc":{"start":{"line":58,"column":0},"end":{"line":58,"column":29}}},"5":{"name":"(anonymous_5)","line":68,"loc":{"start":{"line":68,"column":14},"end":{"line":68,"column":26}}},"6":{"name":"Colors","line":69,"loc":{"start":{"line":69,"column":4},"end":{"line":69,"column":32}}},"7":{"name":"(anonymous_7)","line":79,"loc":{"start":{"line":79,"column":22},"end":{"line":79,"column":43}}},"8":{"name":"(anonymous_8)","line":82,"loc":{"start":{"line":82,"column":23},"end":{"line":82,"column":51}}},"9":{"name":"(anonymous_9)","line":85,"loc":{"start":{"line":85,"column":24},"end":{"line":85,"column":53}}},"10":{"name":"(anonymous_10)","line":108,"loc":{"start":{"line":108,"column":20},"end":{"line":108,"column":42}}},"11":{"name":"(anonymous_11)","line":133,"loc":{"start":{"line":133,"column":31},"end":{"line":133,"column":43}}},"12":{"name":"(anonymous_12)","line":141,"loc":{"start":{"line":141,"column":28},"end":{"line":141,"column":40}}},"13":{"name":"(anonymous_13)","line":153,"loc":{"start":{"line":153,"column":30},"end":{"line":153,"column":42}}},"14":{"name":"(anonymous_14)","line":156,"loc":{"start":{"line":156,"column":32},"end":{"line":156,"column":44}}},"15":{"name":"(anonymous_15)","line":159,"loc":{"start":{"line":159,"column":30},"end":{"line":159,"column":47}}},"16":{"name":"(anonymous_16)","line":165,"loc":{"start":{"line":165,"column":33},"end":{"line":165,"column":45}}},"17":{"name":"(anonymous_17)","line":172,"loc":{"start":{"line":172,"column":31},"end":{"line":172,"column":43}}},"18":{"name":"(anonymous_18)","line":186,"loc":{"start":{"line":186,"column":29},"end":{"line":186,"column":41}}},"19":{"name":"(anonymous_19)","line":191,"loc":{"start":{"line":191,"column":38},"end":{"line":191,"column":61}}},"20":{"name":"(anonymous_20)","line":201,"loc":{"start":{"line":201,"column":37},"end":{"line":201,"column":49}}},"21":{"name":"(anonymous_21)","line":206,"loc":{"start":{"line":206,"column":30},"end":{"line":206,"column":43}}},"22":{"name":"(anonymous_22)","line":209,"loc":{"start":{"line":209,"column":34},"end":{"line":209,"column":47}}},"23":{"name":"(anonymous_23)","line":221,"loc":{"start":{"line":221,"column":33},"end":{"line":221,"column":45}}},"24":{"name":"(anonymous_24)","line":232,"loc":{"start":{"line":232,"column":27},"end":{"line":232,"column":40}}},"25":{"name":"(anonymous_25)","line":237,"loc":{"start":{"line":237,"column":27},"end":{"line":237,"column":40}}},"26":{"name":"(anonymous_26)","line":254,"loc":{"start":{"line":254,"column":30},"end":{"line":254,"column":43}}},"27":{"name":"(anonymous_27)","line":271,"loc":{"start":{"line":271,"column":33},"end":{"line":271,"column":58}}},"28":{"name":"(anonymous_28)","line":275,"loc":{"start":{"line":275,"column":37},"end":{"line":275,"column":54}}}},"statementMap":{"1":{"start":{"line":2,"column":0},"end":{"line":2,"column":51}},"2":{"start":{"line":3,"column":0},"end":{"line":3,"column":35}},"3":{"start":{"line":4,"column":0},"end":{"line":4,"column":65}},"4":{"start":{"line":5,"column":0},"end":{"line":5,"column":27}},"5":{"start":{"line":7,"column":0},"end":{"line":18,"column":2}},"6":{"start":{"line":19,"column":0},"end":{"line":27,"column":1}},"7":{"start":{"line":20,"column":4},"end":{"line":20,"column":22}},"8":{"start":{"line":21,"column":4},"end":{"line":25,"column":5}},"9":{"start":{"line":22,"column":8},"end":{"line":23,"column":21}},"10":{"start":{"line":23,"column":12},"end":{"line":23,"column":21}},"11":{"start":{"line":24,"column":8},"end":{"line":24,"column":53}},"12":{"start":{"line":26,"column":4},"end":{"line":26,"column":20}},"13":{"start":{"line":28,"column":0},"end":{"line":38,"column":1}},"14":{"start":{"line":29,"column":4},"end":{"line":30,"column":20}},"15":{"start":{"line":30,"column":8},"end":{"line":30,"column":20}},"16":{"start":{"line":31,"column":4},"end":{"line":32,"column":21}},"17":{"start":{"line":32,"column":8},"end":{"line":32,"column":21}},"18":{"start":{"line":33,"column":4},"end":{"line":34,"column":45}},"19":{"start":{"line":34,"column":8},"end":{"line":34,"column":45}},"20":{"start":{"line":35,"column":4},"end":{"line":36,"column":29}},"21":{"start":{"line":36,"column":8},"end":{"line":36,"column":29}},"22":{"start":{"line":37,"column":4},"end":{"line":37,"column":17}},"23":{"start":{"line":39,"column":0},"end":{"line":57,"column":1}},"24":{"start":{"line":40,"column":4},"end":{"line":41,"column":21}},"25":{"start":{"line":41,"column":8},"end":{"line":41,"column":21}},"26":{"start":{"line":42,"column":4},"end":{"line":43,"column":20}},"27":{"start":{"line":43,"column":8},"end":{"line":43,"column":20}},"28":{"start":{"line":44,"column":4},"end":{"line":45,"column":21}},"29":{"start":{"line":45,"column":8},"end":{"line":45,"column":21}},"30":{"start":{"line":46,"column":4},"end":{"line":47,"column":21}},"31":{"start":{"line":47,"column":8},"end":{"line":47,"column":21}},"32":{"start":{"line":48,"column":4},"end":{"line":55,"column":5}},"33":{"start":{"line":49,"column":8},"end":{"line":49,"column":28}},"34":{"start":{"line":50,"column":8},"end":{"line":50,"column":28}},"35":{"start":{"line":51,"column":8},"end":{"line":52,"column":25}},"36":{"start":{"line":52,"column":12},"end":{"line":52,"column":25}},"37":{"start":{"line":53,"column":8},"end":{"line":54,"column":25}},"38":{"start":{"line":54,"column":12},"end":{"line":54,"column":25}},"39":{"start":{"line":56,"column":4},"end":{"line":56,"column":16}},"40":{"start":{"line":58,"column":0},"end":{"line":66,"column":1}},"41":{"start":{"line":59,"column":4},"end":{"line":59,"column":23}},"42":{"start":{"line":60,"column":4},"end":{"line":64,"column":5}},"43":{"start":{"line":61,"column":8},"end":{"line":62,"column":21}},"44":{"start":{"line":62,"column":12},"end":{"line":62,"column":21}},"45":{"start":{"line":63,"column":8},"end":{"line":63,"column":33}},"46":{"start":{"line":65,"column":4},"end":{"line":65,"column":21}},"47":{"start":{"line":67,"column":0},"end":{"line":67,"column":10}},"48":{"start":{"line":68,"column":0},"end":{"line":304,"column":5}},"49":{"start":{"line":69,"column":4},"end":{"line":78,"column":5}},"50":{"start":{"line":70,"column":8},"end":{"line":70,"column":46}},"51":{"start":{"line":71,"column":8},"end":{"line":72,"column":53}},"52":{"start":{"line":72,"column":12},"end":{"line":72,"column":53}},"53":{"start":{"line":73,"column":8},"end":{"line":73,"column":40}},"54":{"start":{"line":74,"column":8},"end":{"line":74,"column":42}},"55":{"start":{"line":75,"column":8},"end":{"line":75,"column":38}},"56":{"start":{"line":76,"column":8},"end":{"line":77,"column":57}},"57":{"start":{"line":77,"column":12},"end":{"line":77,"column":57}},"58":{"start":{"line":79,"column":4},"end":{"line":81,"column":6}},"59":{"start":{"line":80,"column":8},"end":{"line":80,"column":65}},"60":{"start":{"line":82,"column":4},"end":{"line":84,"column":6}},"61":{"start":{"line":83,"column":8},"end":{"line":83,"column":66}},"62":{"start":{"line":85,"column":4},"end":{"line":107,"column":6}},"63":{"start":{"line":86,"column":8},"end":{"line":86,"column":29}},"64":{"start":{"line":87,"column":8},"end":{"line":87,"column":28}},"65":{"start":{"line":88,"column":8},"end":{"line":88,"column":66}},"66":{"start":{"line":89,"column":8},"end":{"line":89,"column":18}},"67":{"start":{"line":90,"column":8},"end":{"line":90,"column":18}},"68":{"start":{"line":91,"column":8},"end":{"line":101,"column":9}},"69":{"start":{"line":92,"column":12},"end":{"line":92,"column":30}},"70":{"start":{"line":93,"column":12},"end":{"line":99,"column":13}},"71":{"start":{"line":94,"column":16},"end":{"line":94,"column":31}},"72":{"start":{"line":97,"column":16},"end":{"line":97,"column":35}},"73":{"start":{"line":98,"column":16},"end":{"line":98,"column":20}},"74":{"start":{"line":100,"column":12},"end":{"line":100,"column":16}},"75":{"start":{"line":102,"column":8},"end":{"line":106,"column":11}},"76":{"start":{"line":108,"column":4},"end":{"line":132,"column":6}},"77":{"start":{"line":109,"column":8},"end":{"line":112,"column":10}},"78":{"start":{"line":113,"column":8},"end":{"line":113,"column":41}},"79":{"start":{"line":114,"column":8},"end":{"line":130,"column":9}},"80":{"start":{"line":115,"column":12},"end":{"line":115,"column":54}},"81":{"start":{"line":116,"column":12},"end":{"line":116,"column":28}},"82":{"start":{"line":117,"column":12},"end":{"line":127,"column":13}},"83":{"start":{"line":118,"column":16},"end":{"line":119,"column":29}},"84":{"start":{"line":119,"column":20},"end":{"line":119,"column":29}},"85":{"start":{"line":120,"column":16},"end":{"line":120,"column":38}},"86":{"start":{"line":121,"column":16},"end":{"line":126,"column":17}},"87":{"start":{"line":122,"column":20},"end":{"line":122,"column":35}},"88":{"start":{"line":125,"column":20},"end":{"line":125,"column":59}},"89":{"start":{"line":128,"column":12},"end":{"line":128,"column":34}},"90":{"start":{"line":129,"column":12},"end":{"line":129,"column":36}},"91":{"start":{"line":131,"column":8},"end":{"line":131,"column":33}},"92":{"start":{"line":133,"column":4},"end":{"line":140,"column":6}},"93":{"start":{"line":134,"column":8},"end":{"line":139,"column":10}},"94":{"start":{"line":141,"column":4},"end":{"line":152,"column":6}},"95":{"start":{"line":142,"column":8},"end":{"line":144,"column":10}},"96":{"start":{"line":145,"column":8},"end":{"line":146,"column":48}},"97":{"start":{"line":146,"column":12},"end":{"line":146,"column":48}},"98":{"start":{"line":147,"column":8},"end":{"line":148,"column":30}},"99":{"start":{"line":148,"column":12},"end":{"line":148,"column":30}},"100":{"start":{"line":149,"column":8},"end":{"line":150,"column":34}},"101":{"start":{"line":150,"column":12},"end":{"line":150,"column":34}},"102":{"start":{"line":151,"column":8},"end":{"line":151,"column":18}},"103":{"start":{"line":153,"column":4},"end":{"line":155,"column":6}},"104":{"start":{"line":154,"column":8},"end":{"line":154,"column":27}},"105":{"start":{"line":156,"column":4},"end":{"line":158,"column":6}},"106":{"start":{"line":157,"column":8},"end":{"line":157,"column":50}},"107":{"start":{"line":159,"column":4},"end":{"line":164,"column":6}},"108":{"start":{"line":160,"column":8},"end":{"line":163,"column":39}},"109":{"start":{"line":165,"column":4},"end":{"line":171,"column":6}},"110":{"start":{"line":166,"column":8},"end":{"line":166,"column":60}},"111":{"start":{"line":167,"column":8},"end":{"line":169,"column":9}},"112":{"start":{"line":168,"column":12},"end":{"line":168,"column":69}},"113":{"start":{"line":170,"column":8},"end":{"line":170,"column":21}},"114":{"start":{"line":172,"column":4},"end":{"line":185,"column":6}},"115":{"start":{"line":173,"column":8},"end":{"line":173,"column":64}},"116":{"start":{"line":174,"column":8},"end":{"line":175,"column":24}},"117":{"start":{"line":175,"column":12},"end":{"line":175,"column":24}},"118":{"start":{"line":176,"column":8},"end":{"line":176,"column":20}},"119":{"start":{"line":177,"column":8},"end":{"line":178,"column":26}},"120":{"start":{"line":178,"column":12},"end":{"line":178,"column":26}},"121":{"start":{"line":179,"column":8},"end":{"line":183,"column":9}},"122":{"start":{"line":180,"column":12},"end":{"line":181,"column":25}},"123":{"start":{"line":181,"column":16},"end":{"line":181,"column":25}},"124":{"start":{"line":182,"column":12},"end":{"line":182,"column":31}},"125":{"start":{"line":184,"column":8},"end":{"line":184,"column":18}},"126":{"start":{"line":186,"column":4},"end":{"line":190,"column":6}},"127":{"start":{"line":187,"column":8},"end":{"line":188,"column":24}},"128":{"start":{"line":188,"column":12},"end":{"line":188,"column":24}},"129":{"start":{"line":189,"column":8},"end":{"line":189,"column":52}},"130":{"start":{"line":191,"column":4},"end":{"line":200,"column":6}},"131":{"start":{"line":192,"column":8},"end":{"line":192,"column":68}},"132":{"start":{"line":193,"column":8},"end":{"line":194,"column":36}},"133":{"start":{"line":194,"column":12},"end":{"line":194,"column":36}},"134":{"start":{"line":195,"column":8},"end":{"line":196,"column":24}},"135":{"start":{"line":196,"column":12},"end":{"line":196,"column":24}},"136":{"start":{"line":197,"column":8},"end":{"line":199,"column":11}},"137":{"start":{"line":201,"column":4},"end":{"line":205,"column":6}},"138":{"start":{"line":202,"column":8},"end":{"line":204,"column":11}},"139":{"start":{"line":206,"column":4},"end":{"line":208,"column":6}},"140":{"start":{"line":207,"column":8},"end":{"line":207,"column":58}},"141":{"start":{"line":209,"column":4},"end":{"line":220,"column":6}},"142":{"start":{"line":210,"column":8},"end":{"line":210,"column":33}},"143":{"start":{"line":211,"column":8},"end":{"line":212,"column":22}},"144":{"start":{"line":212,"column":12},"end":{"line":212,"column":22}},"145":{"start":{"line":213,"column":8},"end":{"line":218,"column":9}},"146":{"start":{"line":214,"column":12},"end":{"line":215,"column":25}},"147":{"start":{"line":215,"column":16},"end":{"line":215,"column":25}},"148":{"start":{"line":216,"column":12},"end":{"line":217,"column":25}},"149":{"start":{"line":217,"column":16},"end":{"line":217,"column":25}},"150":{"start":{"line":219,"column":8},"end":{"line":219,"column":18}},"151":{"start":{"line":221,"column":4},"end":{"line":231,"column":6}},"152":{"start":{"line":222,"column":8},"end":{"line":222,"column":33}},"153":{"start":{"line":223,"column":8},"end":{"line":224,"column":21}},"154":{"start":{"line":224,"column":12},"end":{"line":224,"column":21}},"155":{"start":{"line":225,"column":8},"end":{"line":229,"column":9}},"156":{"start":{"line":226,"column":12},"end":{"line":227,"column":25}},"157":{"start":{"line":227,"column":16},"end":{"line":227,"column":25}},"158":{"start":{"line":228,"column":12},"end":{"line":228,"column":21}},"159":{"start":{"line":230,"column":8},"end":{"line":230,"column":18}},"160":{"start":{"line":232,"column":4},"end":{"line":236,"column":6}},"161":{"start":{"line":233,"column":8},"end":{"line":234,"column":32}},"162":{"start":{"line":234,"column":12},"end":{"line":234,"column":32}},"163":{"start":{"line":235,"column":8},"end":{"line":235,"column":41}},"164":{"start":{"line":237,"column":4},"end":{"line":253,"column":6}},"165":{"start":{"line":238,"column":8},"end":{"line":239,"column":24}},"166":{"start":{"line":239,"column":12},"end":{"line":239,"column":24}},"167":{"start":{"line":240,"column":8},"end":{"line":240,"column":35}},"168":{"start":{"line":241,"column":8},"end":{"line":251,"column":9}},"169":{"start":{"line":242,"column":12},"end":{"line":242,"column":33}},"170":{"start":{"line":245,"column":12},"end":{"line":245,"column":39}},"171":{"start":{"line":246,"column":12},"end":{"line":247,"column":28}},"172":{"start":{"line":247,"column":16},"end":{"line":247,"column":28}},"173":{"start":{"line":248,"column":12},"end":{"line":248,"column":73}},"174":{"start":{"line":249,"column":12},"end":{"line":249,"column":34}},"175":{"start":{"line":250,"column":12},"end":{"line":250,"column":31}},"176":{"start":{"line":252,"column":8},"end":{"line":252,"column":33}},"177":{"start":{"line":254,"column":4},"end":{"line":270,"column":6}},"178":{"start":{"line":255,"column":8},"end":{"line":256,"column":24}},"179":{"start":{"line":256,"column":12},"end":{"line":256,"column":24}},"180":{"start":{"line":257,"column":8},"end":{"line":257,"column":35}},"181":{"start":{"line":258,"column":8},"end":{"line":268,"column":9}},"182":{"start":{"line":259,"column":12},"end":{"line":259,"column":34}},"183":{"start":{"line":262,"column":12},"end":{"line":262,"column":41}},"184":{"start":{"line":263,"column":12},"end":{"line":264,"column":28}},"185":{"start":{"line":264,"column":16},"end":{"line":264,"column":28}},"186":{"start":{"line":265,"column":12},"end":{"line":265,"column":53}},"187":{"start":{"line":266,"column":12},"end":{"line":266,"column":37}},"188":{"start":{"line":267,"column":12},"end":{"line":267,"column":31}},"189":{"start":{"line":269,"column":8},"end":{"line":269,"column":33}},"190":{"start":{"line":271,"column":4},"end":{"line":302,"column":6}},"191":{"start":{"line":272,"column":8},"end":{"line":272,"column":25}},"192":{"start":{"line":273,"column":8},"end":{"line":273,"column":82}},"193":{"start":{"line":274,"column":8},"end":{"line":301,"column":9}},"194":{"start":{"line":275,"column":12},"end":{"line":280,"column":15}},"195":{"start":{"line":276,"column":16},"end":{"line":277,"column":38}},"196":{"start":{"line":277,"column":20},"end":{"line":277,"column":38}},"197":{"start":{"line":278,"column":16},"end":{"line":278,"column":55}},"198":{"start":{"line":279,"column":16},"end":{"line":279,"column":72}},"199":{"start":{"line":283,"column":12},"end":{"line":283,"column":28}},"200":{"start":{"line":284,"column":12},"end":{"line":284,"column":29}},"201":{"start":{"line":285,"column":12},"end":{"line":299,"column":13}},"202":{"start":{"line":286,"column":16},"end":{"line":298,"column":17}},"203":{"start":{"line":287,"column":20},"end":{"line":287,"column":45}},"204":{"start":{"line":288,"column":20},"end":{"line":294,"column":21}},"205":{"start":{"line":289,"column":24},"end":{"line":289,"column":48}},"206":{"start":{"line":292,"column":24},"end":{"line":292,"column":61}},"207":{"start":{"line":293,"column":24},"end":{"line":293,"column":35}},"208":{"start":{"line":297,"column":20},"end":{"line":297,"column":38}},"209":{"start":{"line":300,"column":12},"end":{"line":300,"column":26}},"210":{"start":{"line":303,"column":4},"end":{"line":303,"column":18}},"211":{"start":{"line":305,"column":0},"end":{"line":305,"column":24}},"212":{"start":{"line":306,"column":0},"end":{"line":306,"column":15}}},"branchMap":{"1":{"line":22,"type":"if","locations":[{"start":{"line":22,"column":8},"end":{"line":22,"column":8}},{"start":{"line":22,"column":8},"end":{"line":22,"column":8}}]},"2":{"line":29,"type":"if","locations":[{"start":{"line":29,"column":4},"end":{"line":29,"column":4}},{"start":{"line":29,"column":4},"end":{"line":29,"column":4}}]},"3":{"line":31,"type":"if","locations":[{"start":{"line":31,"column":4},"end":{"line":31,"column":4}},{"start":{"line":31,"column":4},"end":{"line":31,"column":4}}]},"4":{"line":33,"type":"if","locations":[{"start":{"line":33,"column":4},"end":{"line":33,"column":4}},{"start":{"line":33,"column":4},"end":{"line":33,"column":4}}]},"5":{"line":33,"type":"binary-expr","locations":[{"start":{"line":33,"column":8},"end":{"line":33,"column":22}},{"start":{"line":33,"column":26},"end":{"line":33,"column":40}}]},"6":{"line":35,"type":"if","locations":[{"start":{"line":35,"column":4},"end":{"line":35,"column":4}},{"start":{"line":35,"column":4},"end":{"line":35,"column":4}}]},"7":{"line":40,"type":"if","locations":[{"start":{"line":40,"column":4},"end":{"line":40,"column":4}},{"start":{"line":40,"column":4},"end":{"line":40,"column":4}}]},"8":{"line":42,"type":"if","locations":[{"start":{"line":42,"column":4},"end":{"line":42,"column":4}},{"start":{"line":42,"column":4},"end":{"line":42,"column":4}}]},"9":{"line":44,"type":"if","locations":[{"start":{"line":44,"column":4},"end":{"line":44,"column":4}},{"start":{"line":44,"column":4},"end":{"line":44,"column":4}}]},"10":{"line":46,"type":"if","locations":[{"start":{"line":46,"column":4},"end":{"line":46,"column":4}},{"start":{"line":46,"column":4},"end":{"line":46,"column":4}}]},"11":{"line":51,"type":"if","locations":[{"start":{"line":51,"column":8},"end":{"line":51,"column":8}},{"start":{"line":51,"column":8},"end":{"line":51,"column":8}}]},"12":{"line":53,"type":"if","locations":[{"start":{"line":53,"column":8},"end":{"line":53,"column":8}},{"start":{"line":53,"column":8},"end":{"line":53,"column":8}}]},"13":{"line":61,"type":"if","locations":[{"start":{"line":61,"column":8},"end":{"line":61,"column":8}},{"start":{"line":61,"column":8},"end":{"line":61,"column":8}}]},"14":{"line":71,"type":"if","locations":[{"start":{"line":71,"column":8},"end":{"line":71,"column":8}},{"start":{"line":71,"column":8},"end":{"line":71,"column":8}}]},"15":{"line":76,"type":"if","locations":[{"start":{"line":76,"column":8},"end":{"line":76,"column":8}},{"start":{"line":76,"column":8},"end":{"line":76,"column":8}}]},"16":{"line":76,"type":"binary-expr","locations":[{"start":{"line":76,"column":12},"end":{"line":76,"column":24}},{"start":{"line":76,"column":28},"end":{"line":76,"column":39}}]},"17":{"line":93,"type":"if","locations":[{"start":{"line":93,"column":12},"end":{"line":93,"column":12}},{"start":{"line":93,"column":12},"end":{"line":93,"column":12}}]},"18":{"line":114,"type":"if","locations":[{"start":{"line":114,"column":8},"end":{"line":114,"column":8}},{"start":{"line":114,"column":8},"end":{"line":114,"column":8}}]},"19":{"line":118,"type":"if","locations":[{"start":{"line":118,"column":16},"end":{"line":118,"column":16}},{"start":{"line":118,"column":16},"end":{"line":118,"column":16}}]},"20":{"line":121,"type":"if","locations":[{"start":{"line":121,"column":16},"end":{"line":121,"column":16}},{"start":{"line":121,"column":16},"end":{"line":121,"column":16}}]},"21":{"line":145,"type":"if","locations":[{"start":{"line":145,"column":8},"end":{"line":145,"column":8}},{"start":{"line":145,"column":8},"end":{"line":145,"column":8}}]},"22":{"line":147,"type":"if","locations":[{"start":{"line":147,"column":8},"end":{"line":147,"column":8}},{"start":{"line":147,"column":8},"end":{"line":147,"column":8}}]},"23":{"line":149,"type":"if","locations":[{"start":{"line":149,"column":8},"end":{"line":149,"column":8}},{"start":{"line":149,"column":8},"end":{"line":149,"column":8}}]},"24":{"line":160,"type":"binary-expr","locations":[{"start":{"line":160,"column":15},"end":{"line":160,"column":37}},{"start":{"line":161,"column":12},"end":{"line":161,"column":50}},{"start":{"line":162,"column":12},"end":{"line":162,"column":42}},{"start":{"line":163,"column":12},"end":{"line":163,"column":38}}]},"25":{"line":167,"type":"if","locations":[{"start":{"line":167,"column":8},"end":{"line":167,"column":8}},{"start":{"line":167,"column":8},"end":{"line":167,"column":8}}]},"26":{"line":174,"type":"if","locations":[{"start":{"line":174,"column":8},"end":{"line":174,"column":8}},{"start":{"line":174,"column":8},"end":{"line":174,"column":8}}]},"27":{"line":177,"type":"if","locations":[{"start":{"line":177,"column":8},"end":{"line":177,"column":8}},{"start":{"line":177,"column":8},"end":{"line":177,"column":8}}]},"28":{"line":180,"type":"if","locations":[{"start":{"line":180,"column":12},"end":{"line":180,"column":12}},{"start":{"line":180,"column":12},"end":{"line":180,"column":12}}]},"29":{"line":187,"type":"if","locations":[{"start":{"line":187,"column":8},"end":{"line":187,"column":8}},{"start":{"line":187,"column":8},"end":{"line":187,"column":8}}]},"30":{"line":193,"type":"if","locations":[{"start":{"line":193,"column":8},"end":{"line":193,"column":8}},{"start":{"line":193,"column":8},"end":{"line":193,"column":8}}]},"31":{"line":195,"type":"if","locations":[{"start":{"line":195,"column":8},"end":{"line":195,"column":8}},{"start":{"line":195,"column":8},"end":{"line":195,"column":8}}]},"32":{"line":207,"type":"cond-expr","locations":[{"start":{"line":207,"column":29},"end":{"line":207,"column":43}},{"start":{"line":207,"column":46},"end":{"line":207,"column":57}}]},"33":{"line":211,"type":"if","locations":[{"start":{"line":211,"column":8},"end":{"line":211,"column":8}},{"start":{"line":211,"column":8},"end":{"line":211,"column":8}}]},"34":{"line":214,"type":"if","locations":[{"start":{"line":214,"column":12},"end":{"line":214,"column":12}},{"start":{"line":214,"column":12},"end":{"line":214,"column":12}}]},"35":{"line":216,"type":"if","locations":[{"start":{"line":216,"column":12},"end":{"line":216,"column":12}},{"start":{"line":216,"column":12},"end":{"line":216,"column":12}}]},"36":{"line":223,"type":"if","locations":[{"start":{"line":223,"column":8},"end":{"line":223,"column":8}},{"start":{"line":223,"column":8},"end":{"line":223,"column":8}}]},"37":{"line":226,"type":"if","locations":[{"start":{"line":226,"column":12},"end":{"line":226,"column":12}},{"start":{"line":226,"column":12},"end":{"line":226,"column":12}}]},"38":{"line":233,"type":"if","locations":[{"start":{"line":233,"column":8},"end":{"line":233,"column":8}},{"start":{"line":233,"column":8},"end":{"line":233,"column":8}}]},"39":{"line":238,"type":"if","locations":[{"start":{"line":238,"column":8},"end":{"line":238,"column":8}},{"start":{"line":238,"column":8},"end":{"line":238,"column":8}}]},"40":{"line":241,"type":"if","locations":[{"start":{"line":241,"column":8},"end":{"line":241,"column":8}},{"start":{"line":241,"column":8},"end":{"line":241,"column":8}}]},"41":{"line":246,"type":"if","locations":[{"start":{"line":246,"column":12},"end":{"line":246,"column":12}},{"start":{"line":246,"column":12},"end":{"line":246,"column":12}}]},"42":{"line":248,"type":"cond-expr","locations":[{"start":{"line":248,"column":42},"end":{"line":248,"column":67}},{"start":{"line":248,"column":70},"end":{"line":248,"column":72}}]},"43":{"line":255,"type":"if","locations":[{"start":{"line":255,"column":8},"end":{"line":255,"column":8}},{"start":{"line":255,"column":8},"end":{"line":255,"column":8}}]},"44":{"line":258,"type":"if","locations":[{"start":{"line":258,"column":8},"end":{"line":258,"column":8}},{"start":{"line":258,"column":8},"end":{"line":258,"column":8}}]},"45":{"line":263,"type":"if","locations":[{"start":{"line":263,"column":12},"end":{"line":263,"column":12}},{"start":{"line":263,"column":12},"end":{"line":263,"column":12}}]},"46":{"line":274,"type":"if","locations":[{"start":{"line":274,"column":8},"end":{"line":274,"column":8}},{"start":{"line":274,"column":8},"end":{"line":274,"column":8}}]},"47":{"line":276,"type":"if","locations":[{"start":{"line":276,"column":16},"end":{"line":276,"column":16}},{"start":{"line":276,"column":16},"end":{"line":276,"column":16}}]},"48":{"line":276,"type":"binary-expr","locations":[{"start":{"line":276,"column":20},"end":{"line":276,"column":34}},{"start":{"line":276,"column":38},"end":{"line":276,"column":45}}]},"49":{"line":279,"type":"cond-expr","locations":[{"start":{"line":279,"column":41},"end":{"line":279,"column":45}},{"start":{"line":279,"column":48},"end":{"line":279,"column":71}}]},"50":{"line":286,"type":"if","locations":[{"start":{"line":286,"column":16},"end":{"line":286,"column":16}},{"start":{"line":286,"column":16},"end":{"line":286,"column":16}}]},"51":{"line":288,"type":"if","locations":[{"start":{"line":288,"column":20},"end":{"line":288,"column":20}},{"start":{"line":288,"column":20},"end":{"line":288,"column":20}}]}}},"/Users/vadim/Projects/pivot/build/common/utils/general/general.js":{"path":"/Users/vadim/Projects/pivot/build/common/utils/general/general.js","s":{"1":1,"2":1,"3":1,"4":1,"5":1396,"6":0,"7":1396,"8":1,"9":1,"10":5,"11":5,"12":0,"13":5,"14":0,"15":5,"16":5,"17":20,"18":4,"19":20,"20":15,"21":5,"22":1,"23":5,"24":1,"25":1,"26":67,"27":92,"28":21,"29":1,"30":1,"31":178,"32":129,"33":49,"34":0,"35":49,"36":1,"37":1,"38":0,"39":0,"40":0,"41":0,"42":0,"43":0,"44":0,"45":1,"46":1,"47":1,"48":208,"49":1,"50":1,"51":181,"52":0,"53":181,"54":0,"55":181,"56":181,"57":2,"58":1,"59":1,"60":0,"61":0,"62":1},"b":{"1":[0,1396],"2":[0,5],"3":[5,5],"4":[0,5],"5":[5,5],"6":[4,16],"7":[15,5],"8":[1,4],"9":[129,49],"10":[0,49],"11":[0,0],"12":[0,181],"13":[0,181],"14":[2,179]},"f":{"1":1396,"2":5,"3":20,"4":67,"5":92,"6":21,"7":178,"8":0,"9":0,"10":0,"11":208,"12":181,"13":0,"14":0},"fnMap":{"1":{"name":"hasOwnProperty","line":5,"loc":{"start":{"line":5,"column":0},"end":{"line":5,"column":34}}},"2":{"name":"moveInList","line":11,"loc":{"start":{"line":11,"column":0},"end":{"line":11,"column":50}}},"3":{"name":"(anonymous_3)","line":18,"loc":{"start":{"line":18,"column":17},"end":{"line":18,"column":37}}},"4":{"name":"makeTitle","line":29,"loc":{"start":{"line":29,"column":0},"end":{"line":29,"column":25}}},"5":{"name":"(anonymous_5)","line":32,"loc":{"start":{"line":32,"column":34},"end":{"line":32,"column":47}}},"6":{"name":"(anonymous_6)","line":35,"loc":{"start":{"line":35,"column":35},"end":{"line":35,"column":48}}},"7":{"name":"immutableListsEqual","line":40,"loc":{"start":{"line":40,"column":0},"end":{"line":40,"column":43}}},"8":{"name":"collect","line":48,"loc":{"start":{"line":48,"column":0},"end":{"line":48,"column":27}}},"9":{"name":"(anonymous_9)","line":50,"loc":{"start":{"line":50,"column":16},"end":{"line":50,"column":28}}},"10":{"name":"(anonymous_10)","line":54,"loc":{"start":{"line":54,"column":11},"end":{"line":54,"column":23}}},"11":{"name":"makeUrlSafeName","line":62,"loc":{"start":{"line":62,"column":0},"end":{"line":62,"column":31}}},"12":{"name":"verifyUrlSafeName","line":66,"loc":{"start":{"line":66,"column":0},"end":{"line":66,"column":33}}},"13":{"name":"arraySum","line":77,"loc":{"start":{"line":77,"column":0},"end":{"line":77,"column":30}}},"14":{"name":"(anonymous_14)","line":78,"loc":{"start":{"line":78,"column":29},"end":{"line":78,"column":47}}}},"statementMap":{"1":{"start":{"line":2,"column":0},"end":{"line":2,"column":39}},"2":{"start":{"line":3,"column":0},"end":{"line":3,"column":51}},"3":{"start":{"line":4,"column":0},"end":{"line":4,"column":59}},"4":{"start":{"line":5,"column":0},"end":{"line":9,"column":1}},"5":{"start":{"line":6,"column":4},"end":{"line":7,"column":21}},"6":{"start":{"line":7,"column":8},"end":{"line":7,"column":21}},"7":{"start":{"line":8,"column":4},"end":{"line":8,"column":47}},"8":{"start":{"line":10,"column":0},"end":{"line":10,"column":40}},"9":{"start":{"line":11,"column":0},"end":{"line":27,"column":1}},"10":{"start":{"line":12,"column":4},"end":{"line":12,"column":22}},"11":{"start":{"line":13,"column":4},"end":{"line":14,"column":50}},"12":{"start":{"line":14,"column":8},"end":{"line":14,"column":50}},"13":{"start":{"line":15,"column":4},"end":{"line":16,"column":52}},"14":{"start":{"line":16,"column":8},"end":{"line":16,"column":52}},"15":{"start":{"line":17,"column":4},"end":{"line":17,"column":22}},"16":{"start":{"line":18,"column":4},"end":{"line":23,"column":7}},"17":{"start":{"line":19,"column":8},"end":{"line":20,"column":47}},"18":{"start":{"line":20,"column":12},"end":{"line":20,"column":47}},"19":{"start":{"line":21,"column":8},"end":{"line":22,"column":33}},"20":{"start":{"line":22,"column":12},"end":{"line":22,"column":33}},"21":{"start":{"line":24,"column":4},"end":{"line":25,"column":43}},"22":{"start":{"line":25,"column":8},"end":{"line":25,"column":43}},"23":{"start":{"line":26,"column":4},"end":{"line":26,"column":38}},"24":{"start":{"line":28,"column":0},"end":{"line":28,"column":32}},"25":{"start":{"line":29,"column":0},"end":{"line":38,"column":1}},"26":{"start":{"line":30,"column":4},"end":{"line":37,"column":7}},"27":{"start":{"line":33,"column":8},"end":{"line":33,"column":54}},"28":{"start":{"line":36,"column":8},"end":{"line":36,"column":33}},"29":{"start":{"line":39,"column":0},"end":{"line":39,"column":30}},"30":{"start":{"line":40,"column":0},"end":{"line":46,"column":1}},"31":{"start":{"line":41,"column":4},"end":{"line":42,"column":20}},"32":{"start":{"line":42,"column":8},"end":{"line":42,"column":20}},"33":{"start":{"line":43,"column":4},"end":{"line":44,"column":21}},"34":{"start":{"line":44,"column":8},"end":{"line":44,"column":21}},"35":{"start":{"line":45,"column":4},"end":{"line":45,"column":84}},"36":{"start":{"line":47,"column":0},"end":{"line":47,"column":50}},"37":{"start":{"line":48,"column":0},"end":{"line":59,"column":1}},"38":{"start":{"line":49,"column":4},"end":{"line":49,"column":16}},"39":{"start":{"line":50,"column":4},"end":{"line":53,"column":6}},"40":{"start":{"line":51,"column":8},"end":{"line":51,"column":23}},"41":{"start":{"line":52,"column":8},"end":{"line":52,"column":13}},"42":{"start":{"line":54,"column":4},"end":{"line":58,"column":6}},"43":{"start":{"line":55,"column":8},"end":{"line":57,"column":9}},"44":{"start":{"line":56,"column":12},"end":{"line":56,"column":46}},"45":{"start":{"line":60,"column":0},"end":{"line":60,"column":26}},"46":{"start":{"line":61,"column":0},"end":{"line":61,"column":37}},"47":{"start":{"line":62,"column":0},"end":{"line":64,"column":1}},"48":{"start":{"line":63,"column":4},"end":{"line":63,"column":47}},"49":{"start":{"line":65,"column":0},"end":{"line":65,"column":42}},"50":{"start":{"line":66,"column":0},"end":{"line":75,"column":1}},"51":{"start":{"line":67,"column":4},"end":{"line":68,"column":53}},"52":{"start":{"line":68,"column":8},"end":{"line":68,"column":53}},"53":{"start":{"line":69,"column":4},"end":{"line":70,"column":51}},"54":{"start":{"line":70,"column":8},"end":{"line":70,"column":51}},"55":{"start":{"line":71,"column":4},"end":{"line":71,"column":44}},"56":{"start":{"line":72,"column":4},"end":{"line":74,"column":5}},"57":{"start":{"line":73,"column":8},"end":{"line":73,"column":101}},"58":{"start":{"line":76,"column":0},"end":{"line":76,"column":46}},"59":{"start":{"line":77,"column":0},"end":{"line":81,"column":1}},"60":{"start":{"line":78,"column":4},"end":{"line":80,"column":10}},"61":{"start":{"line":79,"column":8},"end":{"line":79,"column":23}},"62":{"start":{"line":82,"column":0},"end":{"line":82,"column":28}}},"branchMap":{"1":{"line":6,"type":"if","locations":[{"start":{"line":6,"column":4},"end":{"line":6,"column":4}},{"start":{"line":6,"column":4},"end":{"line":6,"column":4}}]},"2":{"line":13,"type":"if","locations":[{"start":{"line":13,"column":4},"end":{"line":13,"column":4}},{"start":{"line":13,"column":4},"end":{"line":13,"column":4}}]},"3":{"line":13,"type":"binary-expr","locations":[{"start":{"line":13,"column":8},"end":{"line":13,"column":21}},{"start":{"line":13,"column":25},"end":{"line":13,"column":39}}]},"4":{"line":15,"type":"if","locations":[{"start":{"line":15,"column":4},"end":{"line":15,"column":4}},{"start":{"line":15,"column":4},"end":{"line":15,"column":4}}]},"5":{"line":15,"type":"binary-expr","locations":[{"start":{"line":15,"column":8},"end":{"line":15,"column":23}},{"start":{"line":15,"column":27},"end":{"line":15,"column":42}}]},"6":{"line":19,"type":"if","locations":[{"start":{"line":19,"column":8},"end":{"line":19,"column":8}},{"start":{"line":19,"column":8},"end":{"line":19,"column":8}}]},"7":{"line":21,"type":"if","locations":[{"start":{"line":21,"column":8},"end":{"line":21,"column":8}},{"start":{"line":21,"column":8},"end":{"line":21,"column":8}}]},"8":{"line":24,"type":"if","locations":[{"start":{"line":24,"column":4},"end":{"line":24,"column":4}},{"start":{"line":24,"column":4},"end":{"line":24,"column":4}}]},"9":{"line":41,"type":"if","locations":[{"start":{"line":41,"column":4},"end":{"line":41,"column":4}},{"start":{"line":41,"column":4},"end":{"line":41,"column":4}}]},"10":{"line":43,"type":"if","locations":[{"start":{"line":43,"column":4},"end":{"line":43,"column":4}},{"start":{"line":43,"column":4},"end":{"line":43,"column":4}}]},"11":{"line":55,"type":"if","locations":[{"start":{"line":55,"column":8},"end":{"line":55,"column":8}},{"start":{"line":55,"column":8},"end":{"line":55,"column":8}}]},"12":{"line":67,"type":"if","locations":[{"start":{"line":67,"column":4},"end":{"line":67,"column":4}},{"start":{"line":67,"column":4},"end":{"line":67,"column":4}}]},"13":{"line":69,"type":"if","locations":[{"start":{"line":69,"column":4},"end":{"line":69,"column":4}},{"start":{"line":69,"column":4},"end":{"line":69,"column":4}}]},"14":{"line":72,"type":"if","locations":[{"start":{"line":72,"column":4},"end":{"line":72,"column":4}},{"start":{"line":72,"column":4},"end":{"line":72,"column":4}}]}}},"/Users/vadim/Projects/pivot/build/common/models/customization/customization.mocha.js":{"path":"/Users/vadim/Projects/pivot/build/common/models/customization/customization.mocha.js","s":{"1":1,"2":1,"3":1,"4":1,"5":1},"b":{},"f":{"1":1,"2":1},"fnMap":{"1":{"name":"(anonymous_1)","line":4,"loc":{"start":{"line":4,"column":26},"end":{"line":4,"column":38}}},"2":{"name":"(anonymous_2)","line":5,"loc":{"start":{"line":5,"column":32},"end":{"line":5,"column":44}}}},"statementMap":{"1":{"start":{"line":2,"column":0},"end":{"line":2,"column":55}},"2":{"start":{"line":3,"column":0},"end":{"line":3,"column":49}},"3":{"start":{"line":4,"column":0},"end":{"line":30,"column":3}},"4":{"start":{"line":5,"column":4},"end":{"line":29,"column":7}},"5":{"start":{"line":6,"column":8},"end":{"line":28,"column":11}}},"branchMap":{}},"/Users/vadim/Projects/pivot/build/common/models/customization/customization.js":{"path":"/Users/vadim/Projects/pivot/build/common/models/customization/customization.js","s":{"1":1,"2":1,"3":1,"4":1,"5":1,"6":19,"7":19,"8":19,"9":13,"10":1,"11":30,"12":1,"13":16,"14":16,"15":16,"16":16,"17":11,"18":18,"19":11,"20":16,"21":1,"22":3,"23":1,"24":18,"25":18,"26":12,"27":18,"28":6,"29":18,"30":12,"31":18,"32":18,"33":1,"34":3,"35":1,"36":3,"37":1,"38":24,"39":1,"40":1,"41":1},"b":{"1":[19,7],"2":[19,13],"3":[13,6],"4":[11,5],"5":[12,6],"6":[6,12],"7":[12,6],"8":[24,12,9,9]},"f":{"1":1,"2":19,"3":30,"4":16,"5":18,"6":3,"7":18,"8":18,"9":3,"10":3,"11":24},"fnMap":{"1":{"name":"(anonymous_1)","line":5,"loc":{"start":{"line":5,"column":21},"end":{"line":5,"column":33}}},"2":{"name":"Customization","line":6,"loc":{"start":{"line":6,"column":4},"end":{"line":6,"column":39}}},"3":{"name":"(anonymous_3)","line":12,"loc":{"start":{"line":12,"column":36},"end":{"line":12,"column":57}}},"4":{"name":"(anonymous_4)","line":15,"loc":{"start":{"line":15,"column":27},"end":{"line":15,"column":49}}},"5":{"name":"(anonymous_5)","line":23,"loc":{"start":{"line":23,"column":45},"end":{"line":23,"column":64}}},"6":{"name":"(anonymous_6)","line":28,"loc":{"start":{"line":28,"column":38},"end":{"line":28,"column":50}}},"7":{"name":"(anonymous_7)","line":35,"loc":{"start":{"line":35,"column":35},"end":{"line":35,"column":47}}},"8":{"name":"(anonymous_8)","line":42,"loc":{"start":{"line":42,"column":54},"end":{"line":42,"column":70}}},"9":{"name":"(anonymous_9)","line":46,"loc":{"start":{"line":46,"column":37},"end":{"line":46,"column":49}}},"10":{"name":"(anonymous_10)","line":49,"loc":{"start":{"line":49,"column":39},"end":{"line":49,"column":51}}},"11":{"name":"(anonymous_11)","line":52,"loc":{"start":{"line":52,"column":37},"end":{"line":52,"column":54}}}},"statementMap":{"1":{"start":{"line":2,"column":0},"end":{"line":2,"column":51}},"2":{"start":{"line":3,"column":0},"end":{"line":3,"column":64}},"3":{"start":{"line":4,"column":0},"end":{"line":4,"column":10}},"4":{"start":{"line":5,"column":0},"end":{"line":59,"column":5}},"5":{"start":{"line":6,"column":4},"end":{"line":11,"column":5}},"6":{"start":{"line":7,"column":8},"end":{"line":7,"column":68}},"7":{"start":{"line":8,"column":8},"end":{"line":8,"column":62}},"8":{"start":{"line":9,"column":8},"end":{"line":10,"column":58}},"9":{"start":{"line":10,"column":12},"end":{"line":10,"column":58}},"10":{"start":{"line":12,"column":4},"end":{"line":14,"column":6}},"11":{"start":{"line":13,"column":8},"end":{"line":13,"column":72}},"12":{"start":{"line":15,"column":4},"end":{"line":27,"column":6}},"13":{"start":{"line":16,"column":8},"end":{"line":19,"column":10}},"14":{"start":{"line":20,"column":8},"end":{"line":20,"column":52}},"15":{"start":{"line":21,"column":8},"end":{"line":21,"column":33}},"16":{"start":{"line":22,"column":8},"end":{"line":25,"column":9}},"17":{"start":{"line":23,"column":12},"end":{"line":23,"column":119}},"18":{"start":{"line":23,"column":66},"end":{"line":23,"column":115}},"19":{"start":{"line":24,"column":12},"end":{"line":24,"column":48}},"20":{"start":{"line":26,"column":8},"end":{"line":26,"column":40}},"21":{"start":{"line":28,"column":4},"end":{"line":34,"column":6}},"22":{"start":{"line":29,"column":8},"end":{"line":33,"column":10}},"23":{"start":{"line":35,"column":4},"end":{"line":45,"column":6}},"24":{"start":{"line":36,"column":8},"end":{"line":36,"column":20}},"25":{"start":{"line":37,"column":8},"end":{"line":38,"column":56}},"26":{"start":{"line":38,"column":12},"end":{"line":38,"column":56}},"27":{"start":{"line":39,"column":8},"end":{"line":40,"column":50}},"28":{"start":{"line":40,"column":12},"end":{"line":40,"column":50}},"29":{"start":{"line":41,"column":8},"end":{"line":43,"column":9}},"30":{"start":{"line":42,"column":12},"end":{"line":42,"column":95}},"31":{"start":{"line":42,"column":72},"end":{"line":42,"column":91}},"32":{"start":{"line":44,"column":8},"end":{"line":44,"column":18}},"33":{"start":{"line":46,"column":4},"end":{"line":48,"column":6}},"34":{"start":{"line":47,"column":8},"end":{"line":47,"column":27}},"35":{"start":{"line":49,"column":4},"end":{"line":51,"column":6}},"36":{"start":{"line":50,"column":8},"end":{"line":50,"column":175}},"37":{"start":{"line":52,"column":4},"end":{"line":57,"column":6}},"38":{"start":{"line":53,"column":8},"end":{"line":56,"column":92}},"39":{"start":{"line":58,"column":4},"end":{"line":58,"column":25}},"40":{"start":{"line":60,"column":0},"end":{"line":60,"column":38}},"41":{"start":{"line":61,"column":0},"end":{"line":61,"column":22}}},"branchMap":{"1":{"line":7,"type":"binary-expr","locations":[{"start":{"line":7,"column":32},"end":{"line":7,"column":59}},{"start":{"line":7,"column":63},"end":{"line":7,"column":67}}]},"2":{"line":8,"type":"binary-expr","locations":[{"start":{"line":8,"column":29},"end":{"line":8,"column":53}},{"start":{"line":8,"column":57},"end":{"line":8,"column":61}}]},"3":{"line":9,"type":"if","locations":[{"start":{"line":9,"column":8},"end":{"line":9,"column":8}},{"start":{"line":9,"column":8},"end":{"line":9,"column":8}}]},"4":{"line":22,"type":"if","locations":[{"start":{"line":22,"column":8},"end":{"line":22,"column":8}},{"start":{"line":22,"column":8},"end":{"line":22,"column":8}}]},"5":{"line":37,"type":"if","locations":[{"start":{"line":37,"column":8},"end":{"line":37,"column":8}},{"start":{"line":37,"column":8},"end":{"line":37,"column":8}}]},"6":{"line":39,"type":"if","locations":[{"start":{"line":39,"column":8},"end":{"line":39,"column":8}},{"start":{"line":39,"column":8},"end":{"line":39,"column":8}}]},"7":{"line":41,"type":"if","locations":[{"start":{"line":41,"column":8},"end":{"line":41,"column":8}},{"start":{"line":41,"column":8},"end":{"line":41,"column":8}}]},"8":{"line":53,"type":"binary-expr","locations":[{"start":{"line":53,"column":15},"end":{"line":53,"column":51}},{"start":{"line":54,"column":12},"end":{"line":54,"column":60}},{"start":{"line":55,"column":12},"end":{"line":55,"column":54}},{"start":{"line":56,"column":12},"end":{"line":56,"column":91}}]}}},"/Users/vadim/Projects/pivot/build/common/models/external-view/external-view.js":{"path":"/Users/vadim/Projects/pivot/build/common/models/external-view/external-view.js","s":{"1":1,"2":1,"3":1,"4":1,"5":30,"6":30,"7":0,"8":30,"9":0,"10":30,"11":30,"12":30,"13":30,"14":30,"15":0,"16":30,"17":0,"18":0,"19":0,"20":0,"21":30,"22":1,"23":26,"24":1,"25":28,"26":28,"27":1,"28":30,"29":30,"30":12,"31":30,"32":1,"33":2,"34":2,"35":1,"36":2,"37":1,"38":2,"39":1,"40":21,"41":1,"42":2,"43":1,"44":1,"45":1},"b":{"1":[0,30],"2":[0,30],"3":[12,18],"4":[1,1],"5":[21,13,12,12]},"f":{"1":1,"2":30,"3":0,"4":26,"5":28,"6":30,"7":2,"8":2,"9":21,"10":2},"fnMap":{"1":{"name":"(anonymous_1)","line":4,"loc":{"start":{"line":4,"column":20},"end":{"line":4,"column":32}}},"2":{"name":"ExternalView","line":5,"loc":{"start":{"line":5,"column":4},"end":{"line":5,"column":38}}},"3":{"name":"(anonymous_3)","line":20,"loc":{"start":{"line":20,"column":31},"end":{"line":20,"column":79}}},"4":{"name":"(anonymous_4)","line":31,"loc":{"start":{"line":31,"column":34},"end":{"line":31,"column":55}}},"5":{"name":"(anonymous_5)","line":34,"loc":{"start":{"line":34,"column":26},"end":{"line":34,"column":48}}},"6":{"name":"(anonymous_6)","line":43,"loc":{"start":{"line":43,"column":34},"end":{"line":43,"column":46}}},"7":{"name":"(anonymous_7)","line":52,"loc":{"start":{"line":52,"column":37},"end":{"line":52,"column":49}}},"8":{"name":"(anonymous_8)","line":61,"loc":{"start":{"line":61,"column":36},"end":{"line":61,"column":48}}},"9":{"name":"(anonymous_9)","line":64,"loc":{"start":{"line":64,"column":36},"end":{"line":64,"column":53}}},"10":{"name":"(anonymous_10)","line":70,"loc":{"start":{"line":70,"column":38},"end":{"line":70,"column":50}}}},"statementMap":{"1":{"start":{"line":2,"column":0},"end":{"line":2,"column":51}},"2":{"start":{"line":3,"column":0},"end":{"line":3,"column":10}},"3":{"start":{"line":4,"column":0},"end":{"line":74,"column":5}},"4":{"start":{"line":5,"column":4},"end":{"line":30,"column":5}},"5":{"start":{"line":6,"column":8},"end":{"line":6,"column":79}},"6":{"start":{"line":7,"column":8},"end":{"line":8,"column":61}},"7":{"start":{"line":8,"column":12},"end":{"line":8,"column":61}},"8":{"start":{"line":9,"column":8},"end":{"line":10,"column":68}},"9":{"start":{"line":10,"column":12},"end":{"line":10,"column":68}},"10":{"start":{"line":11,"column":8},"end":{"line":11,"column":27}},"11":{"start":{"line":12,"column":8},"end":{"line":12,"column":43}},"12":{"start":{"line":13,"column":8},"end":{"line":13,"column":38}},"13":{"start":{"line":14,"column":8},"end":{"line":19,"column":9}},"14":{"start":{"line":15,"column":12},"end":{"line":15,"column":107}},"15":{"start":{"line":18,"column":12},"end":{"line":18,"column":88}},"16":{"start":{"line":20,"column":8},"end":{"line":28,"column":10}},"17":{"start":{"line":21,"column":12},"end":{"line":27,"column":13}},"18":{"start":{"line":22,"column":16},"end":{"line":22,"column":80}},"19":{"start":{"line":25,"column":16},"end":{"line":25,"column":134}},"20":{"start":{"line":26,"column":16},"end":{"line":26,"column":28}},"21":{"start":{"line":29,"column":8},"end":{"line":29,"column":57}},"22":{"start":{"line":31,"column":4},"end":{"line":33,"column":6}},"23":{"start":{"line":32,"column":8},"end":{"line":32,"column":71}},"24":{"start":{"line":34,"column":4},"end":{"line":42,"column":6}},"25":{"start":{"line":35,"column":8},"end":{"line":35,"column":31}},"26":{"start":{"line":36,"column":8},"end":{"line":41,"column":11}},"27":{"start":{"line":43,"column":4},"end":{"line":51,"column":6}},"28":{"start":{"line":44,"column":8},"end":{"line":47,"column":10}},"29":{"start":{"line":48,"column":8},"end":{"line":49,"column":33}},"30":{"start":{"line":49,"column":12},"end":{"line":49,"column":33}},"31":{"start":{"line":50,"column":8},"end":{"line":50,"column":18}},"32":{"start":{"line":52,"column":4},"end":{"line":60,"column":6}},"33":{"start":{"line":53,"column":8},"end":{"line":56,"column":10}},"34":{"start":{"line":57,"column":8},"end":{"line":58,"column":36}},"35":{"start":{"line":58,"column":12},"end":{"line":58,"column":36}},"36":{"start":{"line":59,"column":8},"end":{"line":59,"column":21}},"37":{"start":{"line":61,"column":4},"end":{"line":63,"column":6}},"38":{"start":{"line":62,"column":8},"end":{"line":62,"column":27}},"39":{"start":{"line":64,"column":4},"end":{"line":69,"column":6}},"40":{"start":{"line":65,"column":8},"end":{"line":68,"column":49}},"41":{"start":{"line":70,"column":4},"end":{"line":72,"column":6}},"42":{"start":{"line":71,"column":8},"end":{"line":71,"column":54}},"43":{"start":{"line":73,"column":4},"end":{"line":73,"column":24}},"44":{"start":{"line":75,"column":0},"end":{"line":75,"column":36}},"45":{"start":{"line":76,"column":0},"end":{"line":76,"column":21}}},"branchMap":{"1":{"line":7,"type":"if","locations":[{"start":{"line":7,"column":8},"end":{"line":7,"column":8}},{"start":{"line":7,"column":8},"end":{"line":7,"column":8}}]},"2":{"line":9,"type":"if","locations":[{"start":{"line":9,"column":8},"end":{"line":9,"column":8}},{"start":{"line":9,"column":8},"end":{"line":9,"column":8}}]},"3":{"line":48,"type":"if","locations":[{"start":{"line":48,"column":8},"end":{"line":48,"column":8}},{"start":{"line":48,"column":8},"end":{"line":48,"column":8}}]},"4":{"line":57,"type":"if","locations":[{"start":{"line":57,"column":8},"end":{"line":57,"column":8}},{"start":{"line":57,"column":8},"end":{"line":57,"column":8}}]},"5":{"line":65,"type":"binary-expr","locations":[{"start":{"line":65,"column":15},"end":{"line":65,"column":49}},{"start":{"line":66,"column":12},"end":{"line":66,"column":38}},{"start":{"line":67,"column":12},"end":{"line":67,"column":54}},{"start":{"line":68,"column":12},"end":{"line":68,"column":48}}]}}},"/Users/vadim/Projects/pivot/build/common/models/data-source/data-source.mocha.js":{"path":"/Users/vadim/Projects/pivot/build/common/models/data-source/data-source.mocha.js","s":{"1":1,"2":1,"3":1,"4":1,"5":1,"6":1,"7":1,"8":1,"9":1,"10":1,"11":1,"12":1,"13":1,"14":1,"15":1,"16":1,"17":1,"18":1,"19":1,"20":1,"21":1,"22":1,"23":1,"24":1,"25":1,"26":1,"27":1,"28":1,"29":1,"30":1,"31":1,"32":1,"33":1,"34":1,"35":1,"36":1,"37":1,"38":1,"39":1,"40":1,"41":1,"42":1,"43":1,"44":4,"45":4,"46":4,"47":2,"48":2,"49":0,"50":2,"51":2,"52":1,"53":2,"54":1,"55":1,"56":1,"57":1,"58":1,"59":1},"b":{"1":[2,2],"2":[0,2],"3":[1,1]},"f":{"1":1,"2":1,"3":1,"4":1,"5":1,"6":1,"7":1,"8":1,"9":1,"10":1,"11":1,"12":1,"13":1,"14":1,"15":1,"16":1,"17":4,"18":4,"19":1,"20":1},"fnMap":{"1":{"name":"(anonymous_1)","line":8,"loc":{"start":{"line":8,"column":23},"end":{"line":8,"column":35}}},"2":{"name":"(anonymous_2)","line":9,"loc":{"start":{"line":9,"column":32},"end":{"line":9,"column":44}}},"3":{"name":"(anonymous_3)","line":15,"loc":{"start":{"line":15,"column":26},"end":{"line":15,"column":38}}},"4":{"name":"(anonymous_4)","line":16,"loc":{"start":{"line":16,"column":50},"end":{"line":16,"column":62}}},"5":{"name":"(anonymous_5)","line":17,"loc":{"start":{"line":17,"column":26},"end":{"line":17,"column":38}}},"6":{"name":"(anonymous_6)","line":42,"loc":{"start":{"line":42,"column":73},"end":{"line":42,"column":85}}},"7":{"name":"(anonymous_7)","line":43,"loc":{"start":{"line":43,"column":26},"end":{"line":43,"column":38}}},"8":{"name":"(anonymous_8)","line":70,"loc":{"start":{"line":70,"column":27},"end":{"line":70,"column":39}}},"9":{"name":"(anonymous_9)","line":71,"loc":{"start":{"line":71,"column":28},"end":{"line":71,"column":40}}},"10":{"name":"(anonymous_10)","line":124,"loc":{"start":{"line":124,"column":34},"end":{"line":124,"column":46}}},"11":{"name":"(anonymous_11)","line":125,"loc":{"start":{"line":125,"column":38},"end":{"line":125,"column":50}}},"12":{"name":"(anonymous_12)","line":207,"loc":{"start":{"line":207,"column":31},"end":{"line":207,"column":43}}},"13":{"name":"(anonymous_13)","line":223,"loc":{"start":{"line":223,"column":54},"end":{"line":223,"column":66}}},"14":{"name":"(anonymous_14)","line":434,"loc":{"start":{"line":434,"column":44},"end":{"line":434,"column":56}}},"15":{"name":"(anonymous_15)","line":542,"loc":{"start":{"line":542,"column":31},"end":{"line":542,"column":43}}},"16":{"name":"(anonymous_16)","line":558,"loc":{"start":{"line":558,"column":34},"end":{"line":558,"column":58}}},"17":{"name":"requester","line":604,"loc":{"start":{"line":604,"column":12},"end":{"line":604,"column":35}}},"18":{"name":"(anonymous_18)","line":606,"loc":{"start":{"line":606,"column":31},"end":{"line":606,"column":43}}},"19":{"name":"(anonymous_19)","line":626,"loc":{"start":{"line":626,"column":22},"end":{"line":626,"column":37}}},"20":{"name":"(anonymous_20)","line":649,"loc":{"start":{"line":649,"column":22},"end":{"line":649,"column":37}}}},"statementMap":{"1":{"start":{"line":2,"column":0},"end":{"line":2,"column":29}},"2":{"start":{"line":3,"column":0},"end":{"line":3,"column":55}},"3":{"start":{"line":4,"column":0},"end":{"line":4,"column":21}},"4":{"start":{"line":5,"column":0},"end":{"line":5,"column":35}},"5":{"start":{"line":6,"column":0},"end":{"line":6,"column":45}},"6":{"start":{"line":7,"column":0},"end":{"line":7,"column":55}},"7":{"start":{"line":8,"column":0},"end":{"line":684,"column":3}},"8":{"start":{"line":9,"column":4},"end":{"line":14,"column":7}},"9":{"start":{"line":10,"column":8},"end":{"line":13,"column":11}},"10":{"start":{"line":15,"column":4},"end":{"line":69,"column":7}},"11":{"start":{"line":16,"column":8},"end":{"line":41,"column":11}},"12":{"start":{"line":17,"column":12},"end":{"line":40,"column":90}},"13":{"start":{"line":18,"column":16},"end":{"line":39,"column":19}},"14":{"start":{"line":42,"column":8},"end":{"line":68,"column":11}},"15":{"start":{"line":43,"column":12},"end":{"line":67,"column":66}},"16":{"start":{"line":44,"column":16},"end":{"line":66,"column":19}},"17":{"start":{"line":70,"column":4},"end":{"line":123,"column":7}},"18":{"start":{"line":71,"column":8},"end":{"line":122,"column":11}},"19":{"start":{"line":72,"column":12},"end":{"line":113,"column":15}},"20":{"start":{"line":114,"column":12},"end":{"line":121,"column":15}},"21":{"start":{"line":124,"column":4},"end":{"line":206,"column":7}},"22":{"start":{"line":125,"column":8},"end":{"line":205,"column":11}},"23":{"start":{"line":126,"column":12},"end":{"line":173,"column":15}},"24":{"start":{"line":174,"column":12},"end":{"line":204,"column":15}},"25":{"start":{"line":207,"column":4},"end":{"line":541,"column":7}},"26":{"start":{"line":208,"column":8},"end":{"line":222,"column":11}},"27":{"start":{"line":223,"column":8},"end":{"line":433,"column":11}},"28":{"start":{"line":224,"column":12},"end":{"line":229,"column":15}},"29":{"start":{"line":230,"column":12},"end":{"line":230,"column":72}},"30":{"start":{"line":231,"column":12},"end":{"line":312,"column":15}},"31":{"start":{"line":313,"column":12},"end":{"line":320,"column":15}},"32":{"start":{"line":321,"column":12},"end":{"line":321,"column":69}},"33":{"start":{"line":322,"column":12},"end":{"line":432,"column":15}},"34":{"start":{"line":434,"column":8},"end":{"line":540,"column":11}},"35":{"start":{"line":435,"column":12},"end":{"line":440,"column":15}},"36":{"start":{"line":441,"column":12},"end":{"line":441,"column":71}},"37":{"start":{"line":442,"column":12},"end":{"line":539,"column":15}},"38":{"start":{"line":542,"column":4},"end":{"line":683,"column":7}},"39":{"start":{"line":543,"column":8},"end":{"line":557,"column":11}},"40":{"start":{"line":558,"column":8},"end":{"line":682,"column":11}},"41":{"start":{"line":559,"column":12},"end":{"line":602,"column":14}},"42":{"start":{"line":603,"column":12},"end":{"line":603,"column":24}},"43":{"start":{"line":604,"column":12},"end":{"line":623,"column":13}},"44":{"start":{"line":605,"column":16},"end":{"line":605,"column":37}},"45":{"start":{"line":606,"column":16},"end":{"line":622,"column":19}},"46":{"start":{"line":607,"column":20},"end":{"line":608,"column":52}},"47":{"start":{"line":608,"column":24},"end":{"line":608,"column":52}},"48":{"start":{"line":609,"column":20},"end":{"line":610,"column":70}},"49":{"start":{"line":610,"column":24},"end":{"line":610,"column":70}},"50":{"start":{"line":611,"column":20},"end":{"line":611,"column":26}},"51":{"start":{"line":612,"column":20},"end":{"line":620,"column":21}},"52":{"start":{"line":613,"column":24},"end":{"line":619,"column":26}},"53":{"start":{"line":621,"column":20},"end":{"line":621,"column":50}},"54":{"start":{"line":624,"column":12},"end":{"line":624,"column":75}},"55":{"start":{"line":625,"column":12},"end":{"line":681,"column":24}},"56":{"start":{"line":627,"column":16},"end":{"line":646,"column":19}},"57":{"start":{"line":647,"column":16},"end":{"line":647,"column":47}},"58":{"start":{"line":650,"column":16},"end":{"line":678,"column":19}},"59":{"start":{"line":679,"column":16},"end":{"line":679,"column":31}}},"branchMap":{"1":{"line":607,"type":"if","locations":[{"start":{"line":607,"column":20},"end":{"line":607,"column":20}},{"start":{"line":607,"column":20},"end":{"line":607,"column":20}}]},"2":{"line":609,"type":"if","locations":[{"start":{"line":609,"column":20},"end":{"line":609,"column":20}},{"start":{"line":609,"column":20},"end":{"line":609,"column":20}}]},"3":{"line":612,"type":"if","locations":[{"start":{"line":612,"column":20},"end":{"line":612,"column":20}},{"start":{"line":612,"column":20},"end":{"line":612,"column":20}}]}}},"/Users/vadim/Projects/pivot/build/common/models/data-source/data-source.js":{"path":"/Users/vadim/Projects/pivot/build/common/models/data-source/data-source.js","s":{"1":1,"2":1,"3":1,"4":1,"5":1,"6":1,"7":1,"8":1,"9":1,"10":1,"11":1,"12":1,"13":0,"14":0,"15":0,"16":0,"17":0,"18":0,"19":0,"20":0,"21":0,"22":0,"23":0,"24":0,"25":0,"26":0,"27":0,"28":1,"29":19,"30":19,"31":35,"32":35,"33":0,"34":35,"35":35,"36":1,"37":19,"38":19,"39":25,"40":25,"41":0,"42":25,"43":25,"44":1,"45":0,"46":0,"47":0,"48":0,"49":0,"50":0,"51":0,"52":0,"53":0,"54":0,"55":0,"56":0,"57":0,"58":0,"59":0,"60":0,"61":0,"62":0,"63":0,"64":0,"65":0,"66":0,"67":0,"68":1,"69":0,"70":0,"71":0,"72":1,"73":1,"74":1,"75":29,"76":29,"77":28,"78":28,"79":28,"80":28,"81":28,"82":28,"83":28,"84":28,"85":28,"86":28,"87":28,"88":28,"89":28,"90":28,"91":28,"92":28,"93":28,"94":28,"95":28,"96":28,"97":28,"98":28,"99":28,"100":28,"101":1,"102":45,"103":1,"104":0,"105":0,"106":0,"107":0,"108":0,"109":0,"110":0,"111":0,"112":1,"113":19,"114":19,"115":19,"116":19,"117":19,"118":19,"119":19,"120":19,"121":0,"122":0,"123":0,"124":19,"125":0,"126":0,"127":0,"128":19,"129":0,"130":0,"131":0,"132":19,"133":0,"134":0,"135":19,"136":19,"137":0,"138":19,"139":19,"140":19,"141":0,"142":19,"143":19,"144":6,"145":19,"146":19,"147":19,"148":19,"149":19,"150":0,"151":19,"152":35,"153":19,"154":25,"155":19,"156":5,"157":19,"158":19,"159":19,"160":0,"161":0,"162":0,"163":0,"164":0,"165":19,"166":19,"167":0,"168":19,"169":0,"170":19,"171":1,"172":10,"173":10,"174":0,"175":10,"176":4,"177":10,"178":1,"179":17,"180":36,"181":29,"182":17,"183":0,"184":17,"185":17,"186":17,"187":0,"188":17,"189":11,"190":17,"191":0,"192":17,"193":0,"194":17,"195":0,"196":17,"197":1,"198":2,"199":1,"200":2,"201":1,"202":40,"203":1,"204":40,"205":1,"206":28,"207":28,"208":25,"209":25,"210":1,"211":1,"212":1,"213":1,"214":0,"215":1,"216":1,"217":3,"218":3,"219":1,"220":0,"221":1,"222":1,"223":1,"224":1,"225":1,"226":1,"227":3,"228":3,"229":2,"230":1,"231":1,"232":5,"233":5,"234":4,"235":4,"236":2,"237":4,"238":1,"239":1,"240":1,"241":0,"242":1,"243":1,"244":1,"245":0,"246":1,"247":1,"248":1,"249":2,"250":2,"251":2,"252":0,"253":2,"254":0,"255":2,"256":2,"257":2,"258":0,"259":2,"260":2,"261":0,"262":2,"263":0,"264":0,"265":0,"266":0,"267":0,"268":2,"269":2,"270":2,"271":2,"272":1,"273":0,"274":0,"275":0,"276":1,"277":0,"278":0,"279":0,"280":0,"281":0,"282":0,"283":0,"284":1,"285":0,"286":1,"287":16,"288":16,"289":16,"290":0,"291":0,"292":0,"293":0,"294":1,"295":0,"296":0,"297":0,"298":0,"299":0,"300":0,"301":0,"302":0,"303":0,"304":1,"305":0,"306":0,"307":0,"308":1,"309":24,"310":1,"311":10,"312":1,"313":0,"314":0,"315":1,"316":0,"317":1,"318":0,"319":1,"320":89,"321":1,"322":15,"323":2,"324":1,"325":0,"326":0,"327":0,"328":1,"329":5,"330":1,"331":1,"332":1,"333":1,"334":1,"335":1,"336":5,"337":5,"338":1,"339":4,"340":4,"341":4,"342":4,"343":1,"344":3,"345":1,"346":3,"347":3,"348":3,"349":3,"350":4,"351":4,"352":1,"353":3,"354":1,"355":2,"356":1,"357":0,"358":1,"359":1,"360":5,"361":5,"362":5,"363":0,"364":5,"365":5,"366":5,"367":5,"368":27,"369":27,"370":27,"371":4,"372":23,"373":23,"374":4,"375":0,"376":4,"377":4,"378":4,"379":0,"380":0,"381":10,"382":4,"383":0,"384":4,"385":4,"386":4,"387":0,"388":4,"389":6,"390":0,"391":6,"392":6,"393":0,"394":6,"395":10,"396":0,"397":0,"398":0,"399":0,"400":0,"401":0,"402":0,"403":0,"404":0,"405":0,"406":0,"407":0,"408":0,"409":0,"410":9,"411":0,"412":9,"413":9,"414":11,"415":0,"416":11,"417":9,"418":0,"419":5,"420":0,"421":0,"422":5,"423":5,"424":5,"425":5,"426":5,"427":4,"428":5,"429":0,"430":5,"431":1,"432":0,"433":0,"434":0,"435":1,"436":0,"437":1,"438":1,"439":1,"440":1,"441":1,"442":1,"443":1},"b":{"1":[0,0],"2":[0,0],"3":[0,0],"4":[0,0],"5":[0,0],"6":[0,35],"7":[0,25],"8":[0,0],"9":[0,0],"10":[0,0],"11":[0,0],"12":[0,0],"13":[0,0],"14":[28,3],"15":[28,0],"16":[28,0],"17":[28,0],"18":[28,0],"19":[28,0],"20":[28,0],"21":[28,0],"22":[28,0],"23":[0,0],"24":[0,0],"25":[19,0],"26":[19,19],"27":[0,19],"28":[0,0],"29":[0,19],"30":[0,0],"31":[0,19],"32":[0,0],"33":[0,19],"34":[19,3],"35":[0,19],"36":[15,4],"37":[0,19],"38":[0,19],"39":[19,19],"40":[6,13],"41":[19,19],"42":[19,0],"43":[19,19],"44":[19,11],"45":[0,19],"46":[19,2],"47":[19,2],"48":[5,14],"49":[19,19],"50":[0,19],"51":[0,19],"52":[0,0],"53":[0,0],"54":[16,3],"55":[16,3],"56":[14,5],"57":[19,4],"58":[2,2],"59":[19,5],"60":[0,19],"61":[0,19],"62":[0,10],"63":[4,6],"64":[0,17],"65":[0,17],"66":[17,0],"67":[0,17],"68":[11,6],"69":[0,17],"70":[0,17],"71":[0,17],"72":[40,31,31,0],"73":[40,32,31,31,31,31,31,31,31,31,31,31,31,31,31,31,31,31,31,31,31],"74":[25,3],"75":[1,24],"76":[0,1],"77":[2,2],"78":[0,1],"79":[0,1],"80":[0,2],"81":[0,2],"82":[2,0],"83":[0,2],"84":[0,2],"85":[0,0],"86":[0,0],"87":[0,0],"88":[16,0],"89":[0,0],"90":[0,0],"91":[0,0],"92":[0,0],"93":[0,0],"94":[0,0],"95":[1,0],"96":[1,4],"97":[1,3],"98":[1,3],"99":[1,2],"100":[0,1],"101":[0,5],"102":[5,5],"103":[5,5],"104":[4,23],"105":[27,27],"106":[4,10,0,0,9,0],"107":[0,4],"108":[4,0],"109":[4,6],"110":[0,4],"111":[0,4],"112":[0,6],"113":[0,6],"114":[0,0],"115":[0,0],"116":[0,0],"117":[0,0],"118":[0,9],"119":[0,11],"120":[2,9],"121":[0,5],"122":[5,0],"123":[5,0],"124":[4,1],"125":[4,0],"126":[0,5],"127":[5,0]},"f":{"1":0,"2":19,"3":35,"4":19,"5":25,"6":0,"7":0,"8":0,"9":0,"10":1,"11":29,"12":45,"13":0,"14":0,"15":19,"16":35,"17":25,"18":10,"19":17,"20":36,"21":29,"22":2,"23":2,"24":40,"25":40,"26":28,"27":25,"28":1,"29":1,"30":3,"31":5,"32":1,"33":2,"34":0,"35":2,"36":0,"37":0,"38":0,"39":16,"40":0,"41":0,"42":24,"43":10,"44":0,"45":0,"46":0,"47":0,"48":89,"49":15,"50":2,"51":0,"52":5,"53":1,"54":5,"55":3,"56":5,"57":4,"58":11,"59":0,"60":0,"61":0},"fnMap":{"1":{"name":"formatTimeDiff","line":13,"loc":{"start":{"line":13,"column":0},"end":{"line":13,"column":30}}},"2":{"name":"makeUniqueDimensionList","line":30,"loc":{"start":{"line":30,"column":0},"end":{"line":30,"column":45}}},"3":{"name":"(anonymous_3)","line":32,"loc":{"start":{"line":32,"column":46},"end":{"line":32,"column":67}}},"4":{"name":"makeUniqueMeasureList","line":40,"loc":{"start":{"line":40,"column":0},"end":{"line":40,"column":41}}},"5":{"name":"(anonymous_5)","line":42,"loc":{"start":{"line":42,"column":44},"end":{"line":42,"column":63}}},"6":{"name":"measuresFromLongForm","line":50,"loc":{"start":{"line":50,"column":0},"end":{"line":50,"column":40}}},"7":{"name":"(anonymous_7)","line":74,"loc":{"start":{"line":74,"column":52},"end":{"line":74,"column":66}}},"8":{"name":"filterFromLongFrom","line":85,"loc":{"start":{"line":85,"column":0},"end":{"line":85,"column":38}}},"9":{"name":"(anonymous_9)","line":87,"loc":{"start":{"line":87,"column":51},"end":{"line":87,"column":64}}},"10":{"name":"(anonymous_10)","line":90,"loc":{"start":{"line":90,"column":18},"end":{"line":90,"column":30}}},"11":{"name":"DataSource","line":91,"loc":{"start":{"line":91,"column":4},"end":{"line":91,"column":36}}},"12":{"name":"(anonymous_12)","line":119,"loc":{"start":{"line":119,"column":30},"end":{"line":119,"column":51}}},"13":{"name":"(anonymous_13)","line":122,"loc":{"start":{"line":122,"column":31},"end":{"line":122,"column":53}}},"14":{"name":"(anonymous_14)","line":127,"loc":{"start":{"line":127,"column":44},"end":{"line":127,"column":63}}},"15":{"name":"(anonymous_15)","line":135,"loc":{"start":{"line":135,"column":24},"end":{"line":135,"column":55}}},"16":{"name":"(anonymous_16)","line":183,"loc":{"start":{"line":183,"column":83},"end":{"line":183,"column":96}}},"17":{"name":"(anonymous_17)","line":184,"loc":{"start":{"line":184,"column":77},"end":{"line":184,"column":90}}},"18":{"name":"(anonymous_18)","line":232,"loc":{"start":{"line":232,"column":35},"end":{"line":232,"column":47}}},"19":{"name":"(anonymous_19)","line":262,"loc":{"start":{"line":262,"column":32},"end":{"line":262,"column":44}}},"20":{"name":"(anonymous_20)","line":270,"loc":{"start":{"line":270,"column":54},"end":{"line":270,"column":75}}},"21":{"name":"(anonymous_21)","line":271,"loc":{"start":{"line":271,"column":50},"end":{"line":271,"column":69}}},"22":{"name":"(anonymous_22)","line":295,"loc":{"start":{"line":295,"column":34},"end":{"line":295,"column":46}}},"23":{"name":"(anonymous_23)","line":298,"loc":{"start":{"line":298,"column":36},"end":{"line":298,"column":48}}},"24":{"name":"(anonymous_24)","line":301,"loc":{"start":{"line":301,"column":34},"end":{"line":301,"column":51}}},"25":{"name":"(anonymous_25)","line":306,"loc":{"start":{"line":306,"column":48},"end":{"line":306,"column":65}}},"26":{"name":"(anonymous_26)","line":329,"loc":{"start":{"line":329,"column":45},"end":{"line":329,"column":57}}},"27":{"name":"(anonymous_27)","line":332,"loc":{"start":{"line":332,"column":31},"end":{"line":332,"column":50}}},"28":{"name":"(anonymous_28)","line":337,"loc":{"start":{"line":337,"column":46},"end":{"line":337,"column":58}}},"29":{"name":"(anonymous_29)","line":356,"loc":{"start":{"line":356,"column":37},"end":{"line":356,"column":49}}},"30":{"name":"(anonymous_30)","line":360,"loc":{"start":{"line":360,"column":27},"end":{"line":360,"column":48}}},"31":{"name":"(anonymous_31)","line":374,"loc":{"start":{"line":374,"column":25},"end":{"line":374,"column":44}}},"32":{"name":"(anonymous_32)","line":391,"loc":{"start":{"line":391,"column":42},"end":{"line":391,"column":95}}},"33":{"name":"(anonymous_33)","line":432,"loc":{"start":{"line":432,"column":38},"end":{"line":432,"column":50}}},"34":{"name":"(anonymous_34)","line":441,"loc":{"start":{"line":441,"column":86},"end":{"line":441,"column":105}}},"35":{"name":"(anonymous_35)","line":446,"loc":{"start":{"line":446,"column":18},"end":{"line":446,"column":50}}},"36":{"name":"(anonymous_36)","line":470,"loc":{"start":{"line":470,"column":42},"end":{"line":470,"column":62}}},"37":{"name":"(anonymous_37)","line":475,"loc":{"start":{"line":475,"column":46},"end":{"line":475,"column":58}}},"38":{"name":"(anonymous_38)","line":489,"loc":{"start":{"line":489,"column":39},"end":{"line":489,"column":51}}},"39":{"name":"(anonymous_39)","line":492,"loc":{"start":{"line":492,"column":42},"end":{"line":492,"column":54}}},"40":{"name":"(anonymous_40)","line":502,"loc":{"start":{"line":502,"column":39},"end":{"line":502,"column":51}}},"41":{"name":"(anonymous_41)","line":520,"loc":{"start":{"line":520,"column":47},"end":{"line":520,"column":59}}},"42":{"name":"(anonymous_42)","line":525,"loc":{"start":{"line":525,"column":40},"end":{"line":525,"column":65}}},"43":{"name":"(anonymous_43)","line":528,"loc":{"start":{"line":528,"column":52},"end":{"line":528,"column":74}}},"44":{"name":"(anonymous_44)","line":531,"loc":{"start":{"line":531,"column":46},"end":{"line":531,"column":62}}},"45":{"name":"(anonymous_45)","line":532,"loc":{"start":{"line":532,"column":38},"end":{"line":532,"column":51}}},"46":{"name":"(anonymous_46)","line":534,"loc":{"start":{"line":534,"column":44},"end":{"line":534,"column":56}}},"47":{"name":"(anonymous_47)","line":537,"loc":{"start":{"line":537,"column":43},"end":{"line":537,"column":57}}},"48":{"name":"(anonymous_48)","line":540,"loc":{"start":{"line":540,"column":38},"end":{"line":540,"column":61}}},"49":{"name":"(anonymous_49)","line":543,"loc":{"start":{"line":543,"column":50},"end":{"line":543,"column":72}}},"50":{"name":"(anonymous_50)","line":544,"loc":{"start":{"line":544,"column":34},"end":{"line":544,"column":53}}},"51":{"name":"(anonymous_51)","line":546,"loc":{"start":{"line":546,"column":44},"end":{"line":546,"column":66}}},"52":{"name":"(anonymous_52)","line":551,"loc":{"start":{"line":551,"column":36},"end":{"line":551,"column":48}}},"53":{"name":"(anonymous_53)","line":558,"loc":{"start":{"line":558,"column":44},"end":{"line":558,"column":56}}},"54":{"name":"(anonymous_54)","line":564,"loc":{"start":{"line":564,"column":27},"end":{"line":564,"column":48}}},"55":{"name":"(anonymous_55)","line":576,"loc":{"start":{"line":576,"column":25},"end":{"line":576,"column":44}}},"56":{"name":"(anonymous_56)","line":597,"loc":{"start":{"line":597,"column":41},"end":{"line":597,"column":66}}},"57":{"name":"(anonymous_57)","line":631,"loc":{"start":{"line":631,"column":44},"end":{"line":631,"column":66}}},"58":{"name":"(anonymous_58)","line":676,"loc":{"start":{"line":676,"column":40},"end":{"line":676,"column":62}}},"59":{"name":"(anonymous_59)","line":686,"loc":{"start":{"line":686,"column":47},"end":{"line":686,"column":60}}},"60":{"name":"(anonymous_60)","line":705,"loc":{"start":{"line":705,"column":41},"end":{"line":705,"column":60}}},"61":{"name":"(anonymous_61)","line":710,"loc":{"start":{"line":710,"column":48},"end":{"line":710,"column":60}}}},"statementMap":{"1":{"start":{"line":2,"column":0},"end":{"line":2,"column":21}},"2":{"start":{"line":3,"column":0},"end":{"line":3,"column":39}},"3":{"start":{"line":4,"column":0},"end":{"line":4,"column":51}},"4":{"start":{"line":5,"column":0},"end":{"line":5,"column":43}},"5":{"start":{"line":6,"column":0},"end":{"line":6,"column":35}},"6":{"start":{"line":7,"column":0},"end":{"line":7,"column":55}},"7":{"start":{"line":8,"column":0},"end":{"line":8,"column":52}},"8":{"start":{"line":9,"column":0},"end":{"line":9,"column":46}},"9":{"start":{"line":10,"column":0},"end":{"line":10,"column":43}},"10":{"start":{"line":11,"column":0},"end":{"line":11,"column":49}},"11":{"start":{"line":12,"column":0},"end":{"line":12,"column":61}},"12":{"start":{"line":13,"column":0},"end":{"line":29,"column":1}},"13":{"start":{"line":14,"column":4},"end":{"line":14,"column":45}},"14":{"start":{"line":15,"column":4},"end":{"line":16,"column":36}},"15":{"start":{"line":16,"column":8},"end":{"line":16,"column":36}},"16":{"start":{"line":17,"column":4},"end":{"line":17,"column":33}},"17":{"start":{"line":18,"column":4},"end":{"line":19,"column":26}},"18":{"start":{"line":19,"column":8},"end":{"line":19,"column":26}},"19":{"start":{"line":20,"column":4},"end":{"line":21,"column":33}},"20":{"start":{"line":21,"column":8},"end":{"line":21,"column":33}},"21":{"start":{"line":22,"column":4},"end":{"line":22,"column":33}},"22":{"start":{"line":23,"column":4},"end":{"line":24,"column":24}},"23":{"start":{"line":24,"column":8},"end":{"line":24,"column":24}},"24":{"start":{"line":25,"column":4},"end":{"line":26,"column":31}},"25":{"start":{"line":26,"column":8},"end":{"line":26,"column":31}},"26":{"start":{"line":27,"column":4},"end":{"line":27,"column":33}},"27":{"start":{"line":28,"column":4},"end":{"line":28,"column":26}},"28":{"start":{"line":30,"column":0},"end":{"line":39,"column":1}},"29":{"start":{"line":31,"column":4},"end":{"line":31,"column":18}},"30":{"start":{"line":32,"column":4},"end":{"line":38,"column":8}},"31":{"start":{"line":33,"column":8},"end":{"line":33,"column":57}},"32":{"start":{"line":34,"column":8},"end":{"line":35,"column":25}},"33":{"start":{"line":35,"column":12},"end":{"line":35,"column":25}},"34":{"start":{"line":36,"column":8},"end":{"line":36,"column":32}},"35":{"start":{"line":37,"column":8},"end":{"line":37,"column":20}},"36":{"start":{"line":40,"column":0},"end":{"line":49,"column":1}},"37":{"start":{"line":41,"column":4},"end":{"line":41,"column":18}},"38":{"start":{"line":42,"column":4},"end":{"line":48,"column":8}},"39":{"start":{"line":43,"column":8},"end":{"line":43,"column":53}},"40":{"start":{"line":44,"column":8},"end":{"line":45,"column":25}},"41":{"start":{"line":45,"column":12},"end":{"line":45,"column":25}},"42":{"start":{"line":46,"column":8},"end":{"line":46,"column":30}},"43":{"start":{"line":47,"column":8},"end":{"line":47,"column":20}},"44":{"start":{"line":50,"column":0},"end":{"line":84,"column":1}},"45":{"start":{"line":51,"column":4},"end":{"line":51,"column":161}},"46":{"start":{"line":52,"column":4},"end":{"line":52,"column":34}},"47":{"start":{"line":53,"column":4},"end":{"line":57,"column":5}},"48":{"start":{"line":54,"column":8},"end":{"line":55,"column":21}},"49":{"start":{"line":55,"column":12},"end":{"line":55,"column":21}},"50":{"start":{"line":56,"column":8},"end":{"line":56,"column":94}},"51":{"start":{"line":58,"column":4},"end":{"line":58,"column":22}},"52":{"start":{"line":59,"column":4},"end":{"line":82,"column":5}},"53":{"start":{"line":60,"column":8},"end":{"line":60,"column":33}},"54":{"start":{"line":61,"column":8},"end":{"line":61,"column":42}},"55":{"start":{"line":62,"column":8},"end":{"line":64,"column":9}},"56":{"start":{"line":63,"column":12},"end":{"line":63,"column":70}},"57":{"start":{"line":65,"column":8},"end":{"line":81,"column":9}},"58":{"start":{"line":66,"column":12},"end":{"line":66,"column":45}},"59":{"start":{"line":67,"column":12},"end":{"line":67,"column":63}},"60":{"start":{"line":68,"column":12},"end":{"line":69,"column":101}},"61":{"start":{"line":69,"column":16},"end":{"line":69,"column":101}},"62":{"start":{"line":70,"column":12},"end":{"line":70,"column":80}},"63":{"start":{"line":71,"column":12},"end":{"line":80,"column":16}},"64":{"start":{"line":75,"column":20},"end":{"line":77,"column":21}},"65":{"start":{"line":76,"column":24},"end":{"line":76,"column":114}},"66":{"start":{"line":78,"column":20},"end":{"line":78,"column"
[...]
:12,"column":12},"end":{"line":12,"column":76}},"11":{"start":{"line":15,"column":4},"end":{"line":33,"column":7}},"12":{"start":{"line":16,"column":8},"end":{"line":20,"column":11}},"13":{"start":{"line":17,"column":12},"end":{"line":17,"column":41}},"14":{"start":{"line":18,"column":12},"end":{"line":18,"column":75}},"15":{"start":{"line":19,"column":12},"end":{"line":19,"column":56}},"16":{"start":{"line":21,"column":8},"end":{"line":26,"column":11}},"17":{"start":{"line":22,"column":12},"end":{"line":22,"column":72}},"18":{"start":{"line":23,"column":12},"end":{"line":23,"column":79}},"19":{"start":{"line":24,"column":12},"end":{"line":24,"column":61}},"20":{"start":{"line":25,"column":12},"end":{"line":25,"column":65}},"21":{"start":{"line":27,"column":8},"end":{"line":32,"column":11}},"22":{"start":{"line":28,"column":12},"end":{"line":28,"column":72}},"23":{"start":{"line":29,"column":12},"end":{"line":29,"column":79}},"24":{"start":{"line":30,"column":12},"end":{"line":30,"column":62}},"25":{"start":{"line":31,"column":12},"end":{"line":31,"column":66}}},"branchMap":{}},"/Users/vadim/Projects/pivot/build/common/utils/formatter/formatter.js":{"path":"/Users/vadim/Projects/pivot/build/common/utils/formatter/formatter.js","s":{"1":1,"2":1,"3":1,"4":1,"5":5,"6":5,"7":36,"8":36,"9":10,"10":26,"11":5,"12":5,"13":5,"14":21,"15":5,"16":0,"17":1,"18":1,"19":3,"20":3,"21":3,"22":3,"23":3,"24":3,"25":3,"26":3,"27":3,"28":3,"29":3,"30":5,"31":0,"32":5,"33":0,"34":0,"35":0,"36":0,"37":1,"38":1,"39":0,"40":0,"41":0,"42":0,"43":0,"44":0,"45":0,"46":0,"47":0,"48":0,"49":0,"50":0,"51":0,"52":0,"53":0,"54":0,"55":1},"b":{"1":[10,26],"2":[36,26,26],"3":[5,0],"4":[3,0],"5":[3,1],"6":[2,1],"7":[0,5],"8":[5,5],"9":[0,0],"10":[0,0],"11":[0,0,0,0,0],"12":[0,0],"13":[0,0],"14":[0,0]},"f":{"1":5,"2":21,"3":3,"4":5,"5":0,"6":0},"fnMap":{"1":{"name":"getMiddleNumber","line":24,"loc":{"start":{"line":24,"column":0},"end":{"line":24,"column":33}}},"2":{"name":"(anonymous_2)","line":34,"loc":{"start":{"line":34,"column":29},"end":{"line":34,"column":45}}},"3":{"name":"formatterFromData","line":42,"loc":{"start":{"line":42,"column":0},"end":{"line":42,"column":43}}},"4":{"name":"(anonymous_4)","line":53,"loc":{"start":{"line":53,"column":15},"end":{"line":53,"column":28}}},"5":{"name":"(anonymous_5)","line":60,"loc":{"start":{"line":60,"column":15},"end":{"line":60,"column":28}}},"6":{"name":"formatLabel","line":68,"loc":{"start":{"line":68,"column":0},"end":{"line":68,"column":30}}}},"statementMap":{"1":{"start":{"line":2,"column":0},"end":{"line":2,"column":33}},"2":{"start":{"line":3,"column":0},"end":{"line":3,"column":56}},"3":{"start":{"line":4,"column":0},"end":{"line":23,"column":2}},"4":{"start":{"line":24,"column":0},"end":{"line":40,"column":1}},"5":{"start":{"line":25,"column":4},"end":{"line":25,"column":29}},"6":{"start":{"line":26,"column":4},"end":{"line":31,"column":5}},"7":{"start":{"line":27,"column":8},"end":{"line":27,"column":29}},"8":{"start":{"line":28,"column":8},"end":{"line":29,"column":21}},"9":{"start":{"line":29,"column":12},"end":{"line":29,"column":21}},"10":{"start":{"line":30,"column":8},"end":{"line":30,"column":42}},"11":{"start":{"line":32,"column":4},"end":{"line":32,"column":35}},"12":{"start":{"line":33,"column":4},"end":{"line":39,"column":5}},"13":{"start":{"line":34,"column":8},"end":{"line":34,"column":64}},"14":{"start":{"line":34,"column":47},"end":{"line":34,"column":60}},"15":{"start":{"line":35,"column":8},"end":{"line":35,"column":55}},"16":{"start":{"line":38,"column":8},"end":{"line":38,"column":17}},"17":{"start":{"line":41,"column":0},"end":{"line":41,"column":42}},"18":{"start":{"line":42,"column":0},"end":{"line":66,"column":1}},"19":{"start":{"line":43,"column":4},"end":{"line":43,"column":50}},"20":{"start":{"line":44,"column":4},"end":{"line":65,"column":5}},"21":{"start":{"line":45,"column":8},"end":{"line":45,"column":36}},"22":{"start":{"line":46,"column":8},"end":{"line":46,"column":29}},"23":{"start":{"line":47,"column":8},"end":{"line":47,"column":34}},"24":{"start":{"line":48,"column":8},"end":{"line":48,"column":45}},"25":{"start":{"line":49,"column":8},"end":{"line":49,"column":69}},"26":{"start":{"line":50,"column":8},"end":{"line":50,"column":52}},"27":{"start":{"line":51,"column":8},"end":{"line":51,"column":45}},"28":{"start":{"line":52,"column":8},"end":{"line":52,"column":46}},"29":{"start":{"line":53,"column":8},"end":{"line":57,"column":10}},"30":{"start":{"line":54,"column":12},"end":{"line":55,"column":27}},"31":{"start":{"line":55,"column":16},"end":{"line":55,"column":27}},"32":{"start":{"line":56,"column":12},"end":{"line":56,"column":68}},"33":{"start":{"line":60,"column":8},"end":{"line":64,"column":10}},"34":{"start":{"line":61,"column":12},"end":{"line":62,"column":27}},"35":{"start":{"line":62,"column":16},"end":{"line":62,"column":27}},"36":{"start":{"line":63,"column":12},"end":{"line":63,"column":45}},"37":{"start":{"line":67,"column":0},"end":{"line":67,"column":46}},"38":{"start":{"line":68,"column":0},"end":{"line":97,"column":1}},"39":{"start":{"line":69,"column":4},"end":{"line":69,"column":117}},"40":{"start":{"line":70,"column":4},"end":{"line":70,"column":32}},"41":{"start":{"line":71,"column":4},"end":{"line":95,"column":5}},"42":{"start":{"line":75,"column":12},"end":{"line":81,"column":13}},"43":{"start":{"line":76,"column":16},"end":{"line":76,"column":66}},"44":{"start":{"line":79,"column":16},"end":{"line":79,"column":66}},"45":{"start":{"line":80,"column":16},"end":{"line":80,"column":106}},"46":{"start":{"line":82,"column":12},"end":{"line":82,"column":18}},"47":{"start":{"line":84,"column":12},"end":{"line":84,"column":49}},"48":{"start":{"line":85,"column":12},"end":{"line":85,"column":69}},"49":{"start":{"line":86,"column":12},"end":{"line":91,"column":13}},"50":{"start":{"line":87,"column":16},"end":{"line":87,"column":115}},"51":{"start":{"line":90,"column":16},"end":{"line":90,"column":104}},"52":{"start":{"line":92,"column":12},"end":{"line":92,"column":18}},"53":{"start":{"line":94,"column":12},"end":{"line":94,"column":62}},"54":{"start":{"line":96,"column":4},"end":{"line":96,"column":17}},"55":{"start":{"line":98,"column":0},"end":{"line":98,"column":34}}},"branchMap":{"1":{"line":28,"type":"if","locations":[{"start":{"line":28,"column":8},"end":{"line":28,"column":8}},{"start":{"line":28,"column":8},"end":{"line":28,"column":8}}]},"2":{"line":28,"type":"binary-expr","locations":[{"start":{"line":28,"column":12},"end":{"line":28,"column":19}},{"start":{"line":28,"column":23},"end":{"line":28,"column":31}},{"start":{"line":28,"column":35},"end":{"line":28,"column":47}}]},"3":{"line":33,"type":"if","locations":[{"start":{"line":33,"column":4},"end":{"line":33,"column":4}},{"start":{"line":33,"column":4},"end":{"line":33,"column":4}}]},"4":{"line":44,"type":"if","locations":[{"start":{"line":44,"column":4},"end":{"line":44,"column":4}},{"start":{"line":44,"column":4},"end":{"line":44,"column":4}}]},"5":{"line":50,"type":"binary-expr","locations":[{"start":{"line":50,"column":19},"end":{"line":50,"column":45}},{"start":{"line":50,"column":49},"end":{"line":50,"column":51}}]},"6":{"line":52,"type":"cond-expr","locations":[{"start":{"line":52,"column":28},"end":{"line":52,"column":40}},{"start":{"line":52,"column":43},"end":{"line":52,"column":45}}]},"7":{"line":54,"type":"if","locations":[{"start":{"line":54,"column":12},"end":{"line":54,"column":12}},{"start":{"line":54,"column":12},"end":{"line":54,"column":12}}]},"8":{"line":54,"type":"binary-expr","locations":[{"start":{"line":54,"column":16},"end":{"line":54,"column":24}},{"start":{"line":54,"column":28},"end":{"line":54,"column":40}}]},"9":{"line":61,"type":"if","locations":[{"start":{"line":61,"column":12},"end":{"line":61,"column":12}},{"start":{"line":61,"column":12},"end":{"line":61,"column":12}}]},"10":{"line":61,"type":"binary-expr","locations":[{"start":{"line":61,"column":16},"end":{"line":61,"column":24}},{"start":{"line":61,"column":28},"end":{"line":61,"column":40}}]},"11":{"line":71,"type":"switch","locations":[{"start":{"line":72,"column":8},"end":{"line":72,"column":23}},{"start":{"line":73,"column":8},"end":{"line":73,"column":22}},{"start":{"line":74,"column":8},"end":{"line":82,"column":18}},{"start":{"line":83,"column":8},"end":{"line":92,"column":18}},{"start":{"line":93,"column":8},"end":{"line":94,"column":62}}]},"12":{"line":75,"type":"if","locations":[{"start":{"line":75,"column":12},"end":{"line":75,"column":12}},{"start":{"line":75,"column":12},"end":{"line":75,"column":12}}]},"13":{"line":80,"type":"cond-expr","locations":[{"start":{"line":80,"column":50},"end":{"line":80,"column":81}},{"start":{"line":80,"column":84},"end":{"line":80,"column":105}}]},"14":{"line":86,"type":"if","locations":[{"start":{"line":86,"column":12},"end":{"line":86,"column":12}},{"start":{"line":86,"column":12},"end":{"line":86,"column":12}}]}}},"/Users/vadim/Projects/pivot/build/client/utils/date/date.js":{"path":"/Users/vadim/Projects/pivot/build/client/utils/date/date.js","s":{"1":1,"2":1,"3":1,"4":1,"5":1,"6":1,"7":1,"8":0,"9":1,"10":0,"11":0,"12":1,"13":1,"14":1,"15":1,"16":1,"17":1,"18":0,"19":0,"20":0,"21":0,"22":0,"23":0,"24":0,"25":0,"26":0,"27":0,"28":0,"29":0,"30":0,"31":0,"32":0,"33":0,"34":0,"35":0,"36":0,"37":0,"38":0,"39":0,"40":0,"41":1},"b":{"1":[0,0],"2":[1,1],"3":[0,0],"4":[0,0,0],"5":[0,0],"6":[0,0],"7":[0,0],"8":[0,0],"9":[0,0,0,0],"10":[0,0],"11":[0,0],"12":[0,0]},"f":{"1":0,"2":0,"3":1,"4":0},"fnMap":{"1":{"name":"formatTimeOfDay","line":8,"loc":{"start":{"line":8,"column":0},"end":{"line":8,"column":28}}},"2":{"name":"isCurrentYear","line":11,"loc":{"start":{"line":11,"column":0},"end":{"line":11,"column":39}}},"3":{"name":"(anonymous_3)","line":15,"loc":{"start":{"line":15,"column":1},"end":{"line":15,"column":24}}},"4":{"name":"formatTimeRange","line":21,"loc":{"start":{"line":21,"column":0},"end":{"line":21,"column":59}}}},"statementMap":{"1":{"start":{"line":2,"column":0},"end":{"line":2,"column":23}},"2":{"start":{"line":3,"column":0},"end":{"line":3,"column":43}},"3":{"start":{"line":4,"column":0},"end":{"line":4,"column":50}},"4":{"start":{"line":5,"column":0},"end":{"line":5,"column":49}},"5":{"start":{"line":6,"column":0},"end":{"line":6,"column":60}},"6":{"start":{"line":7,"column":0},"end":{"line":7,"column":60}},"7":{"start":{"line":8,"column":0},"end":{"line":10,"column":1}},"8":{"start":{"line":9,"column":4},"end":{"line":9,"column":93}},"9":{"start":{"line":11,"column":0},"end":{"line":14,"column":1}},"10":{"start":{"line":12,"column":4},"end":{"line":12,"column":92}},"11":{"start":{"line":13,"column":4},"end":{"line":13,"column":46}},"12":{"start":{"line":15,"column":0},"end":{"line":19,"column":54}},"13":{"start":{"line":16,"column":4},"end":{"line":16,"column":54}},"14":{"start":{"line":17,"column":4},"end":{"line":17,"column":52}},"15":{"start":{"line":18,"column":4},"end":{"line":18,"column":56}},"16":{"start":{"line":20,"column":0},"end":{"line":20,"column":38}},"17":{"start":{"line":21,"column":0},"end":{"line":56,"column":1}},"18":{"start":{"line":22,"column":4},"end":{"line":22,"column":53}},"19":{"start":{"line":23,"column":4},"end":{"line":23,"column":89}},"20":{"start":{"line":24,"column":4},"end":{"line":24,"column":85}},"21":{"start":{"line":25,"column":4},"end":{"line":25,"column":114}},"22":{"start":{"line":26,"column":4},"end":{"line":26,"column":27}},"23":{"start":{"line":27,"column":4},"end":{"line":27,"column":18}},"24":{"start":{"line":28,"column":4},"end":{"line":40,"column":5}},"25":{"start":{"line":29,"column":8},"end":{"line":29,"column":98}},"26":{"start":{"line":32,"column":8},"end":{"line":32,"column":158}},"27":{"start":{"line":33,"column":8},"end":{"line":33,"column":67}},"28":{"start":{"line":34,"column":8},"end":{"line":39,"column":9}},"29":{"start":{"line":35,"column":12},"end":{"line":35,"column":94}},"30":{"start":{"line":38,"column":12},"end":{"line":38,"column":43}},"31":{"start":{"line":41,"column":4},"end":{"line":54,"column":5}},"32":{"start":{"line":42,"column":8},"end":{"line":42,"column":48}},"33":{"start":{"line":43,"column":8},"end":{"line":43,"column":72}},"34":{"start":{"line":44,"column":8},"end":{"line":44,"column":68}},"35":{"start":{"line":45,"column":8},"end":{"line":53,"column":9}},"36":{"start":{"line":46,"column":12},"end":{"line":46,"column":38}},"37":{"start":{"line":49,"column":12},"end":{"line":51,"column":13}},"38":{"start":{"line":50,"column":16},"end":{"line":50,"column":79}},"39":{"start":{"line":52,"column":12},"end":{"line":52,"column":62}},"40":{"start":{"line":55,"column":4},"end":{"line":55,"column":21}},"41":{"start":{"line":57,"column":0},"end":{"line":57,"column":42}}},"branchMap":{"1":{"line":9,"type":"cond-expr","locations":[{"start":{"line":9,"column":28},"end":{"line":9,"column":57}},{"start":{"line":9,"column":60},"end":{"line":9,"column":92}}]},"2":{"line":19,"type":"binary-expr","locations":[{"start":{"line":19,"column":3},"end":{"line":19,"column":22}},{"start":{"line":19,"column":27},"end":{"line":19,"column":51}}]},"3":{"line":28,"type":"if","locations":[{"start":{"line":28,"column":4},"end":{"line":28,"column":4}},{"start":{"line":28,"column":4},"end":{"line":28,"column":4}}]},"4":{"line":32,"type":"binary-expr","locations":[{"start":{"line":32,"column":22},"end":{"line":32,"column":56}},{"start":{"line":32,"column":61},"end":{"line":32,"column":96}},{"start":{"line":32,"column":100},"end":{"line":32,"column":156}}]},"5":{"line":33,"type":"cond-expr","locations":[{"start":{"line":33,"column":32},"end":{"line":33,"column":46}},{"start":{"line":33,"column":49},"end":{"line":33,"column":66}}]},"6":{"line":34,"type":"if","locations":[{"start":{"line":34,"column":8},"end":{"line":34,"column":8}},{"start":{"line":34,"column":8},"end":{"line":34,"column":8}}]},"7":{"line":34,"type":"binary-expr","locations":[{"start":{"line":34,"column":12},"end":{"line":34,"column":68}},{"start":{"line":34,"column":72},"end":{"line":34,"column":126}}]},"8":{"line":41,"type":"if","locations":[{"start":{"line":41,"column":4},"end":{"line":41,"column":4}},{"start":{"line":41,"column":4},"end":{"line":41,"column":4}}]},"9":{"line":41,"type":"binary-expr","locations":[{"start":{"line":41,"column":8},"end":{"line":41,"column":32}},{"start":{"line":41,"column":36},"end":{"line":41,"column":62}},{"start":{"line":41,"column":66},"end":{"line":41,"column":88}},{"start":{"line":41,"column":92},"end":{"line":41,"column":116}}]},"10":{"line":42,"type":"cond-expr","locations":[{"start":{"line":42,"column":36},"end":{"line":42,"column":39}},{"start":{"line":42,"column":42},"end":{"line":42,"column":46}}]},"11":{"line":45,"type":"if","locations":[{"start":{"line":45,"column":8},"end":{"line":45,"column":8}},{"start":{"line":45,"column":8},"end":{"line":45,"column":8}}]},"12":{"line":49,"type":"if","locations":[{"start":{"line":49,"column":12},"end":{"line":49,"column":12}},{"start":{"line":49,"column":12},"end":{"line":49,"column":12}}]}}},"/Users/vadim/Projects/pivot/build/common/utils/general/general.mocha.js":{"path":"/Users/vadim/Projects/pivot/build/common/utils/general/general.mocha.js","s":{"1":1,"2":1,"3":1,"4":1,"5":1,"6":1,"7":1,"8":1,"9":1,"10":1,"11":1,"12":1,"13":1,"14":1,"15":1,"16":1,"17":1,"18":1,"19":1,"20":1,"21":1,"22":1,"23":1,"24":1,"25":1,"26":1,"27":1,"28":1,"29":1,"30":1,"31":1,"32":1,"33":1,"34":1,"35":1,"36":1,"37":1},"b":{},"f":{"1":1,"2":1,"3":1,"4":1,"5":1,"6":1,"7":1,"8":1,"9":1,"10":1,"11":1,"12":1,"13":1,"14":1,"15":1,"16":1,"17":1},"fnMap":{"1":{"name":"(anonymous_1)","line":5,"loc":{"start":{"line":5,"column":20},"end":{"line":5,"column":32}}},"2":{"name":"(anonymous_2)","line":6,"loc":{"start":{"line":6,"column":27},"end":{"line":6,"column":39}}},"3":{"name":"(anonymous_3)","line":7,"loc":{"start":{"line":7,"column":37},"end":{"line":7,"column":49}}},"4":{"name":"(anonymous_4)","line":11,"loc":{"start":{"line":11,"column":37},"end":{"line":11,"column":49}}},"5":{"name":"(anonymous_5)","line":15,"loc":{"start":{"line":15,"column":37},"end":{"line":15,"column":49}}},"6":{"name":"(anonymous_6)","line":19,"loc":{"start":{"line":19,"column":37},"end":{"line":19,"column":49}}},"7":{"name":"(anonymous_7)","line":23,"loc":{"start":{"line":23,"column":37},"end":{"line":23,"column":49}}},"8":{"name":"(anonymous_8)","line":28,"loc":{"start":{"line":28,"column":34},"end":{"line":28,"column":46}}},"9":{"name":"(anonymous_9)","line":29,"loc":{"start":{"line":29,"column":33},"end":{"line":29,"column":45}}},"10":{"name":"(anonymous_10)","line":32,"loc":{"start":{"line":32,"column":32},"end":{"line":32,"column":44}}},"11":{"name":"(anonymous_11)","line":33,"loc":{"start":{"line":33,"column":26},"end":{"line":33,"column":38}}},"12":{"name":"(anonymous_12)","line":38,"loc":{"start":{"line":38,"column":26},"end":{"line":38,"column":38}}},"13":{"name":"(anonymous_13)","line":39,"loc":{"start":{"line":39,"column":41},"end":{"line":39,"column":53}}},"14":{"name":"(anonymous_14)","line":42,"loc":{"start":{"line":42,"column":41},"end":{"line":42,"column":53}}},"15":{"name":"(anonymous_15)","line":45,"loc":{"start":{"line":45,"column":48},"end":{"line":45,"column":60}}},"16":{"name":"(anonymous_16)","line":48,"loc":{"start":{"line":48,"column":56},"end":{"line":48,"column":68}}},"17":{"name":"(anonymous_17)","line":51,"loc":{"start":{"line":51,"column":53},"end":{"line":51,"column":65}}}},"statementMap":{"1":{"start":{"line":2,"column":0},"end":{"line":2,"column":29}},"2":{"start":{"line":3,"column":0},"end":{"line":3,"column":39}},"3":{"start":{"line":4,"column":0},"end":{"line":4,"column":37}},"4":{"start":{"line":5,"column":0},"end":{"line":55,"column":3}},"5":{"start":{"line":6,"column":4},"end":{"line":27,"column":7}},"6":{"start":{"line":7,"column":8},"end":{"line":10,"column":11}},"7":{"start":{"line":8,"column":12},"end":{"line":8,"column":58}},"8":{"start":{"line":9,"column":12},"end":{"line":9,"column":86}},"9":{"start":{"line":11,"column":8},"end":{"line":14,"column":11}},"10":{"start":{"line":12,"column":12},"end":{"line":12,"column":58}},"11":{"start":{"line":13,"column":12},"end":{"line":13,"column":86}},"12":{"start":{"line":15,"column":8},"end":{"line":18,"column":11}},"13":{"start":{"line":16,"column":12},"end":{"line":16,"column":58}},"14":{"start":{"line":17,"column":12},"end":{"line":17,"column":86}},"15":{"start":{"line":19,"column":8},"end":{"line":22,"column":11}},"16":{"start":{"line":20,"column":12},"end":{"line":20,"column":58}},"17":{"start":{"line":21,"column":12},"end":{"line":21,"column":86}},"18":{"start":{"line":23,"column":8},"end":{"line":26,"column":11}},"19":{"start":{"line":24,"column":12},"end":{"line":24,"column":58}},"20":{"start":{"line":25,"column":12},"end":{"line":25,"column":86}},"21":{"start":{"line":28,"column":4},"end":{"line":37,"column":7}},"22":{"start":{"line":29,"column":8},"end":{"line":31,"column":11}},"23":{"start":{"line":30,"column":12},"end":{"line":30,"column":56}},"24":{"start":{"line":32,"column":8},"end":{"line":36,"column":11}},"25":{"start":{"line":33,"column":12},"end":{"line":35,"column":112}},"26":{"start":{"line":34,"column":16},"end":{"line":34,"column":70}},"27":{"start":{"line":38,"column":4},"end":{"line":54,"column":7}},"28":{"start":{"line":39,"column":8},"end":{"line":41,"column":11}},"29":{"start":{"line":40,"column":12},"end":{"line":40,"column":86}},"30":{"start":{"line":42,"column":8},"end":{"line":44,"column":11}},"31":{"start":{"line":43,"column":12},"end":{"line":43,"column":85}},"32":{"start":{"line":45,"column":8},"end":{"line":47,"column":11}},"33":{"start":{"line":46,"column":12},"end":{"line":46,"column":88}},"34":{"start":{"line":48,"column":8},"end":{"line":50,"column":11}},"35":{"start":{"line":49,"column":12},"end":{"line":49,"column":90}},"36":{"start":{"line":51,"column":8},"end":{"line":53,"column":11}},"37":{"start":{"line":52,"column":12},"end":{"line":52,"column":90}}},"branchMap":{}}}