TN:
SF:/Users/vadim/Projects/pivot/build/common/models/colors/colors.mocha.js
FN:5,(anonymous_1)
FN:6,(anonymous_2)
FN:40,(anonymous_3)
FN:41,(anonymous_4)
FN:42,(anonymous_5)
FN:50,(anonymous_6)
FN:51,(anonymous_7)
FN:107,(anonymous_8)
FN:108,(anonymous_9)
FN:112,(anonymous_10)
FNF:10
FNH:10
FNDA:1,(anonymous_1)
FNDA:1,(anonymous_2)
FNDA:1,(anonymous_3)
FNDA:1,(anonymous_4)
FNDA:1,(anonymous_5)
FNDA:1,(anonymous_6)
FNDA:1,(anonymous_7)
FNDA:1,(anonymous_8)
FNDA:1,(anonymous_9)
FNDA:1,(anonymous_10)
DA:2,1
DA:3,1
DA:4,1
DA:5,1
DA:6,1
DA:7,1
DA:40,1
DA:41,1
DA:42,1
DA:43,1
DA:44,1
DA:50,1
DA:51,1
DA:52,1
DA:53,1
DA:63,1
DA:64,1
DA:65,1
DA:66,1
DA:67,1
DA:78,1
DA:79,1
DA:89,1
DA:90,1
DA:101,1
DA:102,1
DA:103,1
DA:107,1
DA:108,1
DA:109,1
DA:110,1
DA:112,1
DA:113,1
DA:114,1
LF:34
LH:34
BRF:0
BRH:0
end_of_record
TN:
SF:/Users/vadim/Projects/pivot/build/common/models/colors/colors.js
FN:19,valuesToJS
FN:28,valueEquals
FN:39,valuesEqual
FN:58,cloneValues
FN:68,(anonymous_5)
FN:69,Colors
FN:79,(anonymous_7)
FN:82,(anonymous_8)
FN:85,(anonymous_9)
FN:108,(anonymous_10)
FN:133,(anonymous_11)
FN:141,(anonymous_12)
FN:153,(anonymous_13)
FN:156,(anonymous_14)
FN:159,(anonymous_15)
FN:165,(anonymous_16)
FN:172,(anonymous_17)
FN:186,(anonymous_18)
FN:191,(anonymous_19)
FN:201,(anonymous_20)
FN:206,(anonymous_21)
FN:209,(anonymous_22)
FN:221,(anonymous_23)
FN:232,(anonymous_24)
FN:237,(anonymous_25)
FN:254,(anonymous_26)
FN:271,(anonymous_27)
FN:275,(anonymous_28)
FNF:28
FNH:22
FNDA:40,valuesToJS
FNDA:181,valueEquals
FNDA:44,valuesEqual
FNDA:4,cloneValues
FNDA:1,(anonymous_5)
FNDA:65,Colors
FNDA:82,(anonymous_7)
FNDA:1,(anonymous_8)
FNDA:3,(anonymous_9)
FNDA:50,(anonymous_10)
FNDA:11,(anonymous_11)
FNDA:47,(anonymous_12)
FNDA:7,(anonymous_13)
FNDA:7,(anonymous_14)
FNDA:72,(anonymous_15)
FNDA:0,(anonymous_16)
FNDA:0,(anonymous_17)
FNDA:0,(anonymous_18)
FNDA:0,(anonymous_19)
FNDA:0,(anonymous_20)
FNDA:0,(anonymous_21)
FNDA:13,(anonymous_22)
FNDA:2,(anonymous_23)
FNDA:7,(anonymous_24)
FNDA:2,(anonymous_25)
FNDA:2,(anonymous_26)
FNDA:2,(anonymous_27)
FNDA:6,(anonymous_28)
DA:2,1
DA:3,1
DA:4,1
DA:5,1
DA:7,1
DA:19,1
DA:20,40
DA:21,40
DA:22,400
DA:23,286
DA:24,114
DA:26,40
DA:28,1
DA:29,181
DA:30,145
DA:31,36
DA:32,5
DA:33,31
DA:34,0
DA:35,31
DA:36,0
DA:37,31
DA:39,1
DA:40,44
DA:41,6
DA:42,38
DA:43,9
DA:44,29
DA:45,0
DA:46,29
DA:47,0
DA:48,29
DA:49,155
DA:50,155
DA:51,155
DA:52,16
DA:53,139
DA:54,1
DA:56,12
DA:58,1
DA:59,4
DA:60,4
DA:61,40
DA:62,22
DA:63,18
DA:65,4
DA:67,1
DA:68,1
DA:69,1
DA:70,65
DA:71,65
DA:72,0
DA:73,65
DA:74,65
DA:75,65
DA:76,65
DA:77,0
DA:79,1
DA:80,82
DA:82,1
DA:83,1
DA:85,1
DA:86,3
DA:87,3
DA:88,3
DA:89,3
DA:90,3
DA:91,3
DA:92,15
DA:93,15
DA:94,2
DA:97,13
DA:98,13
DA:100,15
DA:102,3
DA:108,1
DA:109,50
DA:113,50
DA:114,50
DA:115,45
DA:116,45
DA:117,45
DA:118,450
DA:119,328
DA:120,122
DA:121,122
DA:122,0
DA:125,122
DA:128,45
DA:129,45
DA:131,50
DA:133,1
DA:134,11
DA:141,1
DA:142,47
DA:145,47
DA:146,40
DA:147,47
DA:148,16
DA:149,47
DA:150,7
DA:151,47
DA:153,1
DA:154,7
DA:156,1
DA:157,7
DA:159,1
DA:160,72
DA:165,1
DA:166,0
DA:167,0
DA:168,0
DA:170,0
DA:172,1
DA:173,0
DA:174,0
DA:175,0
DA:176,0
DA:177,0
DA:178,0
DA:179,0
DA:180,0
DA:181,0
DA:182,0
DA:184,0
DA:186,1
DA:187,0
DA:188,0
DA:189,0
DA:191,1
DA:192,0
DA:193,0
DA:194,0
DA:195,0
DA:196,0
DA:197,0
DA:201,1
DA:202,0
DA:206,1
DA:207,0
DA:209,1
DA:210,13
DA:211,13
DA:212,0
DA:213,13
DA:214,76
DA:215,34
DA:216,42
DA:217,7
DA:219,6
DA:221,1
DA:222,2
DA:223,2
DA:224,0
DA:225,2
DA:226,7
DA:227,5
DA:228,2
DA:230,0
DA:232,1
DA:233,7
DA:234,1
DA:235,6
DA:237,1
DA:238,2
DA:239,0
DA:240,2
DA:241,2
DA:242,0
DA:245,2
DA:246,2
DA:247,0
DA:248,2
DA:249,2
DA:250,2
DA:252,2
DA:254,1
DA:255,2
DA:256,0
DA:257,2
DA:258,2
DA:259,0
DA:262,2
DA:263,2
DA:264,0
DA:265,2
DA:266,2
DA:267,2
DA:269,2
DA:271,1
DA:272,2
DA:273,2
DA:274,2
DA:275,2
DA:276,6
DA:277,1
DA:278,5
DA:279,5
DA:283,0
DA:284,0
DA:285,0
DA:286,0
DA:287,0
DA:288,0
DA:289,0
DA:292,0
DA:293,0
DA:297,0
DA:300,0
DA:303,1
DA:305,1
DA:306,1
LF:212
LH:159
BRDA:22,1,0,286
BRDA:22,1,1,114
BRDA:29,2,0,145
BRDA:29,2,1,36
BRDA:31,3,0,5
BRDA:31,3,1,31
BRDA:33,4,0,0
BRDA:33,4,1,31
BRDA:33,5,0,31
BRDA:33,5,1,0
BRDA:35,6,0,0
BRDA:35,6,1,31
BRDA:40,7,0,6
BRDA:40,7,1,38
BRDA:42,8,0,9
BRDA:42,8,1,29
BRDA:44,9,0,0
BRDA:44,9,1,29
BRDA:46,10,0,0
BRDA:46,10,1,29
BRDA:51,11,0,16
BRDA:51,11,1,139
BRDA:53,12,0,1
BRDA:53,12,1,138
BRDA:61,13,0,22
BRDA:61,13,1,18
BRDA:71,14,0,0
BRDA:71,14,1,65
BRDA:76,15,0,0
BRDA:76,15,1,65
BRDA:76,16,0,65
BRDA:76,16,1,7
BRDA:93,17,0,2
BRDA:93,17,1,13
BRDA:114,18,0,45
BRDA:114,18,1,5
BRDA:118,19,0,328
BRDA:118,19,1,122
BRDA:121,20,0,0
BRDA:121,20,1,122
BRDA:145,21,0,40
BRDA:145,21,1,7
BRDA:147,22,0,16
BRDA:147,22,1,31
BRDA:149,23,0,7
BRDA:149,23,1,40
BRDA:160,24,0,72
BRDA:160,24,1,44
BRDA:160,24,2,21
BRDA:160,24,3,21
BRDA:167,25,0,0
BRDA:167,25,1,0
BRDA:174,26,0,0
BRDA:174,26,1,0
BRDA:177,27,0,0
BRDA:177,27,1,0
BRDA:180,28,0,0
BRDA:180,28,1,0
BRDA:187,29,0,0
BRDA:187,29,1,0
BRDA:193,30,0,0
BRDA:193,30,1,0
BRDA:195,31,0,0
BRDA:195,31,1,0
BRDA:207,32,0,0
BRDA:207,32,1,0
BRDA:211,33,0,0
BRDA:211,33,1,13
BRDA:214,34,0,34
BRDA:214,34,1,42
BRDA:216,35,0,7
BRDA:216,35,1,35
BRDA:223,36,0,0
BRDA:223,36,1,2
BRDA:226,37,0,5
BRDA:226,37,1,2
BRDA:233,38,0,1
BRDA:233,38,1,6
BRDA:238,39,0,0
BRDA:238,39,1,2
BRDA:241,40,0,0
BRDA:241,40,1,2
BRDA:246,41,0,0
BRDA:246,41,1,2
BRDA:248,42,0,2
BRDA:248,42,1,0
BRDA:255,43,0,0
BRDA:255,43,1,2
BRDA:258,44,0,0
BRDA:258,44,1,2
BRDA:263,45,0,0
BRDA:263,45,1,2
BRDA:274,46,0,2
BRDA:274,46,1,0
BRDA:276,47,0,1
BRDA:276,47,1,5
BRDA:276,48,0,6
BRDA:276,48,1,2
BRDA:279,49,0,3
BRDA:279,49,1,2
BRDA:286,50,0,0
BRDA:286,50,1,0
BRDA:288,51,0,0
BRDA:288,51,1,0
BRF:104
BRH:66
end_of_record
TN:
SF:/Users/vadim/Projects/pivot/build/common/utils/general/general.js
FN:5,hasOwnProperty
FN:11,moveInList
FN:18,(anonymous_3)
FN:29,makeTitle
FN:32,(anonymous_5)
FN:35,(anonymous_6)
FN:40,immutableListsEqual
FN:48,collect
FN:50,(anonymous_9)
FN:54,(anonymous_10)
FN:62,makeUrlSafeName
FN:66,verifyUrlSafeName
FN:77,arraySum
FN:78,(anonymous_14)
FNF:14
FNH:9
FNDA:1396,hasOwnProperty
FNDA:5,moveInList
FNDA:20,(anonymous_3)
FNDA:67,makeTitle
FNDA:92,(anonymous_5)
FNDA:21,(anonymous_6)
FNDA:178,immutableListsEqual
FNDA:0,collect
FNDA:0,(anonymous_9)
FNDA:0,(anonymous_10)
FNDA:208,makeUrlSafeName
FNDA:181,verifyUrlSafeName
FNDA:0,arraySum
FNDA:0,(anonymous_14)
DA:2,1
DA:3,1
DA:4,1
DA:5,1
DA:6,1396
DA:7,0
DA:8,1396
DA:10,1
DA:11,1
DA:12,5
DA:13,5
DA:14,0
DA:15,5
DA:16,0
DA:17,5
DA:18,5
DA:19,20
DA:20,4
DA:21,20
DA:22,15
DA:24,5
DA:25,1
DA:26,5
DA:28,1
DA:29,1
DA:30,67
DA:33,92
DA:36,21
DA:39,1
DA:40,1
DA:41,178
DA:42,129
DA:43,49
DA:44,0
DA:45,49
DA:47,1
DA:48,1
DA:49,0
DA:50,0
DA:51,0
DA:52,0
DA:54,0
DA:55,0
DA:56,0
DA:60,1
DA:61,1
DA:62,1
DA:63,208
DA:65,1
DA:66,1
DA:67,181
DA:68,0
DA:69,181
DA:70,0
DA:71,181
DA:72,181
DA:73,2
DA:76,1
DA:77,1
DA:78,0
DA:79,0
DA:82,1
LF:62
LH:47
BRDA:6,1,0,0
BRDA:6,1,1,1396
BRDA:13,2,0,0
BRDA:13,2,1,5
BRDA:13,3,0,5
BRDA:13,3,1,5
BRDA:15,4,0,0
BRDA:15,4,1,5
BRDA:15,5,0,5
BRDA:15,5,1,5
BRDA:19,6,0,4
BRDA:19,6,1,16
BRDA:21,7,0,15
BRDA:21,7,1,5
BRDA:24,8,0,1
BRDA:24,8,1,4
BRDA:41,9,0,129
BRDA:41,9,1,49
BRDA:43,10,0,0
BRDA:43,10,1,49
BRDA:55,11,0,0
BRDA:55,11,1,0
BRDA:67,12,0,0
BRDA:67,12,1,181
BRDA:69,13,0,0
BRDA:69,13,1,181
BRDA:72,14,0,2
BRDA:72,14,1,179
BRF:28
BRH:20
end_of_record
TN:
SF:/Users/vadim/Projects/pivot/build/common/models/customization/customization.mocha.js
FN:4,(anonymous_1)
FN:5,(anonymous_2)
FNF:2
FNH:2
FNDA:1,(anonymous_1)
FNDA:1,(anonymous_2)
DA:2,1
DA:3,1
DA:4,1
DA:5,1
DA:6,1
LF:5
LH:5
BRF:0
BRH:0
end_of_record
TN:
SF:/Users/vadim/Projects/pivot/build/common/models/customization/customization.js
FN:5,(anonymous_1)
FN:6,Customization
FN:12,(anonymous_3)
FN:15,(anonymous_4)
FN:23,(anonymous_5)
FN:28,(anonymous_6)
FN:35,(anonymous_7)
FN:42,(anonymous_8)
FN:46,(anonymous_9)
FN:49,(anonymous_10)
FN:52,(anonymous_11)
FNF:11
FNH:11
FNDA:1,(anonymous_1)
FNDA:19,Customization
FNDA:30,(anonymous_3)
FNDA:16,(anonymous_4)
FNDA:18,(anonymous_5)
FNDA:3,(anonymous_6)
FNDA:18,(anonymous_7)
FNDA:18,(anonymous_8)
FNDA:3,(anonymous_9)
FNDA:3,(anonymous_10)
FNDA:24,(anonymous_11)
DA:2,1
DA:3,1
DA:4,1
DA:5,1
DA:6,1
DA:7,19
DA:8,19
DA:9,19
DA:10,13
DA:12,1
DA:13,30
DA:15,1
DA:16,16
DA:20,16
DA:21,16
DA:22,16
DA:23,18
DA:24,11
DA:26,16
DA:28,1
DA:29,3
DA:35,1
DA:36,18
DA:37,18
DA:38,12
DA:39,18
DA:40,6
DA:41,18
DA:42,18
DA:44,18
DA:46,1
DA:47,3
DA:49,1
DA:50,3
DA:52,1
DA:53,24
DA:58,1
DA:60,1
DA:61,1
LF:39
LH:39
BRDA:7,1,0,19
BRDA:7,1,1,7
BRDA:8,2,0,19
BRDA:8,2,1,13
BRDA:9,3,0,13
BRDA:9,3,1,6
BRDA:22,4,0,11
BRDA:22,4,1,5
BRDA:37,5,0,12
BRDA:37,5,1,6
BRDA:39,6,0,6
BRDA:39,6,1,12
BRDA:41,7,0,12
BRDA:41,7,1,6
BRDA:53,8,0,24
BRDA:53,8,1,12
BRDA:53,8,2,9
BRDA:53,8,3,9
BRF:18
BRH:18
end_of_record
TN:
SF:/Users/vadim/Projects/pivot/build/common/models/external-view/external-view.js
FN:4,(anonymous_1)
FN:5,ExternalView
FN:20,(anonymous_3)
FN:31,(anonymous_4)
FN:34,(anonymous_5)
FN:43,(anonymous_6)
FN:52,(anonymous_7)
FN:61,(anonymous_8)
FN:64,(anonymous_9)
FN:70,(anonymous_10)
FNF:10
FNH:9
FNDA:1,(anonymous_1)
FNDA:30,ExternalView
FNDA:0,(anonymous_3)
FNDA:26,(anonymous_4)
FNDA:28,(anonymous_5)
FNDA:30,(anonymous_6)
FNDA:2,(anonymous_7)
FNDA:2,(anonymous_8)
FNDA:21,(anonymous_9)
FNDA:2,(anonymous_10)
DA:2,1
DA:3,1
DA:4,1
DA:5,1
DA:6,30
DA:7,30
DA:8,0
DA:9,30
DA:10,0
DA:11,30
DA:12,30
DA:13,30
DA:14,30
DA:15,30
DA:18,0
DA:20,30
DA:21,0
DA:22,0
DA:25,0
DA:26,0
DA:29,30
DA:31,1
DA:32,26
DA:34,1
DA:35,28
DA:36,28
DA:43,1
DA:44,30
DA:48,30
DA:49,12
DA:50,30
DA:52,1
DA:53,2
DA:57,2
DA:58,1
DA:59,2
DA:61,1
DA:62,2
DA:64,1
DA:65,21
DA:70,1
DA:71,2
DA:73,1
DA:75,1
DA:76,1
LF:45
LH:38
BRDA:7,1,0,0
BRDA:7,1,1,30
BRDA:9,2,0,0
BRDA:9,2,1,30
BRDA:48,3,0,12
BRDA:48,3,1,18
BRDA:57,4,0,1
BRDA:57,4,1,1
BRDA:65,5,0,21
BRDA:65,5,1,13
BRDA:65,5,2,12
BRDA:65,5,3,12
BRF:12
BRH:10
end_of_record
TN:
SF:/Users/vadim/Projects/pivot/build/common/models/data-source/data-source.mocha.js
FN:8,(anonymous_1)
FN:9,(anonymous_2)
FN:15,(anonymous_3)
FN:16,(anonymous_4)
FN:17,(anonymous_5)
FN:42,(anonymous_6)
FN:43,(anonymous_7)
FN:70,(anonymous_8)
FN:71,(anonymous_9)
FN:124,(anonymous_10)
FN:125,(anonymous_11)
FN:207,(anonymous_12)
FN:223,(anonymous_13)
FN:434,(anonymous_14)
FN:542,(anonymous_15)
FN:558,(anonymous_16)
FN:604,requester
FN:606,(anonymous_18)
FN:626,(anonymous_19)
FN:649,(anonymous_20)
FNF:20
FNH:20
FNDA:1,(anonymous_1)
FNDA:1,(anonymous_2)
FNDA:1,(anonymous_3)
FNDA:1,(anonymous_4)
FNDA:1,(anonymous_5)
FNDA:1,(anonymous_6)
FNDA:1,(anonymous_7)
FNDA:1,(anonymous_8)
FNDA:1,(anonymous_9)
FNDA:1,(anonymous_10)
FNDA:1,(anonymous_11)
FNDA:1,(anonymous_12)
FNDA:1,(anonymous_13)
FNDA:1,(anonymous_14)
FNDA:1,(anonymous_15)
FNDA:1,(anonymous_16)
FNDA:4,requester
FNDA:4,(anonymous_18)
FNDA:1,(anonymous_19)
FNDA:1,(anonymous_20)
DA:2,1
DA:3,1
DA:4,1
DA:5,1
DA:6,1
DA:7,1
DA:8,1
DA:9,1
DA:10,1
DA:15,1
DA:16,1
DA:17,1
DA:18,1
DA:42,1
DA:43,1
DA:44,1
DA:70,1
DA:71,1
DA:72,1
DA:114,1
DA:124,1
DA:125,1
DA:126,1
DA:174,1
DA:207,1
DA:208,1
DA:223,1
DA:224,1
DA:230,1
DA:231,1
DA:313,1
DA:321,1
DA:322,1
DA:434,1
DA:435,1
DA:441,1
DA:442,1
DA:542,1
DA:543,1
DA:558,1
DA:559,1
DA:603,1
DA:604,1
DA:605,4
DA:606,4
DA:607,4
DA:608,2
DA:609,2
DA:610,0
DA:611,2
DA:612,2
DA:613,1
DA:621,2
DA:624,1
DA:625,1
DA:627,1
DA:647,1
DA:650,1
DA:679,1
LF:59
LH:58
BRDA:607,1,0,2
BRDA:607,1,1,2
BRDA:609,2,0,0
BRDA:609,2,1,2
BRDA:612,3,0,1
BRDA:612,3,1,1
BRF:6
BRH:5
end_of_record
TN:
SF:/Users/vadim/Projects/pivot/build/common/models/data-source/data-source.js
FN:13,formatTimeDiff
FN:30,makeUniqueDimensionList
FN:32,(anonymous_3)
FN:40,makeUniqueMeasureList
FN:42,(anonymous_5)
FN:50,measuresFromLongForm
FN:74,(anonymous_7)
FN:85,filterFromLongFrom
FN:87,(anonymous_9)
FN:90,(anonymous_10)
FN:91,DataSource
FN:119,(anonymous_12)
FN:122,(anonymous_13)
FN:127,(anonymous_14)
FN:135,(anonymous_15)
FN:183,(anonymous_16)
FN:184,(anonymous_17)
FN:232,(anonymous_18)
FN:262,(anonymous_19)
FN:270,(anonymous_20)
FN:271,(anonymous_21)
FN:295,(anonymous_22)
FN:298,(anonymous_23)
FN:301,(anonymous_24)
FN:306,(anonymous_25)
FN:329,(anonymous_26)
FN:332,(anonymous_27)
FN:337,(anonymous_28)
FN:356,(anonymous_29)
FN:360,(anonymous_30)
FN:374,(anonymous_31)
FN:391,(anonymous_32)
FN:432,(anonymous_33)
FN:441,(anonymous_34)
FN:446,(anonymous_35)
FN:470,(anonymous_36)
FN:475,(anonymous_37)
FN:489,(anonymous_38)
FN:492,(anonymous_39)
FN:502,(anonymous_40)
FN:520,(anonymous_41)
FN:525,(anonymous_42)
FN:528,(anonymous_43)
FN:531,(anonymous_44)
FN:532,(anonymous_45)
FN:534,(anonymous_46)
FN:537,(anonymous_47)
FN:540,(anonymous_48)
FN:543,(anonymous_49)
FN:544,(anonymous_50)
FN:546,(anonymous_51)
FN:551,(anonymous_52)
FN:558,(anonymous_53)
FN:564,(anonymous_54)
FN:576,(anonymous_55)
FN:597,(anonymous_56)
FN:631,(anonymous_57)
FN:676,(anonymous_58)
FN:686,(anonymous_59)
FN:705,(anonymous_60)
FN:710,(anonymous_61)
FNF:61
FNH:40
FNDA:0,formatTimeDiff
FNDA:19,makeUniqueDimensionList
FNDA:35,(anonymous_3)
FNDA:19,makeUniqueMeasureList
FNDA:25,(anonymous_5)
FNDA:0,measuresFromLongForm
FNDA:0,(anonymous_7)
FNDA:0,filterFromLongFrom
FNDA:0,(anonymous_9)
FNDA:1,(anonymous_10)
FNDA:29,DataSource
FNDA:45,(anonymous_12)
FNDA:0,(anonymous_13)
FNDA:0,(anonymous_14)
FNDA:19,(anonymous_15)
FNDA:35,(anonymous_16)
FNDA:25,(anonymous_17)
FNDA:10,(anonymous_18)
FNDA:17,(anonymous_19)
FNDA:36,(anonymous_20)
FNDA:29,(anonymous_21)
FNDA:2,(anonymous_22)
FNDA:2,(anonymous_23)
FNDA:40,(anonymous_24)
FNDA:40,(anonymous_25)
FNDA:28,(anonymous_26)
FNDA:25,(anonymous_27)
FNDA:1,(anonymous_28)
FNDA:1,(anonymous_29)
FNDA:3,(anonymous_30)
FNDA:5,(anonymous_31)
FNDA:1,(anonymous_32)
FNDA:2,(anonymous_33)
FNDA:0,(anonymous_34)
FNDA:2,(anonymous_35)
FNDA:0,(anonymous_36)
FNDA:0,(anonymous_37)
FNDA:0,(anonymous_38)
FNDA:16,(anonymous_39)
FNDA:0,(anonymous_40)
FNDA:0,(anonymous_41)
FNDA:24,(anonymous_42)
FNDA:10,(anonymous_43)
FNDA:0,(anonymous_44)
FNDA:0,(anonymous_45)
FNDA:0,(anonymous_46)
FNDA:0,(anonymous_47)
FNDA:89,(anonymous_48)
FNDA:15,(anonymous_49)
FNDA:2,(anonymous_50)
FNDA:0,(anonymous_51)
FNDA:5,(anonymous_52)
FNDA:1,(anonymous_53)
FNDA:5,(anonymous_54)
FNDA:3,(anonymous_55)
FNDA:5,(anonymous_56)
FNDA:4,(anonymous_57)
FNDA:11,(anonymous_58)
FNDA:0,(anonymous_59)
FNDA:0,(anonymous_60)
FNDA:0,(anonymous_61)
DA:2,1
DA:3,1
DA:4,1
DA:5,1
DA:6,1
DA:7,1
DA:8,1
DA:9,1
DA:10,1
DA:11,1
DA:12,1
DA:13,1
DA:14,0
DA:15,0
DA:16,0
DA:17,0
DA:18,0
DA:19,0
DA:20,0
DA:21,0
DA:22,0
DA:23,0
DA:24,0
DA:25,0
DA:26,0
DA:27,0
DA:28,0
DA:30,1
DA:31,19
DA:32,19
DA:33,35
DA:34,35
DA:35,0
DA:36,35
DA:37,35
DA:40,1
DA:41,19
DA:42,19
DA:43,25
DA:44,25
DA:45,0
DA:46,25
DA:47,25
DA:50,1
DA:51,0
DA:52,0
DA:53,0
DA:54,0
DA:55,0
DA:56,0
DA:58,0
DA:59,0
DA:60,0
DA:61,0
DA:62,0
DA:63,0
DA:65,0
DA:66,0
DA:67,0
DA:68,0
DA:69,0
DA:70,0
DA:71,0
DA:75,0
DA:76,0
DA:78,0
DA:83,0
DA:85,1
DA:86,0
DA:87,0
DA:89,1
DA:90,1
DA:91,1
DA:92,29
DA:93,29
DA:94,28
DA:95,28
DA:96,28
DA:97,28
DA:98,28
DA:99,28
DA:100,28
DA:101,28
DA:102,28
DA:103,28
DA:104,28
DA:105,28
DA:106,28
DA:107,28
DA:108,28
DA:109,28
DA:110,28
DA:111,28
DA:112,28
DA:113,28
DA:114,28
DA:115,28
DA:116,28
DA:117,28
DA:119,1
DA:120,45
DA:122,1
DA:123,0
DA:124,0
DA:126,0
DA:127,0
DA:128,0
DA:129,0
DA:130,0
DA:132,0
DA:135,1
DA:136,19
DA:137,19
DA:138,19
DA:139,19
DA:140,19
DA:142,19
DA:143,19
DA:144,0
DA:145,0
DA:146,0
DA:148,19
DA:149,0
DA:150,0
DA:151,0
DA:153,19
DA:154,0
DA:155,0
DA:156,0
DA:158,19
DA:159,0
DA:160,0
DA:163,19
DA:164,19
DA:165,0
DA:167,19
DA:168,19
DA:169,19
DA:170,0
DA:172,19
DA:173,19
DA:174,6
DA:176,19
DA:177,19
DA:178,19
DA:179,19
DA:180,19
DA:181,0
DA:183,35
DA:184,25
DA:185,19
DA:186,5
DA:192,19
DA:193,19
DA:194,19
DA:195,0
DA:196,0
DA:197,0
DA:198,0
DA:199,0
DA:202,19
DA:226,19
DA:227,0
DA:228,19
DA:229,0
DA:230,19
DA:232,1
DA:233,10
DA:256,10
DA:257,0
DA:258,10
DA:259,4
DA:260,10
DA:262,1
DA:263,17
DA:270,36
DA:271,29
DA:279,17
DA:280,0
DA:281,17
DA:282,17
DA:283,17
DA:284,0
DA:285,17
DA:286,11
DA:287,17
DA:288,0
DA:289,17
DA:290,0
DA:291,17
DA:292,0
DA:293,17
DA:295,1
DA:296,2
DA:298,1
DA:299,2
DA:301,1
DA:302,40
DA:306,1
DA:307,40
DA:329,1
DA:330,28
DA:331,28
DA:332,25
DA:333,1
DA:337,1
DA:338,1
DA:339,1
DA:340,0
DA:341,1
DA:342,1
DA:343,3
DA:344,3
DA:346,1
DA:347,0
DA:351,1
DA:356,1
DA:357,1
DA:358,1
DA:359,1
DA:360,1
DA:361,3
DA:362,3
DA:365,2
DA:368,1
DA:374,1
DA:375,5
DA:376,5
DA:379,4
DA:383,4
DA:384,2
DA:386,4
DA:389,1
DA:391,1
DA:392,1
DA:393,0
DA:394,1
DA:395,1
DA:398,1
DA:399,0
DA:415,1
DA:430,1
DA:432,1
DA:433,2
DA:434,2
DA:435,2
DA:436,0
DA:437,2
DA:438,0
DA:439,2
DA:440,2
DA:441,2
DA:442,0
DA:445,2
DA:447,2
DA:448,0
DA:449,2
DA:450,0
DA:451,0
DA:452,0
DA:454,0
DA:455,0
DA:462,2
DA:463,2
DA:464,2
DA:467,2
DA:470,1
DA:471,0
DA:472,0
DA:473,0
DA:475,1
DA:476,0
DA:478,0
DA:480,0
DA:482,0
DA:483,0
DA:486,0
DA:487,0
DA:489,1
DA:490,0
DA:492,1
DA:493,16
DA:494,16
DA:495,16
DA:497,0
DA:498,0
DA:499,0
DA:500,0
DA:502,1
DA:503,0
DA:504,0
DA:505,0
DA:507,0
DA:508,0
DA:511,0
DA:512,0
DA:513,0
DA:516,0
DA:520,1
DA:521,0
DA:522,0
DA:523,0
DA:525,1
DA:526,24
DA:528,1
DA:529,10
DA:531,1
DA:532,0
DA:534,1
DA:535,0
DA:537,1
DA:538,0
DA:540,1
DA:541,89
DA:543,1
DA:544,15
DA:546,1
DA:547,0
DA:548,0
DA:549,0
DA:551,1
DA:552,5
DA:558,1
DA:559,1
DA:560,1
DA:561,1
DA:562,1
DA:564,1
DA:565,5
DA:566,5
DA:567,1
DA:568,4
DA:569,4
DA:570,4
DA:571,4
DA:572,1
DA:573,3
DA:576,1
DA:577,3
DA:578,3
DA:579,3
DA:580,3
DA:581,4
DA:582,4
DA:583,1
DA:584,3
DA:585,1
DA:588,2
DA:592,1
DA:593,0
DA:595,1
DA:597,1
DA:598,5
DA:599,5
DA:600,5
DA:601,0
DA:602,5
DA:603,5
DA:604,5
DA:605,5
DA:606,27
DA:607,27
DA:609,27
DA:610,4
DA:611,23
DA:612,23
DA:614,4
DA:615,0
DA:616,4
DA:617,4
DA:618,4
DA:620,0
DA:625,0
DA:627,10
DA:628,4
DA:629,0
DA:630,4
DA:631,4
DA:632,4
DA:633,0
DA:634,4
DA:638,6
DA:639,0
DA:640,6
DA:641,6
DA:642,0
DA:643,6
DA:648,10
DA:650,0
DA:651,0
DA:652,0
DA:653,0
DA:654,0
DA:655,0
DA:659,0
DA:661,0
DA:662,0
DA:663,0
DA:664,0
DA:665,0
DA:666,0
DA:671,0
DA:673,9
DA:674,0
DA:675,9
DA:676,9
DA:677,11
DA:678,0
DA:679,11
DA:681,9
DA:683,0
DA:686,5
DA:687,0
DA:692,5
DA:693,5
DA:694,5
DA:695,5
DA:696,5
DA:697,4
DA:700,5
DA:701,0
DA:703,5
DA:705,1
DA:706,0
DA:707,0
DA:708,0
DA:710,1
DA:711,0
DA:716,1
DA:717,1
DA:718,1
DA:719,1
DA:720,1
DA:722,1
DA:723,1
LF:435
LH:280
BRDA:15,1,0,0
BRDA:15,1,1,0
BRDA:18,2,0,0
BRDA:18,2,1,0
BRDA:20,3,0,0
BRDA:20,3,1,0
BRDA:23,4,0,0
BRDA:23,4,1,0
BRDA:25,5,0,0
BRDA:25,5,1,0
BRDA:34,6,0,0
BRDA:34,6,1,35
BRDA:44,7,0,0
BRDA:44,7,1,25
BRDA:54,8,0,0
BRDA:54,8,1,0
BRDA:62,9,0,0
BRDA:62,9,1,0
BRDA:68,10,0,0
BRDA:68,10,1,0
BRDA:73,11,0,0
BRDA:73,11,1,0
BRDA:75,12,0,0
BRDA:75,12,1,0
BRDA:75,13,0,0
BRDA:75,13,1,0
BRDA:95,14,0,28
BRDA:95,14,1,3
BRDA:96,15,0,28
BRDA:96,15,1,0
BRDA:97,16,0,28
BRDA:97,16,1,0
BRDA:100,17,0,28
BRDA:100,17,1,0
BRDA:101,18,0,28
BRDA:101,18,1,0
BRDA:102,19,0,28
BRDA:102,19,1,0
BRDA:103,20,0,28
BRDA:103,20,1,0
BRDA:105,21,0,28
BRDA:105,21,1,0
BRDA:106,22,0,28
BRDA:106,22,1,0
BRDA:123,23,0,0
BRDA:123,23,1,0
BRDA:129,24,0,0
BRDA:129,24,1,0
BRDA:136,25,0,19
BRDA:136,25,1,0
BRDA:142,26,0,19
BRDA:142,26,1,19
BRDA:143,27,0,0
BRDA:143,27,1,19
BRDA:144,28,0,0
BRDA:144,28,1,0
BRDA:148,29,0,0
BRDA:148,29,1,19
BRDA:149,30,0,0
BRDA:149,30,1,0
BRDA:153,31,0,0
BRDA:153,31,1,19
BRDA:154,32,0,0
BRDA:154,32,1,0
BRDA:158,33,0,0
BRDA:158,33,1,19
BRDA:163,34,0,19
BRDA:163,34,1,3
BRDA:164,35,0,0
BRDA:164,35,1,19
BRDA:167,36,0,15
BRDA:167,36,1,4
BRDA:168,37,0,0
BRDA:168,37,1,19
BRDA:169,38,0,0
BRDA:169,38,1,19
BRDA:169,39,0,19
BRDA:169,39,1,19
BRDA:173,40,0,6
BRDA:173,40,1,13
BRDA:173,41,0,19
BRDA:173,41,1,19
BRDA:176,42,0,19
BRDA:176,42,1,0
BRDA:177,43,0,19
BRDA:177,43,1,19
BRDA:178,44,0,19
BRDA:178,44,1,11
BRDA:180,45,0,0
BRDA:180,45,1,19
BRDA:183,46,0,19
BRDA:183,46,1,2
BRDA:184,47,0,19
BRDA:184,47,1,2
BRDA:185,48,0,5
BRDA:185,48,1,14
BRDA:185,49,0,19
BRDA:185,49,1,19
BRDA:192,50,0,0
BRDA:192,50,1,19
BRDA:194,51,0,0
BRDA:194,51,1,19
BRDA:196,52,0,0
BRDA:196,52,1,0
BRDA:197,53,0,0
BRDA:197,53,1,0
BRDA:218,54,0,16
BRDA:218,54,1,3
BRDA:219,55,0,16
BRDA:219,55,1,3
BRDA:220,56,0,14
BRDA:220,56,1,5
BRDA:221,57,0,19
BRDA:221,57,1,4
BRDA:221,58,0,2
BRDA:221,58,1,2
BRDA:222,59,0,19
BRDA:222,59,1,5
BRDA:226,60,0,0
BRDA:226,60,1,19
BRDA:228,61,0,0
BRDA:228,61,1,19
BRDA:256,62,0,0
BRDA:256,62,1,10
BRDA:258,63,0,4
BRDA:258,63,1,6
BRDA:268,64,0,0
BRDA:268,64,1,17
BRDA:279,65,0,0
BRDA:279,65,1,17
BRDA:281,66,0,17
BRDA:281,66,1,0
BRDA:283,67,0,0
BRDA:283,67,1,17
BRDA:285,68,0,11
BRDA:285,68,1,6
BRDA:287,69,0,0
BRDA:287,69,1,17
BRDA:289,70,0,0
BRDA:289,70,1,17
BRDA:291,71,0,0
BRDA:291,71,1,17
BRDA:302,72,0,40
BRDA:302,72,1,31
BRDA:302,72,2,31
BRDA:302,72,3,0
BRDA:307,73,0,40
BRDA:307,73,1,32
BRDA:307,73,2,31
BRDA:307,73,3,31
BRDA:307,73,4,31
BRDA:307,73,5,31
BRDA:307,73,6,31
BRDA:307,73,7,31
BRDA:307,73,8,31
BRDA:307,73,9,31
BRDA:307,73,10,31
BRDA:307,73,11,31
BRDA:307,73,12,31
BRDA:307,73,13,31
BRDA:307,73,14,31
BRDA:307,73,15,31
BRDA:307,73,16,31
BRDA:307,73,17,31
BRDA:307,73,18,31
BRDA:307,73,19,31
BRDA:307,73,20,31
BRDA:331,74,0,25
BRDA:331,74,1,3
BRDA:332,75,0,1
BRDA:332,75,1,24
BRDA:339,76,0,0
BRDA:339,76,1,1
BRDA:383,77,0,2
BRDA:383,77,1,2
BRDA:392,78,0,0
BRDA:392,78,1,1
BRDA:398,79,0,0
BRDA:398,79,1,1
BRDA:435,80,0,0
BRDA:435,80,1,2
BRDA:437,81,0,0
BRDA:437,81,1,2
BRDA:440,82,0,2
BRDA:440,82,1,0
BRDA:447,83,0,0
BRDA:447,83,1,2
BRDA:449,84,0,0
BRDA:449,84,1,2
BRDA:454,85,0,0
BRDA:454,85,1,0
BRDA:454,86,0,0
BRDA:454,86,1,0
BRDA:482,87,0,0
BRDA:482,87,1,0
BRDA:494,88,0,16
BRDA:494,88,1,0
BRDA:498,89,0,0
BRDA:498,89,1,0
BRDA:504,90,0,0
BRDA:504,90,1,0
BRDA:507,91,0,0
BRDA:507,91,1,0
BRDA:512,92,0,0
BRDA:512,92,1,0
BRDA:521,93,0,0
BRDA:521,93,1,0
BRDA:523,94,0,0
BRDA:523,94,1,0
BRDA:561,95,0,1
BRDA:561,95,1,0
BRDA:566,96,0,1
BRDA:566,96,1,4
BRDA:571,97,0,1
BRDA:571,97,1,3
BRDA:582,98,0,1
BRDA:582,98,1,3
BRDA:584,99,0,1
BRDA:584,99,1,2
BRDA:592,100,0,0
BRDA:592,100,1,1
BRDA:600,101,0,0
BRDA:600,101,1,5
BRDA:602,102,0,5
BRDA:602,102,1,5
BRDA:603,103,0,5
BRDA:603,103,1,5
BRDA:609,104,0,4
BRDA:609,104,1,23
BRDA:609,105,0,27
BRDA:609,105,1,27
BRDA:612,106,0,4
BRDA:612,106,1,10
BRDA:612,106,2,0
BRDA:612,106,3,0
BRDA:612,106,4,9
BRDA:612,106,5,0
BRDA:614,107,0,0
BRDA:614,107,1,4
BRDA:617,108,0,4
BRDA:617,108,1,0
BRDA:627,109,0,4
BRDA:627,109,1,6
BRDA:628,110,0,0
BRDA:628,110,1,4
BRDA:632,111,0,0
BRDA:632,111,1,4
BRDA:638,112,0,0
BRDA:638,112,1,6
BRDA:641,113,0,0
BRDA:641,113,1,6
BRDA:650,114,0,0
BRDA:650,114,1,0
BRDA:653,115,0,0
BRDA:653,115,1,0
BRDA:661,116,0,0
BRDA:661,116,1,0
BRDA:664,117,0,0
BRDA:664,117,1,0
BRDA:673,118,0,0
BRDA:673,118,1,9
BRDA:677,119,0,0
BRDA:677,119,1,11
BRDA:679,120,0,2
BRDA:679,120,1,9
BRDA:686,121,0,0
BRDA:686,121,1,5
BRDA:686,122,0,5
BRDA:686,122,1,0
BRDA:693,123,0,5
BRDA:693,123,1,0
BRDA:696,124,0,4
BRDA:696,124,1,1
BRDA:697,125,0,4
BRDA:697,125,1,0
BRDA:700,126,0,0
BRDA:700,126,1,5
BRDA:700,127,0,5
BRDA:700,127,1,0
BRF:279
BRH:155
end_of_record
TN:
SF:/Users/vadim/Projects/pivot/build/common/models/dimension/dimension.js
FN:6,isGeo
FN:9,typeToKind
FN:15,(anonymous_3)
FN:16,Dimension
FN:37,(anonymous_5)
FN:40,(anonymous_6)
FN:44,(anonymous_7)
FN:46,(anonymous_8)
FN:47,(anonymous_9)
FN:49,(anonymous_10)
FN:58,(anonymous_11)
FN:67,(anonymous_12)
FN:78,(anonymous_13)
FN:81,(anonymous_14)
FN:84,(anonymous_15)
FNF:15
FNH:15
FNDA:38,isGeo
FNDA:22,typeToKind
FNDA:1,(anonymous_3)
FNDA:64,Dimension
FNDA:31,(anonymous_5)
FNDA:24,(anonymous_6)
FNDA:48,(anonymous_7)
FNDA:35,(anonymous_8)
FNDA:40,(anonymous_9)
FNDA:51,(anonymous_10)
FNDA:2,(anonymous_11)
FNDA:54,(anonymous_12)
FNDA:2,(anonymous_13)
FNDA:2,(anonymous_14)
FNDA:26,(anonymous_15)
DA:2,1
DA:3,1
DA:4,1
DA:5,1
DA:6,1
DA:7,38
DA:9,1
DA:10,22
DA:11,19
DA:12,3
DA:14,1
DA:15,1
DA:16,1
DA:17,64
DA:18,64
DA:19,64
DA:20,64
DA:21,64
DA:22,64
DA:23,64
DA:24,64
DA:25,12
DA:28,52
DA:30,64
DA:31,12
DA:32,0
DA:34,12
DA:37,1
DA:38,31
DA:40,1
DA:41,24
DA:42,0
DA:43,24
DA:44,48
DA:46,1
DA:47,40
DA:49,1
DA:50,51
DA:58,1
DA:59,2
DA:67,1
DA:68,54
DA:74,54
DA:75,12
DA:76,54
DA:78,1
DA:79,2
DA:81,1
DA:82,2
DA:84,1
DA:85,26
DA:92,1
DA:94,1
DA:95,1
LF:54
LH:52
BRDA:10,1,0,19
BRDA:10,1,1,3
BRDA:20,2,0,64
BRDA:20,2,1,24
BRDA:21,3,0,64
BRDA:21,3,1,1
BRDA:22,4,0,64
BRDA:22,4,1,14
BRDA:22,4,2,11
BRDA:24,5,0,12
BRDA:24,5,1,52
BRDA:24,6,0,64
BRDA:24,6,1,38
BRDA:30,7,0,12
BRDA:30,7,1,52
BRDA:31,8,0,0
BRDA:31,8,1,12
BRDA:41,9,0,0
BRDA:41,9,1,24
BRDA:53,10,0,50
BRDA:53,10,1,1
BRDA:54,11,0,51
BRDA:54,11,1,8
BRDA:74,12,0,12
BRDA:74,12,1,42
BRDA:85,13,0,26
BRDA:85,13,1,18
BRDA:85,13,2,17
BRDA:85,13,3,17
BRDA:85,13,4,17
BRDA:85,13,5,17
BRF:31
BRH:29
end_of_record
TN:
SF:/Users/vadim/Projects/pivot/build/common/models/measure/measure.js
FN:6,formatFnFactory
FN:7,(anonymous_2)
FN:14,(anonymous_3)
FN:15,Measure
FN:30,(anonymous_5)
FN:33,(anonymous_6)
FN:37,(anonymous_7)
FN:44,(anonymous_8)
FN:46,(anonymous_9)
FN:64,(anonymous_10)
FN:66,(anonymous_11)
FN:79,(anonymous_12)
FN:122,(anonymous_13)
FN:131,(anonymous_14)
FN:139,(anonymous_15)
FN:149,(anonymous_16)
FN:152,(anonymous_17)
FN:155,(anonymous_18)
FN:162,(anonymous_19)
FN:169,(anonymous_20)
FNF:20
FNH:17
FNDA:68,formatFnFactory
FNDA:0,(anonymous_2)
FNDA:1,(anonymous_3)
FNDA:68,Measure
FNDA:33,(anonymous_5)
FNDA:89,(anonymous_6)
FNDA:61,(anonymous_7)
FNDA:3,(anonymous_8)
FNDA:12,(anonymous_9)
FNDA:3,(anonymous_10)
FNDA:12,(anonymous_11)
FNDA:18,(anonymous_12)
FNDA:45,(anonymous_13)
FNDA:2,(anonymous_14)
FNDA:59,(anonymous_15)
FNDA:2,(anonymous_16)
FNDA:2,(anonymous_17)
FNDA:28,(anonymous_18)
FNDA:0,(anonymous_19)
FNDA:0,(anonymous_20)
DA:2,1
DA:3,1
DA:4,1
DA:5,1
DA:6,1
DA:7,68
DA:8,0
DA:9,0
DA:10,0
DA:13,1
DA:14,1
DA:15,1
DA:16,68
DA:17,68
DA:18,68
DA:19,68
DA:20,68
DA:21,68
DA:22,0
DA:23,68
DA:24,68
DA:25,68
DA:26,0
DA:27,68
DA:28,68
DA:30,1
DA:31,33
DA:33,1
DA:34,89
DA:35,33
DA:36,56
DA:37,61
DA:44,1
DA:45,3
DA:46,3
DA:47,12
DA:48,4
DA:49,4
DA:50,5
DA:51,5
DA:52,4
DA:57,3
DA:64,1
DA:65,3
DA:66,3
DA:67,12
DA:68,4
DA:69,4
DA:70,5
DA:71,5
DA:72,1
DA:77,3
DA:79,1
DA:80,18
DA:81,18
DA:82,18
DA:83,18
DA:84,8
DA:85,5
DA:92,3
DA:93,3
DA:105,10
DA:106,10
DA:107,10
DA:108,3
DA:110,1
DA:111,1
DA:113,1
DA:114,1
DA:117,10
DA:122,1
DA:123,45
DA:124,45
DA:131,1
DA:132,2
DA:139,1
DA:140,59
DA:145,59
DA:146,0
DA:147,59
DA:149,1
DA:150,2
DA:152,1
DA:153,2
DA:155,1
DA:156,28
DA:162,1
DA:163,0
DA:164,0
DA:169,1
DA:170,0
DA:172,1
DA:173,1
DA:174,1
DA:176,1
DA:177,1
LF:96
LH:87
BRDA:8,1,0,0
BRDA:8,1,1,0
BRDA:8,2,0,0
BRDA:8,2,1,0
BRDA:19,3,0,68
BRDA:19,3,1,35
BRDA:21,4,0,0
BRDA:21,4,1,68
BRDA:24,5,0,68
BRDA:24,5,1,66
BRDA:25,6,0,0
BRDA:25,6,1,68
BRDA:34,7,0,33
BRDA:34,7,1,56
BRDA:47,8,0,4
BRDA:47,8,1,8
BRDA:51,9,0,4
BRDA:51,9,1,1
BRDA:67,10,0,4
BRDA:67,10,1,8
BRDA:71,11,0,1
BRDA:71,11,1,4
BRDA:83,12,0,8
BRDA:83,12,1,10
BRDA:84,13,0,5
BRDA:84,13,1,3
BRDA:92,14,0,3
BRDA:92,14,1,0
BRDA:107,15,0,3
BRDA:107,15,1,7
BRDA:108,16,0,1
BRDA:108,16,1,1
BRDA:127,17,0,45
BRDA:127,17,1,0
BRDA:145,18,0,0
BRDA:145,18,1,59
BRDA:156,19,0,28
BRDA:156,19,1,18
BRDA:156,19,2,17
BRDA:156,19,3,17
BRDA:156,19,4,16
BRF:41
BRH:32
end_of_record
TN:
SF:/Users/vadim/Projects/pivot/build/common/models/filter/filter.js
FN:8,withholdClause
FN:9,(anonymous_2)
FN:13,swapClause
FN:14,(anonymous_4)
FN:18,dateToFileString
FN:25,(anonymous_6)
FN:26,Filter
FN:29,(anonymous_8)
FN:32,(anonymous_9)
FN:37,(anonymous_10)
FN:44,(anonymous_11)
FN:48,(anonymous_12)
FN:51,(anonymous_13)
FN:54,(anonymous_14)
FN:57,(anonymous_15)
FN:58,(anonymous_16)
FN:60,(anonymous_17)
FN:64,(anonymous_18)
FN:69,(anonymous_19)
FN:73,(anonymous_20)
FN:79,(anonymous_21)
FN:82,(anonymous_22)
FN:85,(anonymous_23)
FN:88,(anonymous_24)
FN:89,(anonymous_25)
FN:101,(anonymous_26)
FN:102,(anonymous_27)
FN:104,(anonymous_28)
FN:107,(anonymous_29)
FN:109,(anonymous_30)
FN:110,(anonymous_31)
FN:112,(anonymous_32)
FN:113,(anonymous_33)
FN:115,(anonymous_34)
FN:118,(anonymous_35)
FN:125,(anonymous_36)
FN:140,(anonymous_37)
FN:147,(anonymous_38)
FN:162,(anonymous_39)
FN:165,(anonymous_40)
FN:172,(anonymous_41)
FN:187,(anonymous_42)
FN:194,(anonymous_43)
FN:197,(anonymous_44)
FN:207,(anonymous_45)
FN:214,(anonymous_46)
FN:217,(anonymous_47)
FN:231,(anonymous_48)
FN:234,(anonymous_49)
FN:239,(anonymous_50)
FN:245,(anonymous_51)
FN:249,(anonymous_52)
FN:267,(anonymous_53)
FN:270,(anonymous_54)
FNF:54
FNH:20
FNDA:0,withholdClause
FNDA:0,(anonymous_2)
FNDA:0,swapClause
FNDA:0,(anonymous_4)
FNDA:0,dateToFileString
FNDA:1,(anonymous_6)
FNDA:107,Filter
FNDA:119,(anonymous_8)
FNDA:0,(anonymous_9)
FNDA:95,(anonymous_10)
FNDA:60,(anonymous_11)
FNDA:6,(anonymous_12)
FNDA:103,(anonymous_13)
FNDA:6,(anonymous_14)
FNDA:6,(anonymous_15)
FNDA:6,(anonymous_16)
FNDA:110,(anonymous_17)
FNDA:0,(anonymous_18)
FNDA:0,(anonymous_19)
FNDA:0,(anonymous_20)
FNDA:0,(anonymous_21)
FNDA:0,(anonymous_22)
FNDA:0,(anonymous_23)
FNDA:106,(anonymous_24)
FNDA:61,(anonymous_25)
FNDA:0,(anonymous_26)
FNDA:0,(anonymous_27)
FNDA:0,(anonymous_28)
FNDA:0,(anonymous_29)
FNDA:21,(anonymous_30)
FNDA:2,(anonymous_31)
FNDA:0,(anonymous_32)
FNDA:0,(anonymous_33)
FNDA:0,(anonymous_34)
FNDA:0,(anonymous_35)
FNDA:2,(anonymous_36)
FNDA:0,(anonymous_37)
FNDA:0,(anonymous_38)
FNDA:0,(anonymous_39)
FNDA:16,(anonymous_40)
FNDA:3,(anonymous_41)
FNDA:0,(anonymous_42)
FNDA:0,(anonymous_43)
FNDA:0,(anonymous_44)
FNDA:0,(anonymous_45)
FNDA:0,(anonymous_46)
FNDA:0,(anonymous_47)
FNDA:0,(anonymous_48)
FNDA:0,(anonymous_49)
FNDA:0,(anonymous_50)
FNDA:28,(anonymous_51)
FNDA:5,(anonymous_52)
FNDA:0,(anonymous_53)
FNDA:0,(anonymous_54)
DA:2,1
DA:3,1
DA:4,1
DA:5,1
DA:6,1
DA:7,1
DA:8,1
DA:9,0
DA:10,0
DA:13,1
DA:14,0
DA:15,0
DA:18,1
DA:19,0
DA:24,1
DA:25,1
DA:26,1
DA:27,107
DA:29,1
DA:30,119
DA:32,1
DA:33,0
DA:34,0
DA:35,0
DA:37,1
DA:38,95
DA:39,95
DA:40,95
DA:41,49
DA:44,60
DA:46,95
DA:48,1
DA:49,6
DA:51,1
DA:52,103
DA:54,1
DA:55,6
DA:57,1
DA:58,6
DA:60,1
DA:61,110
DA:64,1
DA:65,0
DA:66,0
DA:67,0
DA:68,0
DA:69,0
DA:70,0
DA:71,0
DA:73,1
DA:74,0
DA:75,0
DA:76,0
DA:77,0
DA:79,1
DA:80,0
DA:82,1
DA:83,0
DA:85,1
DA:86,0
DA:88,1
DA:89,106
DA:90,61
DA:92,106
DA:94,58
DA:96,35
DA:98,13
DA:101,1
DA:102,0
DA:104,1
DA:105,0
DA:106,0
DA:107,0
DA:109,1
DA:110,21
DA:112,1
DA:113,0
DA:115,1
DA:116,0
DA:118,1
DA:119,0
DA:120,0
DA:121,0
DA:122,0
DA:123,0
DA:125,1
DA:126,2
DA:127,2
DA:128,2
DA:129,1
DA:135,1
DA:136,1
DA:137,1
DA:140,1
DA:141,0
DA:142,0
DA:143,0
DA:144,0
DA:145,0
DA:147,1
DA:148,0
DA:149,0
DA:150,0
DA:151,0
DA:152,0
DA:153,0
DA:154,0
DA:155,0
DA:158,0
DA:159,0
DA:162,1
DA:163,0
DA:165,1
DA:166,16
DA:167,16
DA:168,16
DA:169,15
DA:170,1
DA:172,1
DA:173,3
DA:174,3
DA:175,3
DA:179,3
DA:180,3
DA:183,0
DA:185,3
DA:187,1
DA:188,0
DA:189,0
DA:190,0
DA:191,0
DA:192,0
DA:194,1
DA:195,0
DA:196,0
DA:197,0
DA:198,0
DA:200,0
DA:201,0
DA:202,0
DA:203,0
DA:205,0
DA:207,1
DA:208,0
DA:209,0
DA:210,0
DA:211,0
DA:212,0
DA:214,1
DA:215,0
DA:216,0
DA:217,0
DA:218,0
DA:219,0
DA:220,0
DA:223,0
DA:226,0
DA:227,0
DA:229,0
DA:231,1
DA:232,0
DA:233,0
DA:234,0
DA:235,0
DA:237,0
DA:239,1
DA:240,0
DA:241,0
DA:242,0
DA:243,0
DA:245,1
DA:246,28
DA:247,28
DA:248,28
DA:249,28
DA:250,5
DA:251,5
DA:252,5
DA:255,0
DA:257,0
DA:258,0
DA:265,28
DA:267,1
DA:268,0
DA:269,0
DA:270,0
DA:271,0
DA:272,0
DA:273,0
DA:277,0
DA:280,0
DA:284,1
DA:286,1
DA:287,1
DA:288,1
LF:195
LH:96
BRDA:10,1,0,0
BRDA:10,1,1,0
BRDA:15,2,0,0
BRDA:15,2,1,0
BRDA:15,3,0,0
BRDA:15,3,1,0
BRDA:33,4,0,0
BRDA:33,4,1,0
BRDA:40,5,0,49
BRDA:40,5,1,46
BRDA:44,6,0,46
BRDA:44,6,1,32
BRDA:61,7,0,110
BRDA:61,7,1,86
BRDA:66,8,0,0
BRDA:66,8,1,0
BRDA:69,9,0,0
BRDA:69,9,1,0
BRDA:92,10,0,58
BRDA:92,10,1,35
BRDA:92,10,2,13
BRDA:105,11,0,0
BRDA:105,11,1,0
BRDA:121,12,0,0
BRDA:121,12,1,0
BRDA:128,13,0,1
BRDA:128,13,1,1
BRDA:143,14,0,0
BRDA:143,14,1,0
BRDA:150,15,0,0
BRDA:150,15,1,0
BRDA:154,16,0,0
BRDA:154,16,1,0
BRDA:163,17,0,0
BRDA:163,17,1,0
BRDA:168,18,0,15
BRDA:168,18,1,1
BRDA:179,19,0,3
BRDA:179,19,1,0
BRDA:190,20,0,0
BRDA:190,20,1,0
BRDA:198,21,0,0
BRDA:198,21,1,0
BRDA:200,22,0,0
BRDA:200,22,1,0
BRDA:210,23,0,0
BRDA:210,23,1,0
BRDA:218,24,0,0
BRDA:218,24,1,0
BRDA:226,25,0,0
BRDA:226,25,1,0
BRDA:241,26,0,0
BRDA:241,26,1,0
BRDA:246,27,0,28
BRDA:246,27,1,0
BRDA:251,28,0,5
BRDA:251,28,1,0
BRDA:257,29,0,0
BRDA:257,29,1,0
BRDA:257,30,0,0
BRDA:257,30,1,0
BRDA:257,30,2,0
BRDA:265,31,0,0
BRDA:265,31,1,28
BRDA:268,32,0,0
BRDA:268,32,1,0
BRDA:271,33,0,0
BRDA:271,33,1,0
BRF:68
BRH:17
end_of_record
TN:
SF:/Users/vadim/Projects/pivot/build/common/models/filter-clause/filter-clause.js
FN:5,isLiteral
FN:10,isRelative
FN:22,(anonymous_3)
FN:23,FilterClause
FN:38,(anonymous_5)
FN:41,(anonymous_6)
FN:50,(anonymous_7)
FN:74,(anonymous_8)
FN:82,(anonymous_9)
FN:89,(anonymous_10)
FN:98,(anonymous_11)
FN:101,(anonymous_12)
FN:104,(anonymous_13)
FN:110,(anonymous_14)
FN:117,(anonymous_15)
FN:123,(anonymous_16)
FN:129,(anonymous_17)
FN:134,(anonymous_18)
FNF:18
FNH:17
FNDA:82,isLiteral
FNDA:115,isRelative
FNDA:1,(anonymous_3)
FNDA:115,FilterClause
FNDA:90,(anonymous_5)
FNDA:18,(anonymous_6)
FNDA:60,(anonymous_7)
FNDA:42,(anonymous_8)
FNDA:9,(anonymous_9)
FNDA:38,(anonymous_10)
FNDA:6,(anonymous_11)
FNDA:12,(anonymous_12)
FNDA:81,(anonymous_13)
FNDA:61,(anonymous_14)
FNDA:0,(anonymous_15)
FNDA:1,(anonymous_16)
FNDA:3,(anonymous_17)
FNDA:2,(anonymous_18)
DA:2,1
DA:3,1
DA:4,1
DA:5,1
DA:6,82
DA:7,82
DA:8,0
DA:10,1
DA:11,115
DA:12,33
DA:13,0
DA:14,33
DA:15,33
DA:16,33
DA:19,82
DA:21,1
DA:22,1
DA:23,1
DA:24,115
DA:25,115
DA:26,115
DA:27,33
DA:29,82
DA:30,82
DA:33,0
DA:35,115
DA:36,115
DA:38,1
DA:39,90
DA:41,1
DA:42,18
DA:43,15
DA:44,3
DA:45,3
DA:46,3
DA:47,3
DA:48,3
DA:50,1
DA:51,60
DA:52,60
DA:53,0
DA:54,0
DA:56,60
DA:57,60
DA:58,60
DA:59,60
DA:60,60
DA:61,0
DA:62,0
DA:63,0
DA:64,0
DA:66,60
DA:72,0
DA:74,1
DA:75,42
DA:80,42
DA:82,1
DA:83,9
DA:89,1
DA:90,38
DA:94,38
DA:95,12
DA:96,38
DA:98,1
DA:99,6
DA:101,1
DA:102,12
DA:104,1
DA:105,81
DA:110,1
DA:111,61
DA:112,61
DA:113,61
DA:114,0
DA:115,61
DA:117,1
DA:118,0
DA:119,0
DA:120,0
DA:121,0
DA:123,1
DA:124,1
DA:125,0
DA:126,1
DA:127,1
DA:129,1
DA:130,3
DA:131,3
DA:132,3
DA:134,1
DA:135,2
DA:136,0
DA:137,2
DA:139,1
DA:140,1
DA:141,1
DA:143,1
DA:144,1
LF:98
LH:81
BRDA:6,1,0,82
BRDA:6,1,1,0
BRDA:7,2,0,82
BRDA:7,2,1,74
BRDA:11,3,0,33
BRDA:11,3,1,82
BRDA:12,4,0,0
BRDA:12,4,1,33
BRDA:15,5,0,33
BRDA:15,5,1,0
BRDA:16,6,0,33
BRDA:16,6,1,14
BRDA:26,7,0,33
BRDA:26,7,1,82
BRDA:29,8,0,82
BRDA:29,8,1,0
BRDA:36,9,0,115
BRDA:36,9,1,100
BRDA:42,10,0,15
BRDA:42,10,1,3
BRDA:52,11,0,0
BRDA:52,11,1,60
BRDA:58,12,0,60
BRDA:58,12,1,0
BRDA:58,13,0,60
BRDA:58,13,1,43
BRDA:60,14,0,0
BRDA:60,14,1,60
BRDA:62,15,0,0
BRDA:62,15,1,0
BRDA:94,16,0,12
BRDA:94,16,1,26
BRDA:105,17,0,81
BRDA:105,17,1,57
BRDA:105,17,2,48
BRDA:105,17,3,37
BRDA:112,18,0,15
BRDA:112,18,1,46
BRDA:113,19,0,0
BRDA:113,19,1,61
BRDA:118,20,0,0
BRDA:118,20,1,0
BRDA:121,21,0,0
BRDA:121,21,1,0
BRDA:124,22,0,0
BRDA:124,22,1,1
BRDA:127,23,0,0
BRDA:127,23,1,1
BRDA:135,24,0,0
BRDA:135,24,1,2
BRF:50
BRH:33
end_of_record
TN:
SF:/Users/vadim/Projects/pivot/build/common/models/max-time/max-time.js
FN:4,(anonymous_1)
FN:5,MaxTime
FN:9,(anonymous_3)
FN:12,(anonymous_4)
FN:19,(anonymous_5)
FN:25,(anonymous_6)
FN:35,(anonymous_7)
FN:41,(anonymous_8)
FN:47,(anonymous_9)
FN:50,(anonymous_10)
FN:53,(anonymous_11)
FNF:11
FNH:9
FNDA:1,(anonymous_1)
FNDA:12,MaxTime
FNDA:20,(anonymous_3)
FNDA:0,(anonymous_4)
FNDA:0,(anonymous_5)
FNDA:10,(anonymous_6)
FNDA:2,(anonymous_7)
FNDA:12,(anonymous_8)
FNDA:2,(anonymous_9)
FNDA:2,(anonymous_10)
FNDA:15,(anonymous_11)
DA:2,1
DA:3,1
DA:4,1
DA:5,1
DA:6,12
DA:7,12
DA:9,1
DA:10,20
DA:12,1
DA:13,0
DA:14,0
DA:19,1
DA:20,0
DA:25,1
DA:26,10
DA:27,10
DA:28,0
DA:30,10
DA:35,1
DA:36,2
DA:41,1
DA:42,12
DA:47,1
DA:48,2
DA:50,1
DA:51,2
DA:53,1
DA:54,15
DA:57,1
DA:59,1
DA:60,1
LF:31
LH:27
BRDA:27,1,0,0
BRDA:27,1,1,10
BRDA:32,2,0,10
BRDA:32,2,1,0
BRDA:54,3,0,15
BRDA:54,3,1,7
BRF:6
BRH:4
end_of_record
TN:
SF:/Users/vadim/Projects/pivot/build/common/models/refresh-rule/refresh-rule.js
FN:5,(anonymous_1)
FN:6,RefreshRule
FN:18,(anonymous_3)
FN:21,(anonymous_4)
FN:27,(anonymous_5)
FN:39,(anonymous_6)
FN:51,(anonymous_7)
FN:63,(anonymous_8)
FN:66,(anonymous_9)
FN:69,(anonymous_10)
FN:76,(anonymous_11)
FN:79,(anonymous_12)
FN:82,(anonymous_13)
FN:85,(anonymous_14)
FNF:14
FNH:12
FNDA:1,(anonymous_1)
FNDA:48,RefreshRule
FNDA:72,(anonymous_3)
FNDA:4,(anonymous_4)
FNDA:40,(anonymous_5)
FNDA:4,(anonymous_6)
FNDA:43,(anonymous_7)
FNDA:4,(anonymous_8)
FNDA:4,(anonymous_9)
FNDA:65,(anonymous_10)
FNDA:16,(anonymous_11)
FNDA:0,(anonymous_12)
FNDA:19,(anonymous_13)
FNDA:0,(anonymous_14)
DA:2,1
DA:3,1
DA:4,1
DA:5,1
DA:6,1
DA:7,48
DA:8,48
DA:9,0
DA:11,48
DA:12,48
DA:13,48
DA:14,6
DA:16,48
DA:18,1
DA:19,72
DA:21,1
DA:22,4
DA:27,1
DA:28,40
DA:31,40
DA:32,30
DA:34,40
DA:35,8
DA:37,40
DA:39,1
DA:40,4
DA:43,4
DA:44,3
DA:46,4
DA:47,1
DA:49,4
DA:51,1
DA:52,43
DA:55,43
DA:56,37
DA:58,43
DA:59,6
DA:61,43
DA:63,1
DA:64,4
DA:66,1
DA:67,4
DA:69,1
DA:70,65
DA:76,1
DA:77,16
DA:79,1
DA:80,0
DA:82,1
DA:83,19
DA:85,1
DA:86,0
DA:87,0
DA:88,0
DA:89,0
DA:90,0
DA:91,0
DA:92,0
DA:93,0
DA:95,1
DA:96,1
DA:97,1
DA:98,1
DA:99,1
DA:101,1
DA:102,1
LF:66
LH:56
BRDA:8,1,0,0
BRDA:8,1,1,48
BRDA:8,2,0,48
BRDA:8,2,1,27
BRDA:8,2,2,9
BRDA:13,3,0,6
BRDA:13,3,1,42
BRDA:13,4,0,48
BRDA:13,4,1,27
BRDA:31,5,0,30
BRDA:31,5,1,10
BRDA:34,6,0,8
BRDA:34,6,1,32
BRDA:43,7,0,3
BRDA:43,7,1,1
BRDA:46,8,0,1
BRDA:46,8,1,3
BRDA:55,9,0,37
BRDA:55,9,1,6
BRDA:58,10,0,6
BRDA:58,10,1,37
BRDA:70,11,0,65
BRDA:70,11,1,49
BRDA:70,11,2,44
BRDA:70,11,3,44
BRDA:70,11,4,16
BRDA:70,11,5,43
BRDA:70,11,6,28
BRDA:86,12,0,0
BRDA:86,12,1,0
BRDA:88,13,0,0
BRDA:88,13,1,0
BRDA:91,14,0,0
BRDA:91,14,1,0
BRF:34
BRH:27
end_of_record
TN:
SF:/Users/vadim/Projects/pivot/build/common/models/data-source/data-source.mock.js
FN:4,(anonymous_1)
FN:5,DataSourceMock
FN:8,(anonymous_3)
FN:64,(anonymous_4)
FN:117,(anonymous_5)
FN:120,(anonymous_6)
FNF:6
FNH:3
FNDA:1,(anonymous_1)
FNDA:0,DataSourceMock
FNDA:1,(anonymous_3)
FNDA:1,(anonymous_4)
FNDA:0,(anonymous_5)
FNDA:0,(anonymous_6)
DA:2,1
DA:3,1
DA:4,1
DA:5,1
DA:7,1
DA:9,1
DA:63,1
DA:65,1
DA:117,1
DA:118,0
DA:120,1
DA:121,0
DA:123,1
DA:125,1
LF:14
LH:12
BRF:0
BRH:0
end_of_record
TN:
SF:/Users/vadim/Projects/pivot/build/common/models/dimension/dimension.mocha.js
FN:4,(anonymous_1)
FN:5,(anonymous_2)
FN:31,(anonymous_3)
FNF:3
FNH:3
FNDA:1,(anonymous_1)
FNDA:1,(anonymous_2)
FNDA:1,(anonymous_3)
DA:2,1
DA:3,1
DA:4,1
DA:5,1
DA:6,1
DA:31,1
LF:6
LH:6
BRF:0
BRH:0
end_of_record
TN:
SF:/Users/vadim/Projects/pivot/build/common/models/drag-position/drag-position.mocha.js
FN:4,(anonymous_1)
FN:5,(anonymous_2)
FNF:2
FNH:2
FNDA:1,(anonymous_1)
FNDA:1,(anonymous_2)
DA:2,1
DA:3,1
DA:4,1
DA:5,1
DA:6,1
LF:5
LH:5
BRF:0
BRH:0
end_of_record
TN:
SF:/Users/vadim/Projects/pivot/build/common/models/drag-position/drag-position.js
FN:5,(anonymous_1)
FN:6,DragPosition
FN:12,(anonymous_3)
FN:15,(anonymous_4)
FN:45,(anonymous_5)
FN:48,(anonymous_6)
FN:54,(anonymous_7)
FN:62,(anonymous_8)
FN:65,(anonymous_9)
FN:73,(anonymous_10)
FN:78,(anonymous_11)
FN:81,(anonymous_12)
FNF:12
FNH:9
FNDA:1,(anonymous_1)
FNDA:27,DragPosition
FNDA:41,(anonymous_3)
FNDA:0,(anonymous_4)
FNDA:23,(anonymous_5)
FNDA:4,(anonymous_6)
FNDA:24,(anonymous_7)
FNDA:4,(anonymous_8)
FNDA:4,(anonymous_9)
FNDA:34,(anonymous_10)
FNDA:0,(anonymous_11)
FNDA:0,(anonymous_12)
DA:2,1
DA:3,1
DA:4,1
DA:5,1
DA:6,1
DA:7,27
DA:8,27
DA:9,27
DA:10,0
DA:12,1
DA:13,41
DA:15,1
DA:16,0
DA:17,0
DA:21,0
DA:22,0
DA:26,0
DA:27,0
DA:28,0
DA:29,0
DA:33,0
DA:34,0
DA:35,0
DA:40,0
DA:45,1
DA:46,23
DA:48,1
DA:49,4
DA:54,1
DA:55,24
DA:56,24
DA:57,12
DA:58,24
DA:59,12
DA:60,24
DA:62,1
DA:63,4
DA:65,1
DA:66,4
DA:67,2
DA:70,2
DA:73,1
DA:74,34
DA:78,1
DA:79,0
DA:81,1
DA:82,0
DA:84,1
DA:86,1
DA:87,1
LF:50
LH:35
BRDA:7,1,0,14
BRDA:7,1,1,13
BRDA:8,2,0,17
BRDA:8,2,1,10
BRDA:9,3,0,0
BRDA:9,3,1,27
BRDA:9,4,0,27
BRDA:9,4,1,15
BRDA:16,5,0,0
BRDA:16,5,1,0
BRDA:21,6,0,0
BRDA:21,6,1,0
BRDA:28,7,0,0
BRDA:28,7,1,0
BRDA:34,8,0,0
BRDA:34,8,1,0
BRDA:56,9,0,12
BRDA:56,9,1,12
BRDA:58,10,0,12
BRDA:58,10,1,12
BRDA:66,11,0,2
BRDA:66,11,1,2
BRDA:74,12,0,34
BRDA:74,12,1,18
BRDA:74,12,2,13
BRF:25
BRH:16
end_of_record
TN:
SF:/Users/vadim/Projects/pivot/build/common/models/essence/essence.mocha.js
FN:8,(anonymous_1)
FN:52,(anonymous_2)
FN:53,(anonymous_3)
FN:58,(anonymous_4)
FN:83,(anonymous_5)
FN:84,(anonymous_6)
FN:85,(anonymous_7)
FN:90,(anonymous_8)
FN:91,(anonymous_9)
FN:131,(anonymous_10)
FN:156,(anonymous_11)
FN:157,(anonymous_12)
FN:195,(anonymous_13)
FN:196,(anonymous_14)
FNF:14
FNH:14
FNDA:1,(anonymous_1)
FNDA:18,(anonymous_2)
FNDA:17,(anonymous_3)
FNDA:1,(anonymous_4)
FNDA:1,(anonymous_5)
FNDA:1,(anonymous_6)
FNDA:1,(anonymous_7)
FNDA:1,(anonymous_8)
FNDA:1,(anonymous_9)
FNDA:1,(anonymous_10)
FNDA:1,(anonymous_11)
FNDA:1,(anonymous_12)
FNDA:1,(anonymous_13)
FNDA:1,(anonymous_14)
DA:2,1
DA:3,1
DA:4,1
DA:5,1
DA:6,1
DA:7,1
DA:8,1
DA:9,1
DA:47,1
DA:48,1
DA:53,18
DA:57,1
DA:58,1
DA:59,1
DA:83,1
DA:84,1
DA:85,1
DA:86,1
DA:90,1
DA:91,1
DA:92,1
DA:99,1
DA:131,1
DA:132,1
DA:139,1
DA:156,1
DA:157,1
DA:158,1
DA:159,1
DA:195,1
DA:196,1
DA:197,1
DA:208,1
DA:209,1
DA:210,1
LF:35
LH:35
BRF:0
BRH:0
end_of_record
TN:
SF:/Users/vadim/Projects/pivot/build/common/models/essence/essence.js
FN:15,constrainDimensions
FN:16,(anonymous_2)
FN:18,constrainMeasures
FN:19,(anonymous_4)
FN:21,addToSetInOrder
FN:22,(anonymous_6)
FN:29,(anonymous_7)
FN:36,(anonymous_8)
FN:37,Essence
FN:46,visibleMeasure
FN:86,(anonymous_11)
FN:89,(anonymous_12)
FN:90,(anonymous_13)
FN:96,(anonymous_14)
FN:98,(anonymous_15)
FN:143,(anonymous_16)
FN:159,(anonymous_17)
FN:171,(anonymous_18)
FN:176,(anonymous_19)
FN:214,(anonymous_20)
FN:232,(anonymous_21)
FN:255,(anonymous_22)
FN:258,(anonymous_23)
FN:261,(anonymous_24)
FN:277,(anonymous_25)
FN:305,(anonymous_26)
FN:308,(anonymous_27)
FN:311,(anonymous_28)
FN:314,(anonymous_29)
FN:320,(anonymous_30)
FN:331,(anonymous_31)
FN:334,(anonymous_32)
FN:341,(anonymous_33)
FN:349,(anonymous_34)
FN:351,(anonymous_35)
FN:353,(anonymous_36)
FN:361,(anonymous_37)
FN:364,(anonymous_38)
FN:367,(anonymous_39)
FN:370,(anonymous_40)
FN:373,(anonymous_41)
FN:380,(anonymous_42)
FN:383,(anonymous_43)
FN:386,(anonymous_44)
FN:389,(anonymous_45)
FN:392,(anonymous_46)
FN:395,(anonymous_47)
FN:398,(anonymous_48)
FN:403,(anonymous_49)
FN:408,(anonymous_50)
FN:415,(anonymous_51)
FN:421,(anonymous_52)
FN:427,(anonymous_53)
FN:433,(anonymous_54)
FN:440,(anonymous_55)
FN:456,(anonymous_56)
FN:492,(anonymous_57)
FN:509,(anonymous_58)
FN:514,(anonymous_59)
FN:521,(anonymous_60)
FN:544,(anonymous_61)
FN:547,(anonymous_62)
FN:551,(anonymous_63)
FN:555,(anonymous_64)
FN:564,(anonymous_65)
FN:569,(anonymous_66)
FN:574,(anonymous_67)
FN:579,(anonymous_68)
FN:584,(anonymous_69)
FN:587,(anonymous_70)
FN:592,(anonymous_71)
FN:603,(anonymous_72)
FN:607,(anonymous_73)
FN:615,(anonymous_74)
FN:624,(anonymous_75)
FN:628,(anonymous_76)
FN:636,(anonymous_77)
FN:642,(anonymous_78)
FN:659,(anonymous_79)
FNF:79
FNH:24
FNDA:30,constrainDimensions
FNDA:24,(anonymous_2)
FNDA:30,constrainMeasures
FNDA:29,(anonymous_4)
FNDA:0,addToSetInOrder
FNDA:0,(anonymous_6)
FNDA:1,(anonymous_7)
FNDA:1,(anonymous_8)
FNDA:49,Essence
FNDA:0,visibleMeasure
FNDA:29,(anonymous_11)
FNDA:1,(anonymous_12)
FNDA:1,(anonymous_13)
FNDA:0,(anonymous_14)
FNDA:1,(anonymous_15)
FNDA:1,(anonymous_16)
FNDA:1,(anonymous_17)
FNDA:31,(anonymous_18)
FNDA:30,(anonymous_19)
FNDA:18,(anonymous_20)
FNDA:37,(anonymous_21)
FNDA:2,(anonymous_22)
FNDA:2,(anonymous_23)
FNDA:24,(anonymous_24)
FNDA:1,(anonymous_25)
FNDA:0,(anonymous_26)
FNDA:16,(anonymous_27)
FNDA:0,(anonymous_28)
FNDA:16,(anonymous_29)
FNDA:0,(anonymous_30)
FNDA:0,(anonymous_31)
FNDA:0,(anonymous_32)
FNDA:0,(anonymous_33)
FNDA:0,(anonymous_34)
FNDA:0,(anonymous_35)
FNDA:0,(anonymous_36)
FNDA:0,(anonymous_37)
FNDA:0,(anonymous_38)
FNDA:0,(anonymous_39)
FNDA:0,(anonymous_40)
FNDA:0,(anonymous_41)
FNDA:0,(anonymous_42)
FNDA:0,(anonymous_43)
FNDA:0,(anonymous_44)
FNDA:0,(anonymous_45)
FNDA:0,(anonymous_46)
FNDA:0,(anonymous_47)
FNDA:0,(anonymous_48)
FNDA:0,(anonymous_49)
FNDA:0,(anonymous_50)
FNDA:0,(anonymous_51)
FNDA:0,(anonymous_52)
FNDA:0,(anonymous_53)
FNDA:0,(anonymous_54)
FNDA:0,(anonymous_55)
FNDA:0,(anonymous_56)
FNDA:0,(anonymous_57)
FNDA:0,(anonymous_58)
FNDA:0,(anonymous_59)
FNDA:0,(anonymous_60)
FNDA:0,(anonymous_61)
FNDA:0,(anonymous_62)
FNDA:0,(anonymous_63)
FNDA:16,(anonymous_64)
FNDA:0,(anonymous_65)
FNDA:0,(anonymous_66)
FNDA:0,(anonymous_67)
FNDA:0,(anonymous_68)
FNDA:0,(anonymous_69)
FNDA:0,(anonymous_70)
FNDA:0,(anonymous_71)
FNDA:0,(anonymous_72)
FNDA:0,(anonymous_73)
FNDA:0,(anonymous_74)
FNDA:0,(anonymous_75)
FNDA:0,(anonymous_76)
FNDA:0,(anonymous_77)
FNDA:0,(anonymous_78)
FNDA:0,(anonymous_79)
DA:2,1
DA:3,1
DA:4,1
DA:5,1
DA:6,1
DA:7,1
DA:8,1
DA:9,1
DA:10,1
DA:11,1
DA:12,1
DA:13,1
DA:14,1
DA:15,1
DA:16,30
DA:18,1
DA:19,30
DA:21,1
DA:22,0
DA:29,1
DA:30,1
DA:31,1
DA:32,1
DA:34,1
DA:35,1
DA:36,1
DA:37,1
DA:38,49
DA:39,49
DA:40,0
DA:41,49
DA:42,49
DA:43,3
DA:45,49
DA:46,1
DA:47,0
DA:50,49
DA:51,0
DA:54,49
DA:55,1
DA:56,1
DA:58,49
DA:59,49
DA:60,0
DA:61,0
DA:62,0
DA:63,0
DA:64,0
DA:65,0
DA:66,0
DA:69,49
DA:70,49
DA:71,49
DA:72,49
DA:73,49
DA:74,49
DA:75,49
DA:76,49
DA:77,49
DA:78,49
DA:79,49
DA:80,49
DA:81,49
DA:82,49
DA:83,49
DA:84,49
DA:86,1
DA:87,29
DA:89,1
DA:90,1
DA:91,1
DA:96,1
DA:98,1
DA:99,1
DA:100,1
DA:101,0
DA:102,1
DA:103,1
DA:104,1
DA:105,0
DA:106,1
DA:107,1
DA:108,1
DA:111,0
DA:113,1
DA:114,0
DA:115,1
DA:116,0
DA:118,1
DA:119,1
DA:120,0
DA:121,1
DA:122,1
DA:123,1
DA:139,0
DA:141,1
DA:143,1
DA:144,1
DA:145,1
DA:146,1
DA:147,1
DA:148,0
DA:150,1
DA:159,1
DA:166,1
DA:167,0
DA:169,1
DA:171,1
DA:172,31
DA:173,1
DA:174,30
DA:175,30
DA:176,30
DA:177,30
DA:178,30
DA:179,30
DA:180,30
DA:181,30
DA:182,30
DA:183,30
DA:184,30
DA:185,30
DA:186,30
DA:187,30
DA:188,30
DA:189,30
DA:190,0
DA:192,30
DA:193,30
DA:194,30
DA:195,0
DA:197,30
DA:214,1
DA:215,18
DA:232,1
DA:233,37
DA:242,37
DA:243,5
DA:244,37
DA:245,0
DA:246,37
DA:247,37
DA:248,0
DA:249,37
DA:250,0
DA:251,37
DA:252,0
DA:253,37
DA:255,1
DA:256,2
DA:258,1
DA:259,2
DA:261,1
DA:262,24
DA:277,1
DA:278,1
DA:279,1
DA:289,1
DA:290,0
DA:291,1
DA:292,0
DA:293,1
DA:294,0
DA:295,1
DA:296,1
DA:297,8
DA:299,1
DA:305,1
DA:306,0
DA:308,1
DA:309,16
DA:311,1
DA:312,0
DA:314,1
DA:315,16
DA:316,16
DA:317,16
DA:318,16
DA:320,1
DA:321,0
DA:322,0
DA:323,0
DA:324,0
DA:325,0
DA:326,0
DA:327,0
DA:328,0
DA:329,0
DA:331,1
DA:332,0
DA:334,1
DA:335,0
DA:336,0
DA:337,0
DA:339,0
DA:341,1
DA:342,0
DA:343,0
DA:346,0
DA:349,1
DA:350,0
DA:351,0
DA:353,1
DA:354,0
DA:355,0
DA:358,0
DA:361,1
DA:362,0
DA:364,1
DA:365,0
DA:367,1
DA:368,0
DA:370,1
DA:371,0
DA:373,1
DA:374,0
DA:375,0
DA:376,0
DA:377,0
DA:378,0
DA:380,1
DA:381,0
DA:383,1
DA:384,0
DA:386,1
DA:387,0
DA:389,1
DA:390,0
DA:392,1
DA:393,0
DA:395,1
DA:396,0
DA:398,1
DA:399,0
DA:400,0
DA:401,0
DA:403,1
DA:404,0
DA:405,0
DA:406,0
DA:408,1
DA:409,0
DA:410,0
DA:411,0
DA:412,0
DA:413,0
DA:415,1
DA:416,0
DA:417,0
DA:418,0
DA:419,0
DA:421,1
DA:422,0
DA:423,0
DA:424,0
DA:425,0
DA:427,1
DA:428,0
DA:429,0
DA:430,0
DA:431,0
DA:433,1
DA:434,0
DA:435,0
DA:436,0
DA:437,0
DA:438,0
DA:440,1
DA:441,0
DA:442,0
DA:443,0
DA:444,0
DA:445,0
DA:446,0
DA:447,0
DA:448,0
DA:451,0
DA:454,0
DA:456,1
DA:457,0
DA:458,0
DA:459,0
DA:460,0
DA:461,0
DA:462,0
DA:463,0
DA:465,0
DA:466,0
DA:470,0
DA:471,0
DA:473,0
DA:474,0
DA:475,0
DA:476,0
DA:477,0
DA:478,0
DA:480,0
DA:481,0
DA:482,0
DA:483,0
DA:484,0
DA:486,0
DA:487,0
DA:489,0
DA:492,1
DA:493,0
DA:494,0
DA:495,0
DA:496,0
DA:497,0
DA:499,0
DA:500,0
DA:501,0
DA:502,0
DA:503,0
DA:504,0
DA:507,0
DA:509,1
DA:510,0
DA:511,0
DA:512,0
DA:514,1
DA:515,0
DA:516,0
DA:517,0
DA:518,0
DA:519,0
DA:521,1
DA:522,0
DA:523,0
DA:524,0
DA:525,0
DA:528,0
DA:529,0
DA:531,0
DA:532,0
DA:533,0
DA:535,0
DA:536,0
DA:537,0
DA:538,0
DA:539,0
DA:540,0
DA:542,0
DA:544,1
DA:545,0
DA:547,1
DA:548,0
DA:549,0
DA:551,1
DA:552,0
DA:553,0
DA:555,1
DA:556,16
DA:557,16
DA:558,16
DA:559,0
DA:560,16
DA:561,16
DA:562,16
DA:564,1
DA:565,0
DA:566,0
DA:567,0
DA:569,1
DA:570,0
DA:571,0
DA:572,0
DA:574,1
DA:575,0
DA:576,0
DA:577,0
DA:579,1
DA:580,0
DA:581,0
DA:582,0
DA:584,1
DA:585,0
DA:587,1
DA:588,0
DA:589,0
DA:590,0
DA:592,1
DA:593,0
DA:594,0
DA:595,0
DA:596,0
DA:598,0
DA:599,0
DA:603,0
DA:605,0
DA:607,1
DA:608,0
DA:609,0
DA:610,0
DA:611,0
DA:612,0
DA:613,0
DA:615,1
DA:616,0
DA:617,0
DA:618,0
DA:619,0
DA:620,0
DA:621,0
DA:624,0
DA:626,0
DA:628,1
DA:629,0
DA:630,0
DA:633,0
DA:636,1
DA:637,0
DA:638,0
DA:639,0
DA:640,0
DA:642,1
DA:643,0
DA:645,0
DA:646,0
DA:647,0
DA:650,0
DA:652,0
DA:657,0
DA:659,1
DA:660,0
DA:661,0
DA:662,0
DA:664,1
DA:666,1
DA:667,1
LF:431
LH:203
BRDA:22,1,0,0
BRDA:22,1,1,0
BRDA:33,2,0,1
BRDA:33,2,1,1
BRDA:39,3,0,0
BRDA:39,3,1,49
BRDA:41,4,0,49
BRDA:41,4,1,2
BRDA:42,5,0,3
BRDA:42,5,1,46
BRDA:42,6,0,49
BRDA:42,6,1,3
BRDA:47,7,0,0
BRDA:47,7,1,0
BRDA:50,8,0,0
BRDA:50,8,1,49
BRDA:50,9,0,49
BRDA:50,9,1,0
BRDA:50,9,2,0
BRDA:54,10,0,1
BRDA:54,10,1,48
BRDA:59,11,0,0
BRDA:59,11,1,49
BRDA:62,12,0,0
BRDA:62,12,1,0
BRDA:64,13,0,0
BRDA:64,13,1,0
BRDA:100,14,0,0
BRDA:100,14,1,1
BRDA:104,15,0,0
BRDA:104,15,1,1
BRDA:113,16,0,0
BRDA:113,16,1,1
BRDA:115,17,0,0
BRDA:115,17,1,1
BRDA:119,18,0,0
BRDA:119,18,1,1
BRDA:119,19,0,1
BRDA:119,19,1,1
BRDA:133,20,0,1
BRDA:133,20,1,1
BRDA:134,21,0,1
BRDA:134,21,1,1
BRDA:135,22,0,1
BRDA:135,22,1,1
BRDA:147,23,0,0
BRDA:147,23,1,1
BRDA:166,24,0,0
BRDA:166,24,1,1
BRDA:172,25,0,1
BRDA:172,25,1,30
BRDA:177,26,0,28
BRDA:177,26,1,2
BRDA:178,27,0,28
BRDA:178,27,1,2
BRDA:179,28,0,30
BRDA:179,28,1,0
BRDA:181,29,0,1
BRDA:181,29,1,29
BRDA:182,30,0,27
BRDA:182,30,1,3
BRDA:183,31,0,30
BRDA:183,31,1,0
BRDA:184,32,0,30
BRDA:184,32,1,0
BRDA:185,33,0,0
BRDA:185,33,1,30
BRDA:186,34,0,0
BRDA:186,34,1,30
BRDA:189,35,0,0
BRDA:189,35,1,30
BRDA:194,36,0,0
BRDA:194,36,1,30
BRDA:242,37,0,5
BRDA:242,37,1,32
BRDA:244,38,0,0
BRDA:244,38,1,37
BRDA:247,39,0,0
BRDA:247,39,1,37
BRDA:249,40,0,0
BRDA:249,40,1,37
BRDA:251,41,0,0
BRDA:251,41,1,37
BRDA:262,42,0,24
BRDA:262,42,1,16
BRDA:262,42,2,16
BRDA:262,42,3,16
BRDA:262,42,4,16
BRDA:262,42,5,15
BRDA:262,42,6,15
BRDA:262,42,7,15
BRDA:262,42,8,15
BRDA:262,42,9,14
BRDA:262,42,10,14
BRDA:262,42,11,14
BRDA:262,42,12,14
BRDA:262,42,13,14
BRDA:289,43,0,0
BRDA:289,43,1,1
BRDA:291,44,0,0
BRDA:291,44,1,1
BRDA:293,45,0,0
BRDA:293,45,1,1
BRDA:297,46,0,8
BRDA:297,46,1,1
BRDA:315,47,0,16
BRDA:315,47,1,0
BRDA:321,48,0,0
BRDA:321,48,1,0
BRDA:322,49,0,0
BRDA:322,49,1,0
BRDA:324,50,0,0
BRDA:324,50,1,0
BRDA:324,51,0,0
BRDA:324,51,1,0
BRDA:326,52,0,0
BRDA:326,52,1,0
BRDA:336,53,0,0
BRDA:336,53,1,0
BRDA:342,54,0,0
BRDA:342,54,1,0
BRDA:354,55,0,0
BRDA:354,55,1,0
BRDA:374,56,0,0
BRDA:374,56,1,0
BRDA:376,57,0,0
BRDA:376,57,1,0
BRDA:399,58,0,0
BRDA:399,58,1,0
BRDA:401,59,0,0
BRDA:401,59,1,0
BRDA:404,60,0,0
BRDA:404,60,1,0
BRDA:406,61,0,0
BRDA:406,61,1,0
BRDA:409,62,0,0
BRDA:409,62,1,0
BRDA:410,63,0,0
BRDA:410,63,1,0
BRDA:417,64,0,0
BRDA:417,64,1,0
BRDA:419,65,0,0
BRDA:419,65,1,0
BRDA:419,65,2,0
BRDA:423,66,0,0
BRDA:423,66,1,0
BRDA:425,67,0,0
BRDA:425,67,1,0
BRDA:425,67,2,0
BRDA:429,68,0,0
BRDA:429,68,1,0
BRDA:436,69,0,0
BRDA:436,69,1,0
BRDA:446,70,0,0
BRDA:446,70,1,0
BRDA:447,71,0,0
BRDA:447,71,1,0
BRDA:458,72,0,0
BRDA:458,72,1,0
BRDA:460,73,0,0
BRDA:460,73,1,0
BRDA:465,74,0,0
BRDA:465,74,1,0
BRDA:477,75,0,0
BRDA:477,75,1,0
BRDA:477,76,0,0
BRDA:477,76,1,0
BRDA:481,77,0,0
BRDA:481,77,1,0
BRDA:483,78,0,0
BRDA:483,78,1,0
BRDA:486,79,0,0
BRDA:486,79,1,0
BRDA:493,80,0,0
BRDA:493,80,1,0
BRDA:496,81,0,0
BRDA:496,81,1,0
BRDA:500,82,0,0
BRDA:500,82,1,0
BRDA:503,83,0,0
BRDA:503,83,1,0
BRDA:503,84,0,0
BRDA:503,84,1,0
BRDA:516,85,0,0
BRDA:516,85,1,0
BRDA:524,86,0,0
BRDA:524,86,1,0
BRDA:528,87,0,0
BRDA:528,87,1,0
BRDA:531,88,0,0
BRDA:531,88,1,0
BRDA:532,89,0,0
BRDA:532,89,1,0
BRDA:538,90,0,0
BRDA:538,90,1,0
BRDA:558,91,0,0
BRDA:558,91,1,16
BRDA:596,92,0,0
BRDA:596,92,1,0
BRDA:598,93,0,0
BRDA:598,93,1,0
BRDA:598,94,0,0
BRDA:598,94,1,0
BRDA:608,95,0,0
BRDA:608,95,1,0
BRDA:620,96,0,0
BRDA:620,96,1,0
BRDA:629,97,0,0
BRDA:629,97,1,0
BRDA:638,98,0,0
BRDA:638,98,1,0
BRDA:646,99,0,0
BRDA:646,99,1,0
BRDA:646,100,0,0
BRDA:646,100,1,0
BRF:215
BRH:73
end_of_record
TN:
SF:/Users/vadim/Projects/pivot/build/common/models/highlight/highlight.js
FN:5,(anonymous_1)
FN:6,Highlight
FN:14,(anonymous_3)
FN:17,(anonymous_4)
FN:24,(anonymous_5)
FN:31,(anonymous_6)
FN:40,(anonymous_7)
FN:43,(anonymous_8)
FN:46,(anonymous_9)
FN:52,(anonymous_10)
FN:55,(anonymous_11)
FNF:11
FNH:9
FNDA:1,(anonymous_1)
FNDA:12,Highlight
FNDA:20,(anonymous_3)
FNDA:10,(anonymous_4)
FNDA:2,(anonymous_5)
FNDA:12,(anonymous_6)
FNDA:2,(anonymous_7)
FNDA:2,(anonymous_8)
FNDA:15,(anonymous_9)
FNDA:0,(anonymous_10)
FNDA:0,(anonymous_11)
DA:2,1
DA:3,1
DA:4,1
DA:5,1
DA:6,1
DA:7,12
DA:8,12
DA:9,0
DA:10,12
DA:11,12
DA:12,12
DA:14,1
DA:15,20
DA:17,1
DA:18,10
DA:24,1
DA:25,2
DA:31,1
DA:32,12
DA:36,12
DA:37,0
DA:38,12
DA:40,1
DA:41,2
DA:43,1
DA:44,2
DA:46,1
DA:47,15
DA:52,1
DA:53,0
DA:55,1
DA:56,0
DA:57,0
DA:58,0
DA:59,0
DA:60,0
DA:61,0
DA:62,0
DA:63,0
DA:64,0
DA:66,1
DA:68,1
DA:69,1
LF:43
LH:31
BRDA:8,1,0,0
BRDA:8,1,1,12
BRDA:12,2,0,12
BRDA:12,2,1,12
BRDA:36,3,0,0
BRDA:36,3,1,12
BRDA:47,4,0,15
BRDA:47,4,1,7
BRDA:47,4,2,6
BRDA:47,4,3,6
BRDA:58,5,0,0
BRDA:58,5,1,0
BRDA:60,6,0,0
BRDA:60,6,1,0
BRF:14
BRH:8
end_of_record
TN:
SF:/Users/vadim/Projects/pivot/build/common/models/splits/splits.js
FN:9,getBestGranularity
FN:27,withholdSplit
FN:28,(anonymous_3)
FN:32,swapSplit
FN:33,(anonymous_5)
FN:38,(anonymous_6)
FN:39,Splits
FN:42,(anonymous_8)
FN:45,(anonymous_9)
FN:48,(anonymous_10)
FN:51,(anonymous_11)
FN:53,(anonymous_12)
FN:56,(anonymous_13)
FN:57,(anonymous_14)
FN:59,(anonymous_15)
FN:62,(anonymous_16)
FN:63,(anonymous_17)
FN:65,(anonymous_18)
FN:69,(anonymous_19)
FN:74,(anonymous_20)
FN:78,(anonymous_21)
FN:84,(anonymous_22)
FN:88,(anonymous_23)
FN:89,(anonymous_24)
FN:91,(anonymous_25)
FN:92,(anonymous_26)
FN:94,(anonymous_27)
FN:95,(anonymous_28)
FN:97,(anonymous_29)
FN:100,(anonymous_30)
FN:103,(anonymous_31)
FN:106,(anonymous_32)
FN:109,(anonymous_33)
FN:112,(anonymous_34)
FN:114,(anonymous_35)
FN:116,(anonymous_36)
FN:119,(anonymous_37)
FN:120,(anonymous_38)
FN:122,(anonymous_39)
FN:125,(anonymous_40)
FN:128,(anonymous_41)
FN:131,(anonymous_42)
FN:159,(anonymous_43)
FN:162,(anonymous_44)
FNF:44
FNH:17
FNDA:1,getBestGranularity
FNDA:0,withholdSplit
FNDA:0,(anonymous_3)
FNDA:0,swapSplit
FNDA:0,(anonymous_5)
FNDA:1,(anonymous_6)
FNDA:51,Splits
FNDA:45,(anonymous_8)
FNDA:0,(anonymous_9)
FNDA:46,(anonymous_10)
FNDA:29,(anonymous_11)
FNDA:3,(anonymous_12)
FNDA:55,(anonymous_13)
FNDA:31,(anonymous_14)
FNDA:3,(anonymous_15)
FNDA:3,(anonymous_16)
FNDA:5,(anonymous_17)
FNDA:39,(anonymous_18)
FNDA:0,(anonymous_19)
FNDA:0,(anonymous_20)
FNDA:0,(anonymous_21)
FNDA:0,(anonymous_22)
FNDA:0,(anonymous_23)
FNDA:0,(anonymous_24)
FNDA:0,(anonymous_25)
FNDA:0,(anonymous_26)
FNDA:0,(anonymous_27)
FNDA:0,(anonymous_28)
FNDA:0,(anonymous_29)
FNDA:0,(anonymous_30)
FNDA:0,(anonymous_31)
FNDA:0,(anonymous_32)
FNDA:0,(anonymous_33)
FNDA:0,(anonymous_34)
FNDA:0,(anonymous_35)
FNDA:0,(anonymous_36)
FNDA:0,(anonymous_37)
FNDA:0,(anonymous_38)
FNDA:0,(anonymous_39)
FNDA:0,(anonymous_40)
FNDA:16,(anonymous_41)
FNDA:1,(anonymous_42)
FNDA:30,(anonymous_43)
FNDA:1,(anonymous_44)
DA:2,1
DA:3,1
DA:4,1
DA:5,1
DA:6,1
DA:7,1
DA:8,1
DA:9,1
DA:10,1
DA:11,1
DA:12,0
DA:14,1
DA:15,0
DA:17,1
DA:18,1
DA:20,0
DA:21,0
DA:24,0
DA:27,1
DA:28,0
DA:29,0
DA:32,1
DA:33,0
DA:34,0
DA:37,1
DA:38,1
DA:39,1
DA:40,51
DA:42,1
DA:43,45
DA:45,1
DA:46,0
DA:48,1
DA:49,46
DA:50,1
DA:51,46
DA:53,1
DA:54,3
DA:56,1
DA:57,55
DA:59,1
DA:60,3
DA:62,1
DA:63,5
DA:65,1
DA:66,39
DA:69,1
DA:70,0
DA:71,0
DA:72,0
DA:73,0
DA:74,0
DA:75,0
DA:76,0
DA:78,1
DA:79,0
DA:80,0
DA:81,0
DA:82,0
DA:84,1
DA:85,0
DA:86,0
DA:88,1
DA:89,0
DA:91,1
DA:92,0
DA:94,1
DA:95,0
DA:97,1
DA:98,0
DA:100,1
DA:101,0
DA:103,1
DA:104,0
DA:106,1
DA:107,0
DA:109,1
DA:110,0
DA:112,1
DA:113,0
DA:114,0
DA:116,1
DA:117,0
DA:119,1
DA:120,0
DA:122,1
DA:123,0
DA:125,1
DA:126,0
DA:128,1
DA:129,16
DA:130,16
DA:131,16
DA:132,1
DA:133,0
DA:134,1
DA:135,1
DA:136,0
DA:137,0
DA:138,0
DA:139,0
DA:140,0
DA:146,0
DA:150,1
DA:151,1
DA:157,16
DA:159,1
DA:160,30
DA:161,30
DA:162,30
DA:163,1
DA:164,1
DA:167,0
DA:170,30
DA:172,1
DA:174,1
DA:175,1
DA:176,1
LF:118
LH:73
BRDA:11,1,0,0
BRDA:11,1,1,1
BRDA:14,2,0,0
BRDA:14,2,1,1
BRDA:17,3,0,1
BRDA:17,3,1,0
BRDA:20,4,0,0
BRDA:20,4,1,0
BRDA:29,5,0,0
BRDA:29,5,1,0
BRDA:34,6,0,0
BRDA:34,6,1,0
BRDA:34,7,0,0
BRDA:34,7,1,0
BRDA:49,8,0,1
BRDA:49,8,1,45
BRDA:66,9,0,39
BRDA:66,9,1,27
BRDA:71,10,0,0
BRDA:71,10,1,0
BRDA:74,11,0,0
BRDA:74,11,1,0
BRDA:120,12,0,0
BRDA:120,12,1,0
BRDA:130,13,0,1
BRDA:130,13,1,15
BRDA:132,14,0,0
BRDA:132,14,1,1
BRDA:135,15,0,0
BRDA:135,15,1,1
BRDA:136,16,0,0
BRDA:136,16,1,0
BRDA:138,17,0,0
BRDA:138,17,1,0
BRDA:138,18,0,0
BRDA:138,18,1,0
BRDA:157,19,0,1
BRDA:157,19,1,15
BRDA:163,20,0,1
BRDA:163,20,1,0
BRDA:170,21,0,0
BRDA:170,21,1,30
BRF:42
BRH:15
end_of_record
TN:
SF:/Users/vadim/Projects/pivot/build/common/models/split-combine/split-combine.js
FN:6,(anonymous_1)
FN:7,SplitCombine
FN:15,(anonymous_3)
FN:18,(anonymous_4)
FN:26,(anonymous_5)
FN:30,(anonymous_6)
FN:56,(anonymous_7)
FN:64,(anonymous_8)
FN:76,(anonymous_9)
FN:79,(anonymous_10)
FN:82,(anonymous_11)
FN:93,(anonymous_12)
FN:97,(anonymous_13)
FN:103,(anonymous_14)
FN:106,(anonymous_15)
FN:111,(anonymous_16)
FN:116,(anonymous_17)
FN:121,(anonymous_18)
FN:125,(anonymous_19)
FN:128,(anonymous_20)
FN:132,(anonymous_21)
FNF:21
FNH:12
FNDA:1,(anonymous_1)
FNDA:49,SplitCombine
FNDA:41,(anonymous_3)
FNDA:0,(anonymous_4)
FNDA:45,(anonymous_5)
FNDA:1,(anonymous_6)
FNDA:4,(anonymous_7)
FNDA:49,(anonymous_8)
FNDA:3,(anonymous_9)
FNDA:8,(anonymous_10)
FNDA:35,(anonymous_11)
FNDA:0,(anonymous_12)
FNDA:0,(anonymous_13)
FNDA:0,(anonymous_14)
FNDA:1,(anonymous_15)
FNDA:0,(anonymous_16)
FNDA:0,(anonymous_17)
FNDA:0,(anonymous_18)
FNDA:1,(anonymous_19)
FNDA:0,(anonymous_20)
FNDA:0,(anonymous_21)
DA:2,1
DA:3,1
DA:4,1
DA:5,1
DA:6,1
DA:7,1
DA:8,49
DA:9,49
DA:10,0
DA:11,49
DA:12,49
DA:13,49
DA:15,1
DA:16,41
DA:18,1
DA:19,0
DA:26,1
DA:27,45
DA:28,1
DA:29,0
DA:30,1
DA:31,1
DA:32,0
DA:33,1
DA:41,44
DA:47,44
DA:48,12
DA:49,44
DA:50,12
DA:51,44
DA:52,12
DA:53,44
DA:56,1
DA:57,4
DA:64,1
DA:65,49
DA:68,49
DA:69,13
DA:70,49
DA:71,12
DA:72,49
DA:73,12
DA:74,49
DA:76,1
DA:77,3
DA:79,1
DA:80,8
DA:82,1
DA:83,35
DA:84,35
DA:93,1
DA:94,0
DA:95,0
DA:97,1
DA:98,0
DA:99,0
DA:100,0
DA:101,0
DA:103,1
DA:104,0
DA:106,1
DA:107,1
DA:108,1
DA:109,1
DA:111,1
DA:112,0
DA:113,0
DA:114,0
DA:116,1
DA:117,0
DA:118,0
DA:119,0
DA:121,1
DA:122,0
DA:123,0
DA:125,1
DA:126,1
DA:128,1
DA:129,0
DA:130,0
DA:132,1
DA:133,0
DA:134,0
DA:135,0
DA:136,0
DA:138,0
DA:140,0
DA:142,0
DA:144,0
DA:146,0
DA:148,0
DA:151,0
DA:153,1
DA:155,1
LF:94
LH:62
BRDA:9,1,0,0
BRDA:9,1,1,49
BRDA:27,2,0,1
BRDA:27,2,1,44
BRDA:28,3,0,0
BRDA:28,3,1,1
BRDA:31,4,0,0
BRDA:31,4,1,1
BRDA:47,5,0,12
BRDA:47,5,1,32
BRDA:49,6,0,12
BRDA:49,6,1,32
BRDA:51,7,0,12
BRDA:51,7,1,32
BRDA:68,8,0,13
BRDA:68,8,1,36
BRDA:70,9,0,12
BRDA:70,9,1,37
BRDA:72,10,0,12
BRDA:72,10,1,37
BRDA:84,11,0,35
BRDA:84,11,1,23
BRDA:84,11,2,19
BRDA:84,11,3,19
BRDA:84,11,4,5
BRDA:84,11,5,19
BRDA:84,11,6,19
BRDA:84,11,7,5
BRDA:84,11,8,19
BRDA:84,11,9,19
BRDA:84,11,10,5
BRDA:95,12,0,0
BRDA:95,12,1,0
BRDA:99,13,0,0
BRDA:99,13,1,0
BRDA:122,14,0,0
BRDA:122,14,1,0
BRDA:130,15,0,0
BRDA:130,15,1,0
BRDA:134,16,0,0
BRDA:134,16,1,0
BRDA:136,17,0,0
BRDA:136,17,1,0
BRDA:136,17,2,0
BRDA:136,17,3,0
BRDA:136,17,4,0
BRDA:136,17,5,0
BRF:47
BRH:28
end_of_record
TN:
SF:/Users/vadim/Projects/pivot/build/common/models/manifest/manifest.js
FN:2,(anonymous_1)
FN:3,Resolve
FN:10,(anonymous_3)
FN:13,(anonymous_4)
FN:16,(anonymous_5)
FN:19,(anonymous_6)
FN:22,(anonymous_7)
FN:25,(anonymous_8)
FN:28,(anonymous_9)
FN:31,(anonymous_10)
FN:34,(anonymous_11)
FNF:11
FNH:2
FNDA:1,(anonymous_1)
FNDA:1,Resolve
FNDA:0,(anonymous_3)
FNDA:0,(anonymous_4)
FNDA:0,(anonymous_5)
FNDA:0,(anonymous_6)
FNDA:0,(anonymous_7)
FNDA:0,(anonymous_8)
FNDA:0,(anonymous_9)
FNDA:0,(anonymous_10)
FNDA:0,(anonymous_11)
DA:2,1
DA:3,1
DA:4,1
DA:5,1
DA:6,1
DA:7,1
DA:8,1
DA:10,1
DA:11,0
DA:13,1
DA:14,0
DA:16,1
DA:17,0
DA:19,1
DA:20,0
DA:22,1
DA:23,0
DA:25,1
DA:26,0
DA:28,1
DA:29,0
DA:31,1
DA:32,0
DA:34,1
DA:35,0
DA:37,1
DA:39,1
DA:40,1
LF:28
LH:19
BRF:0
BRH:0
end_of_record
TN:
SF:/Users/vadim/Projects/pivot/build/common/models/external-view/external-view.mocha.js
FN:4,(anonymous_1)
FN:5,(anonymous_2)
FNF:2
FNH:2
FNDA:1,(anonymous_1)
FNDA:1,(anonymous_2)
DA:2,1
DA:3,1
DA:4,1
DA:5,1
DA:6,1
LF:5
LH:5
BRF:0
BRH:0
end_of_record
TN:
SF:/Users/vadim/Projects/pivot/build/common/models/filter-clause/filter-clause.mocha.js
FN:6,(anonymous_1)
FN:7,(anonymous_2)
FN:77,(anonymous_3)
FN:78,(anonymous_4)
FN:104,(anonymous_5)
FNF:5
FNH:5
FNDA:1,(anonymous_1)
FNDA:1,(anonymous_2)
FNDA:1,(anonymous_3)
FNDA:1,(anonymous_4)
FNDA:1,(anonymous_5)
DA:2,1
DA:3,1
DA:4,1
DA:5,1
DA:6,1
DA:7,1
DA:8,1
DA:77,1
DA:78,1
DA:79,1
DA:87,1
DA:88,1
DA:89,1
DA:104,1
DA:105,1
DA:113,1
DA:114,1
DA:115,1
LF:18
LH:18
BRF:0
BRH:0
end_of_record
TN:
SF:/Users/vadim/Projects/pivot/build/common/models/filter/filter.mocha.js
FN:6,(anonymous_1)
FN:7,(anonymous_2)
FN:85,(anonymous_3)
FN:92,(anonymous_4)
FN:102,(anonymous_5)
FNF:5
FNH:5
FNDA:1,(anonymous_1)
FNDA:1,(anonymous_2)
FNDA:1,(anonymous_3)
FNDA:1,(anonymous_4)
FNDA:1,(anonymous_5)
DA:2,1
DA:3,1
DA:4,1
DA:5,1
DA:6,1
DA:7,1
DA:8,1
DA:85,1
DA:86,1
DA:87,1
DA:92,1
DA:93,1
DA:94,1
DA:95,1
DA:96,1
DA:97,1
DA:98,1
DA:99,1
DA:100,1
DA:102,1
DA:103,1
DA:131,1
LF:22
LH:22
BRF:0
BRH:0
end_of_record
TN:
SF:/Users/vadim/Projects/pivot/build/common/models/highlight/highlight.mocha.js
FN:4,(anonymous_1)
FN:5,(anonymous_2)
FNF:2
FNH:2
FNDA:1,(anonymous_1)
FNDA:1,(anonymous_2)
DA:2,1
DA:3,1
DA:4,1
DA:5,1
DA:6,1
LF:5
LH:5
BRF:0
BRH:0
end_of_record
TN:
SF:/Users/vadim/Projects/pivot/build/common/models/link-item/link-item.mocha.js
FN:7,(anonymous_1)
FN:54,(anonymous_2)
FN:55,(anonymous_3)
FN:60,(anonymous_4)
FN:102,(anonymous_5)
FN:103,(anonymous_6)
FN:104,(anonymous_7)
FN:109,(anonymous_8)
FN:110,(anonymous_9)
FNF:9
FNH:9
FNDA:1,(anonymous_1)
FNDA:22,(anonymous_2)
FNDA:22,(anonymous_3)
FNDA:1,(anonymous_4)
FNDA:1,(anonymous_5)
FNDA:1,(anonymous_6)
FNDA:1,(anonymous_7)
FNDA:1,(anonymous_8)
FNDA:1,(anonymous_9)
DA:2,1
DA:3,1
DA:4,1
DA:5,1
DA:6,1
DA:7,1
DA:8,1
DA:49,1
DA:50,1
DA:55,22
DA:59,1
DA:60,1
DA:61,1
DA:102,1
DA:103,1
DA:104,1
DA:105,1
DA:109,1
DA:110,1
DA:111,1
DA:125,1
LF:21
LH:21
BRF:0
BRH:0
end_of_record
TN:
SF:/Users/vadim/Projects/pivot/build/common/models/link-item/link-item.js
FN:6,(anonymous_1)
FN:7,LinkItem
FN:17,(anonymous_3)
FN:20,(anonymous_4)
FN:25,(anonymous_5)
FN:38,(anonymous_6)
FN:48,(anonymous_7)
FN:58,(anonymous_8)
FN:61,(anonymous_9)
FN:64,(anonymous_10)
FNF:10
FNH:10
FNDA:1,(anonymous_1)
FNDA:18,LinkItem
FNDA:22,(anonymous_3)
FNDA:17,(anonymous_4)
FNDA:16,(anonymous_5)
FNDA:2,(anonymous_6)
FNDA:19,(anonymous_7)
FNDA:2,(anonymous_8)
FNDA:2,(anonymous_9)
FNDA:17,(anonymous_10)
DA:2,1
DA:3,1
DA:4,1
DA:5,1
DA:6,1
DA:7,1
DA:8,18
DA:9,18
DA:10,18
DA:11,18
DA:12,18
DA:13,18
DA:14,18
DA:15,18
DA:17,1
DA:18,22
DA:20,1
DA:21,17
DA:22,1
DA:23,16
DA:24,16
DA:25,16
DA:26,16
DA:27,0
DA:28,16
DA:29,16
DA:38,1
DA:39,2
DA:48,1
DA:49,19
DA:58,1
DA:59,2
DA:61,1
DA:62,2
DA:64,1
DA:65,17
DA:73,1
DA:75,1
DA:76,1
LF:39
LH:38
BRDA:11,1,0,18
BRDA:11,1,1,0
BRDA:12,2,0,18
BRDA:12,2,1,0
BRDA:21,3,0,1
BRDA:21,3,1,16
BRDA:26,4,0,0
BRDA:26,4,1,16
BRDA:65,5,0,17
BRDA:65,5,1,9
BRDA:65,5,2,9
BRDA:65,5,3,9
BRDA:65,5,4,9
BRDA:65,5,5,9
BRDA:65,5,6,9
BRF:15
BRH:12
end_of_record
TN:
SF:/Users/vadim/Projects/pivot/build/common/models/link-view-config/link-view-config.mocha.js
FN:6,(anonymous_1)
FN:53,(anonymous_2)
FN:54,(anonymous_3)
FN:59,(anonymous_4)
FNF:4
FNH:4
FNDA:1,(anonymous_1)
FNDA:10,(anonymous_2)
FNDA:10,(anonymous_3)
FNDA:1,(anonymous_4)
DA:2,1
DA:3,1
DA:4,1
DA:5,1
DA:6,1
DA:7,1
DA:48,1
DA:49,1
DA:54,10
DA:58,1
DA:59,1
DA:60,1
LF:12
LH:12
BRF:0
BRH:0
end_of_record
TN:
SF:/Users/vadim/Projects/pivot/build/common/models/link-view-config/link-view-config.js
FN:7,(anonymous_1)
FN:8,LinkViewConfig
FN:12,(anonymous_3)
FN:15,(anonymous_4)
FN:18,(anonymous_5)
FN:21,(anonymous_6)
FN:27,(anonymous_7)
FN:30,(anonymous_8)
FN:33,(anonymous_9)
FN:36,(anonymous_10)
FN:39,(anonymous_11)
FN:44,(anonymous_12)
FN:47,(anonymous_13)
FN:48,(anonymous_14)
FNF:14
FNH:11
FNDA:1,(anonymous_1)
FNDA:6,LinkViewConfig
FNDA:11,(anonymous_3)
FNDA:5,(anonymous_4)
FNDA:5,(anonymous_5)
FNDA:1,(anonymous_6)
FNDA:6,(anonymous_7)
FNDA:6,(anonymous_8)
FNDA:1,(anonymous_9)
FNDA:1,(anonymous_10)
FNDA:7,(anonymous_11)
FNDA:0,(anonymous_12)
FNDA:0,(anonymous_13)
FNDA:0,(anonymous_14)
DA:2,1
DA:3,1
DA:4,1
DA:5,1
DA:6,1
DA:7,1
DA:8,1
DA:9,6
DA:10,6
DA:12,1
DA:13,11
DA:15,1
DA:16,5
DA:18,5
DA:21,1
DA:22,1
DA:27,1
DA:28,6
DA:30,6
DA:33,1
DA:34,1
DA:36,1
DA:37,1
DA:39,1
DA:40,7
DA:44,1
DA:45,0
DA:47,1
DA:48,0
DA:50,1
DA:52,1
DA:53,1
LF:32
LH:30
BRDA:40,1,0,7
BRDA:40,1,1,3
BRDA:40,1,2,3
BRF:3
BRH:3
end_of_record
TN:
SF:/Users/vadim/Projects/pivot/build/common/models/max-time/max-time.mocha.js
FN:4,(anonymous_1)
FN:5,(anonymous_2)
FNF:2
FNH:2
FNDA:1,(anonymous_1)
FNDA:1,(anonymous_2)
DA:2,1
DA:3,1
DA:4,1
DA:5,1
DA:6,1
LF:5
LH:5
BRF:0
BRH:0
end_of_record
TN:
SF:/Users/vadim/Projects/pivot/build/common/models/measure/measure.mocha.js
FN:6,(anonymous_1)
FN:7,(anonymous_2)
FN:21,(anonymous_3)
FN:22,(anonymous_4)
FN:35,(anonymous_5)
FN:57,(anonymous_6)
FN:70,(anonymous_7)
FN:92,(anonymous_8)
FN:105,(anonymous_9)
FN:127,(anonymous_10)
FN:133,(anonymous_11)
FN:175,(anonymous_12)
FN:181,(anonymous_13)
FNF:13
FNH:13
FNDA:1,(anonymous_1)
FNDA:1,(anonymous_2)
FNDA:1,(anonymous_3)
FNDA:1,(anonymous_4)
FNDA:1,(anonymous_5)
FNDA:1,(anonymous_6)
FNDA:1,(anonymous_7)
FNDA:1,(anonymous_8)
FNDA:1,(anonymous_9)
FNDA:1,(anonymous_10)
FNDA:2,(anonymous_11)
FNDA:1,(anonymous_12)
FNDA:1,(anonymous_13)
DA:2,1
DA:3,1
DA:4,1
DA:5,1
DA:6,1
DA:7,1
DA:8,1
DA:21,1
DA:22,1
DA:23,1
DA:35,1
DA:36,1
DA:57,1
DA:58,1
DA:70,1
DA:71,1
DA:92,1
DA:93,1
DA:105,1
DA:106,1
DA:127,1
DA:128,1
DA:133,2
DA:134,1
DA:175,1
DA:176,1
DA:181,1
DA:182,1
LF:28
LH:28
BRF:0
BRH:0
end_of_record
TN:
SF:/Users/vadim/Projects/pivot/build/common/models/refresh-rule/refresh-rule.mocha.js
FN:5,(anonymous_1)
FN:6,(anonymous_2)
FN:26,(anonymous_3)
FN:27,(anonymous_4)
FN:33,(anonymous_5)
FNF:5
FNH:5
FNDA:1,(anonymous_1)
FNDA:1,(anonymous_2)
FNDA:1,(anonymous_3)
FNDA:1,(anonymous_4)
FNDA:1,(anonymous_5)
DA:2,1
DA:3,1
DA:4,1
DA:5,1
DA:6,1
DA:7,1
DA:26,1
DA:27,1
DA:28,1
DA:33,1
DA:34,1
LF:11
LH:11
BRF:0
BRH:0
end_of_record
TN:
SF:/Users/vadim/Projects/pivot/build/common/models/sort-on/sort-on.mocha.js
FN:5,(anonymous_1)
FN:6,(anonymous_2)
FNF:2
FNH:2
FNDA:1,(anonymous_1)
FNDA:1,(anonymous_2)
DA:2,1
DA:3,1
DA:4,1
DA:5,1
DA:6,1
DA:7,1
LF:6
LH:6
BRF:0
BRH:0
end_of_record
TN:
SF:/Users/vadim/Projects/pivot/build/common/models/sort-on/sort-on.js
FN:7,(anonymous_1)
FN:8,SortOn
FN:12,(anonymous_3)
FN:15,(anonymous_4)
FN:18,(anonymous_5)
FN:21,(anonymous_6)
FN:24,(anonymous_7)
FN:27,(anonymous_8)
FN:30,(anonymous_9)
FN:39,(anonymous_10)
FN:49,(anonymous_11)
FN:55,(anonymous_12)
FN:65,(anonymous_13)
FN:68,(anonymous_14)
FN:71,(anonymous_15)
FN:75,(anonymous_16)
FN:79,(anonymous_17)
FN:83,(anonymous_18)
FNF:18
FNH:10
FNDA:1,(anonymous_1)
FNDA:19,SortOn
FNDA:30,(anonymous_3)
FNDA:0,(anonymous_4)
FNDA:0,(anonymous_5)
FNDA:0,(anonymous_6)
FNDA:0,(anonymous_7)
FNDA:0,(anonymous_8)
FNDA:0,(anonymous_9)
FNDA:16,(anonymous_10)
FNDA:3,(anonymous_11)
FNDA:18,(anonymous_12)
FNDA:3,(anonymous_13)
FNDA:3,(anonymous_14)
FNDA:24,(anonymous_15)
FNDA:3,(anonymous_16)
FNDA:0,(anonymous_17)
FNDA:0,(anonymous_18)
DA:2,1
DA:3,1
DA:4,1
DA:5,1
DA:6,1
DA:7,1
DA:8,1
DA:9,19
DA:10,19
DA:12,1
DA:13,30
DA:15,1
DA:16,0
DA:18,1
DA:19,0
DA:21,1
DA:22,0
DA:24,1
DA:25,0
DA:27,1
DA:28,0
DA:30,1
DA:31,0
DA:32,0
DA:33,0
DA:34,0
DA:35,0
DA:36,0
DA:37,0
DA:39,1
DA:40,16
DA:41,16
DA:42,6
DA:45,10
DA:47,16
DA:49,1
DA:50,3
DA:55,1
DA:56,18
DA:57,18
DA:58,6
DA:61,12
DA:63,18
DA:65,1
DA:66,3
DA:68,1
DA:69,3
DA:71,1
DA:72,24
DA:75,1
DA:76,3
DA:77,3
DA:79,1
DA:80,0
DA:81,0
DA:83,1
DA:84,0
DA:85,0
DA:87,1
DA:89,1
DA:90,1
LF:61
LH:45
BRDA:16,1,0,0
BRDA:16,1,1,0
BRDA:31,2,0,0
BRDA:31,2,1,0
BRDA:35,3,0,0
BRDA:35,3,1,0
BRDA:41,4,0,6
BRDA:41,4,1,10
BRDA:57,5,0,6
BRDA:57,5,1,12
BRDA:72,6,0,24
BRDA:72,6,1,12
BRDA:73,7,0,3
BRDA:73,7,1,9
BRDA:77,8,0,2
BRDA:77,8,1,1
BRDA:81,9,0,0
BRDA:81,9,1,0
BRDA:85,10,0,0
BRDA:85,10,1,0
BRF:20
BRH:10
end_of_record
TN:
SF:/Users/vadim/Projects/pivot/build/common/models/split-combine/split-combine.mocha.js
FN:4,(anonymous_1)
FN:5,(anonymous_2)
FNF:2
FNH:2
FNDA:1,(anonymous_1)
FNDA:1,(anonymous_2)
DA:2,1
DA:3,1
DA:4,1
DA:5,1
DA:6,1
LF:5
LH:5
BRF:0
BRH:0
end_of_record
TN:
SF:/Users/vadim/Projects/pivot/build/common/models/splits/splits.mocha.js
FN:4,(anonymous_1)
FN:5,(anonymous_2)
FNF:2
FNH:2
FNDA:1,(anonymous_1)
FNDA:1,(anonymous_2)
DA:2,1
DA:3,1
DA:4,1
DA:5,1
DA:6,1
LF:5
LH:5
BRF:0
BRH:0
end_of_record
TN:
SF:/Users/vadim/Projects/pivot/build/common/models/stage/stage.mocha.js
FN:4,(anonymous_1)
FN:5,(anonymous_2)
FNF:2
FNH:2
FNDA:1,(anonymous_1)
FNDA:1,(anonymous_2)
DA:2,1
DA:3,1
DA:4,1
DA:5,1
DA:6,1
LF:5
LH:5
BRF:0
BRH:0
end_of_record
TN:
SF:/Users/vadim/Projects/pivot/build/common/models/stage/stage.js
FN:4,(anonymous_1)
FN:5,Stage
FN:11,(anonymous_3)
FN:14,(anonymous_4)
FN:22,(anonymous_5)
FN:30,(anonymous_6)
FN:38,(anonymous_7)
FN:46,(anonymous_8)
FN:54,(anonymous_9)
FN:57,(anonymous_10)
FN:65,(anonymous_11)
FN:68,(anonymous_12)
FN:75,(anonymous_13)
FN:78,(anonymous_14)
FN:81,(anonymous_15)
FN:87,(anonymous_16)
FN:93,(anonymous_17)
FN:101,(anonymous_18)
FNF:18
FNH:9
FNDA:1,(anonymous_1)
FNDA:19,Stage
FNDA:30,(anonymous_3)
FNDA:16,(anonymous_4)
FNDA:0,(anonymous_5)
FNDA:0,(anonymous_6)
FNDA:3,(anonymous_7)
FNDA:18,(anonymous_8)
FNDA:3,(anonymous_9)
FNDA:0,(anonymous_10)
FNDA:3,(anonymous_11)
FNDA:24,(anonymous_12)
FNDA:0,(anonymous_13)
FNDA:0,(anonymous_14)
FNDA:0,(anonymous_15)
FNDA:0,(anonymous_16)
FNDA:0,(anonymous_17)
FNDA:0,(anonymous_18)
DA:2,1
DA:3,1
DA:4,1
DA:5,1
DA:6,19
DA:7,19
DA:8,19
DA:9,19
DA:11,1
DA:12,30
DA:14,1
DA:15,16
DA:22,1
DA:23,0
DA:30,1
DA:31,0
DA:38,1
DA:39,3
DA:46,1
DA:47,18
DA:54,1
DA:55,3
DA:57,1
DA:58,0
DA:65,1
DA:66,3
DA:68,1
DA:69,24
DA:75,1
DA:76,0
DA:78,1
DA:79,0
DA:81,1
DA:82,0
DA:87,1
DA:88,0
DA:93,1
DA:94,0
DA:101,1
DA:102,0
DA:103,0
DA:104,0
DA:105,0
DA:106,0
DA:108,0
DA:109,0
DA:111,0
DA:112,0
DA:113,0
DA:115,0
DA:116,0
DA:118,0
DA:120,1
DA:122,1
DA:123,1
LF:55
LH:34
BRDA:69,1,0,24
BRDA:69,1,1,12
BRDA:69,1,2,12
BRDA:69,1,3,10
BRDA:69,1,4,10
BRDA:104,2,0,0
BRDA:104,2,1,0
BRDA:108,3,0,0
BRDA:108,3,1,0
BRDA:111,4,0,0
BRDA:111,4,1,0
BRDA:115,5,0,0
BRDA:115,5,1,0
BRF:13
BRH:5
end_of_record
TN:
SF:/Users/vadim/Projects/pivot/build/common/utils/formatter/formatter.mocha.js
FN:4,(anonymous_1)
FN:5,(anonymous_2)
FN:6,(anonymous_3)
FN:10,(anonymous_4)
FN:15,(anonymous_5)
FN:16,(anonymous_6)
FN:21,(anonymous_7)
FN:27,(anonymous_8)
FNF:8
FNH:8
FNDA:1,(anonymous_1)
FNDA:1,(anonymous_2)
FNDA:1,(anonymous_3)
FNDA:1,(anonymous_4)
FNDA:1,(anonymous_5)
FNDA:1,(anonymous_6)
FNDA:1,(anonymous_7)
FNDA:1,(anonymous_8)
DA:2,1
DA:3,1
DA:4,1
DA:5,1
DA:6,1
DA:7,1
DA:8,1
DA:10,1
DA:11,1
DA:12,1
DA:15,1
DA:16,1
DA:17,1
DA:18,1
DA:19,1
DA:21,1
DA:22,1
DA:23,1
DA:24,1
DA:25,1
DA:27,1
DA:28,1
DA:29,1
DA:30,1
DA:31,1
LF:25
LH:25
BRF:0
BRH:0
end_of_record
TN:
SF:/Users/vadim/Projects/pivot/build/common/utils/formatter/formatter.js
FN:24,getMiddleNumber
FN:34,(anonymous_2)
FN:42,formatterFromData
FN:53,(anonymous_4)
FN:60,(anonymous_5)
FN:68,formatLabel
FNF:6
FNH:4
FNDA:5,getMiddleNumber
FNDA:21,(anonymous_2)
FNDA:3,formatterFromData
FNDA:5,(anonymous_4)
FNDA:0,(anonymous_5)
FNDA:0,formatLabel
DA:2,1
DA:3,1
DA:4,1
DA:24,1
DA:25,5
DA:26,5
DA:27,36
DA:28,36
DA:29,10
DA:30,26
DA:32,5
DA:33,5
DA:34,21
DA:35,5
DA:38,0
DA:41,1
DA:42,1
DA:43,3
DA:44,3
DA:45,3
DA:46,3
DA:47,3
DA:48,3
DA:49,3
DA:50,3
DA:51,3
DA:52,3
DA:53,3
DA:54,5
DA:55,0
DA:56,5
DA:60,0
DA:61,0
DA:62,0
DA:63,0
DA:67,1
DA:68,1
DA:69,0
DA:70,0
DA:71,0
DA:75,0
DA:76,0
DA:79,0
DA:80,0
DA:82,0
DA:84,0
DA:85,0
DA:86,0
DA:87,0
DA:90,0
DA:92,0
DA:94,0
DA:96,0
DA:98,1
LF:54
LH:32
BRDA:28,1,0,10
BRDA:28,1,1,26
BRDA:28,2,0,36
BRDA:28,2,1,26
BRDA:28,2,2,26
BRDA:33,3,0,5
BRDA:33,3,1,0
BRDA:44,4,0,3
BRDA:44,4,1,0
BRDA:50,5,0,3
BRDA:50,5,1,1
BRDA:52,6,0,2
BRDA:52,6,1,1
BRDA:54,7,0,0
BRDA:54,7,1,5
BRDA:54,8,0,5
BRDA:54,8,1,5
BRDA:61,9,0,0
BRDA:61,9,1,0
BRDA:61,10,0,0
BRDA:61,10,1,0
BRDA:71,11,0,0
BRDA:71,11,1,0
BRDA:71,11,2,0
BRDA:71,11,3,0
BRDA:71,11,4,0
BRDA:75,12,0,0
BRDA:75,12,1,0
BRDA:80,13,0,0
BRDA:80,13,1,0
BRDA:86,14,0,0
BRDA:86,14,1,0
BRF:32
BRH:14
end_of_record
TN:
SF:/Users/vadim/Projects/pivot/build/client/utils/date/date.js
FN:8,formatTimeOfDay
FN:11,isCurrentYear
FN:15,(anonymous_3)
FN:21,formatTimeRange
FNF:4
FNH:1
FNDA:0,formatTimeOfDay
FNDA:0,isCurrentYear
FNDA:1,(anonymous_3)
FNDA:0,formatTimeRange
DA:2,1
DA:3,1
DA:4,1
DA:5,1
DA:6,1
DA:7,1
DA:8,1
DA:9,0
DA:11,1
DA:12,0
DA:13,0
DA:15,1
DA:16,1
DA:17,1
DA:18,1
DA:20,1
DA:21,1
DA:22,0
DA:23,0
DA:24,0
DA:25,0
DA:26,0
DA:27,0
DA:28,0
DA:29,0
DA:32,0
DA:33,0
DA:34,0
DA:35,0
DA:38,0
DA:41,0
DA:42,0
DA:43,0
DA:44,0
DA:45,0
DA:46,0
DA:49,0
DA:50,0
DA:52,0
DA:55,0
DA:57,1
LF:41
LH:15
BRDA:9,1,0,0
BRDA:9,1,1,0
BRDA:19,2,0,1
BRDA:19,2,1,1
BRDA:28,3,0,0
BRDA:28,3,1,0
BRDA:32,4,0,0
BRDA:32,4,1,0
BRDA:32,4,2,0
BRDA:33,5,0,0
BRDA:33,5,1,0
BRDA:34,6,0,0
BRDA:34,6,1,0
BRDA:34,7,0,0
BRDA:34,7,1,0
BRDA:41,8,0,0
BRDA:41,8,1,0
BRDA:41,9,0,0
BRDA:41,9,1,0
BRDA:41,9,2,0
BRDA:41,9,3,0
BRDA:42,10,0,0
BRDA:42,10,1,0
BRDA:45,11,0,0
BRDA:45,11,1,0
BRDA:49,12,0,0
BRDA:49,12,1,0
BRF:27
BRH:2
end_of_record
TN:
SF:/Users/vadim/Projects/pivot/build/common/utils/general/general.mocha.js
FN:5,(anonymous_1)
FN:6,(anonymous_2)
FN:7,(anonymous_3)
FN:11,(anonymous_4)
FN:15,(anonymous_5)
FN:19,(anonymous_6)
FN:23,(anonymous_7)
FN:28,(anonymous_8)
FN:29,(anonymous_9)
FN:32,(anonymous_10)
FN:33,(anonymous_11)
FN:38,(anonymous_12)
FN:39,(anonymous_13)
FN:42,(anonymous_14)
FN:45,(anonymous_15)
FN:48,(anonymous_16)
FN:51,(anonymous_17)
FNF:17
FNH:17
FNDA:1,(anonymous_1)
FNDA:1,(anonymous_2)
FNDA:1,(anonymous_3)
FNDA:1,(anonymous_4)
FNDA:1,(anonymous_5)
FNDA:1,(anonymous_6)
FNDA:1,(anonymous_7)
FNDA:1,(anonymous_8)
FNDA:1,(anonymous_9)
FNDA:1,(anonymous_10)
FNDA:1,(anonymous_11)
FNDA:1,(anonymous_12)
FNDA:1,(anonymous_13)
FNDA:1,(anonymous_14)
FNDA:1,(anonymous_15)
FNDA:1,(anonymous_16)
FNDA:1,(anonymous_17)
DA:2,1
DA:3,1
DA:4,1
DA:5,1
DA:6,1
DA:7,1
DA:8,1
DA:9,1
DA:11,1
DA:12,1
DA:13,1
DA:15,1
DA:16,1
DA:17,1
DA:19,1
DA:20,1
DA:21,1
DA:23,1
DA:24,1
DA:25,1
DA:28,1
DA:29,1
DA:30,1
DA:32,1
DA:33,1
DA:34,1
DA:38,1
DA:39,1
DA:40,1
DA:42,1
DA:43,1
DA:45,1
DA:46,1
DA:48,1
DA:49,1
DA:51,1
DA:52,1
LF:37
LH:37
BRF:0
BRH:0
end_of_record
